<?xml version="1.0" encoding="UTF-8"?>
<!-- Generated by org.testng.reporters.JUnitXMLReporter -->
<testsuite hostname="Arbiya-Maitems" name="Default test" tests="2" failures="0" timestamp="25 Jan 2018 11:49:16 GMT" time="165.201" errors="0">
  <testcase name="verifyOrderClosedButtonFunctionality" time="76.343" classname="c2info_OrderBuk_OrderInvoicedTCs.TC_003_VerifyOrderClosedButton"/>
  <testcase name="verifyOrderClosedButtonMsg" time="69.196" classname="c2info_OrderBuk_OrderInvoicedTCs.TC_003_VerifyOrderClosedButton"/>
</testsuite> <!-- Default test -->
