<?xml version="1.0" encoding="UTF-8"?>
<!-- Generated by org.testng.reporters.JUnitXMLReporter -->
<testsuite hostname="ChethanBidare-pc" ignored="0" name="Test" tests="25" failures="5" timestamp="19 Jan 2018 06:50:38 GMT" time="819.335" errors="0">
  <testcase name="loginWithValidData" time="5.337" classname="c2info_OrderBuk_LoginTest.TC_001_LoginTestWithValidData">
    <failure type="java.lang.AssertionError" message="expected [Dashboard] but found [Login]">
      <![CDATA[java.lang.AssertionError: expected [Dashboard] but found [Login]
	at c2info_OrderBuk_LoginTest.TC_001_LoginTestWithValidData.loginWithValidData(TC_001_LoginTestWithValidData.java:29)
... Removed 31 stack frames]]>
    </failure>
  </testcase> <!-- loginWithValidData -->
  <testcase name="verifyAllBucketlinks" time="58.152" classname="c2info_OrderBuk_DashboardTCs.TC_001_VerifyAllBucketLinks">
    <failure type="java.lang.IllegalArgumentException" message="Cannot format given Object as a Date">
      <![CDATA[java.lang.IllegalArgumentException: Cannot format given Object as a Date
	at java.text.DateFormat.format(DateFormat.java:310)
	at java.text.Format.format(Format.java:157)
	at c2info_OrderBuk_TestBase.TestBase.getScreenshot(TestBase.java:144)
	at c2info_OrderBuk_DashboardTCs.TC_001_VerifyAllBucketLinks.verifyAllBucketlinks(TC_001_VerifyAllBucketLinks.java:41)
... Removed 25 stack frames]]>
    </failure>
  </testcase> <!-- verifyAllBucketlinks -->
  <testcase name="verifyOrderCountToBeVerified" time="17.711" classname="c2info_OrderBuk_DashboardTCs.TC_002_VerifyOrderCountInEachbucket"/>
  <testcase name="verifyLogoutInDashboard" time="70.805" classname="c2info_OrderBuk_DashboardTCs.TC_003_VerifyLogOut"/>
  <testcase name="verifyUserName" time="9.214" classname="c2info_OrderBuk_DashboardTCs.TC_004_Verify_UserName">
    <failure type="java.lang.AssertionError" message="expected [Welcome UAT00PUAT00P] but found [Welcome UAT00P]">
      <![CDATA[java.lang.AssertionError: expected [Welcome UAT00PUAT00P] but found [Welcome UAT00P]
	at c2info_OrderBuk_DashboardTCs.TC_004_Verify_UserName.verifyUserName(TC_004_Verify_UserName.java:32)
... Removed 31 stack frames]]>
    </failure>
  </testcase> <!-- verifyUserName -->
  <testcase name="verifyDashboardLinkInMenuSlider" time="6.209" classname="c2info_OrderBuk_DashboardTCs.TC_005_Verify_MenuSliderIcons"/>
  <testcase name="verifyInvalidOrder" time="5.545" classname="c2info_OrderBuk_ToBeVerifiedTCs.TC_001_VerifyInvalidOrder"/>
  <testcase name="verifyImageInPrescriptionPage" time="10.686" classname="c2info_OrderBuk_ToBeVerifiedTCs.TC_002_VerifyImageExistance"/>
  <testcase name="verifyValidButtonInPrescriptionPage" time="8.183" classname="c2info_OrderBuk_ToBeVerifiedTCs.TC_003_VerifyValidButton"/>
  <testcase name="verifyInvalidButton" time="9.627" classname="c2info_OrderBuk_ToBeVerifiedTCs.TC_004_VerifyInvalidButton"/>
  <testcase name="verifySubmitButtonFunctionality" time="42.672" classname="c2info_OrderBuk_ToBeVerifiedTCs.TC_005_VerifySubmitButtonInDigitizePage"/>
  <testcase name="VerifyOrderPushedToReadyForOrder" time="55.036" classname="c2info_OrderBuk_ToBeVerifiedTCs.TC_006_VerifyOnSubmitReadyForOrder"/>
  <testcase name="verifyDosage" time="0.001" classname="c2info_OrderBuk_ToBeVerifiedTCs.TC_007_VerifyDoseAsUnit"/>
  <testcase name="verifyItemsAddedInTBV" time="55.768" classname="c2info_OrderBuk_ReadyForOrderTCs.TC_001_VerifyItemsAddedFromTBV"/>
  <testcase name="verifyOrderIDIsNotNull" time="9.743" classname="c2info_OrderBuk_ReadyForOrderTCs.TC_002_VerifyDetailsExistence"/>
  <testcase name="verifySubTotalAmt" time="11.125" classname="c2info_OrderBuk_ReadyForOrderTCs.TC_003_VerifySubTotalwithItemWiseAmt"/>
  <testcase name="verifyGrandTotal" time="16.424" classname="c2info_OrderBuk_ReadyForOrderTCs.TC_004_VerifyGrandTotalAmt"/>
  <testcase name="verifyConfirmButtonFunctionality" time="23.624" classname="c2info_OrderBuk_ReadyForOrderTCs.TC_005_VerifyConfirmBtn">
    <failure type="java.lang.AssertionError" message="expected [ORDER CONFIRMED] but found [READY FOR ORDER]">
      <![CDATA[java.lang.AssertionError: expected [ORDER CONFIRMED] but found [READY FOR ORDER]
	at c2info_OrderBuk_ReadyForOrderTCs.TC_005_VerifyConfirmBtn.verifyConfirmButtonFunctionality(TC_005_VerifyConfirmBtn.java:45)
... Removed 31 stack frames]]>
    </failure>
  </testcase> <!-- verifyConfirmButtonFunctionality -->
  <testcase name="verifyCancelButtonFunctionality" time="18.481" classname="c2info_OrderBuk_ReadyForOrderTCs.TC_006_VerifyCancelButton"/>
  <testcase name="verifyReverifybutton" time="19.35" classname="c2info_OrderBuk_ReadyForOrderTCs.TC_007_VerifyReverifyButton">
    <failure type="java.lang.AssertionError" message="expected [TO BE VERIFIED] but found [Customer Confirmed Verification Pending]">
      <![CDATA[java.lang.AssertionError: expected [TO BE VERIFIED] but found [Customer Confirmed Verification Pending]
	at c2info_OrderBuk_ReadyForOrderTCs.TC_007_VerifyReverifyButton.verifyReverifybutton(TC_007_VerifyReverifyButton.java:45)
... Removed 31 stack frames]]>
    </failure>
  </testcase> <!-- verifyReverifybutton -->
  <testcase name="deselectAllitemsAndCOnfirmOrder" time="14.786" classname="c2info_OrderBuk_ReadyForOrderTCs.TC_008_VerifyByDeselectingAllItemsAndConfirm"/>
  <testcase name="verifyImageInPrescriptionPage" time="10.064" classname="c2info_OrderBuk_CustConfirmedveriPendingTCs.TC_001_VerifyImageExistance"/>
  <testcase name="verifyValidButtonInPrescriptionPage" time="14.126" classname="c2info_OrderBuk_CustConfirmedveriPendingTCs.TC_002_VerifyValidButton"/>
  <testcase name="verifyInvalidButton" time="12.458" classname="c2info_OrderBuk_CustConfirmedveriPendingTCs.TC_003_VerifyInvalidButton"/>
  <testcase name="verifyOrderIDIsNotNull" time="10.087" classname="c2info_OrderBuk_CustConfirmedveriPendingTCs.TC_004_VerifyCustomerDetailsExistence"/>
</testsuite> <!-- Test -->
