<?xml version="1.0" encoding="UTF-8"?>
<!-- Generated by org.testng.reporters.JUnitXMLReporter -->
<testsuite hostname="ChethanBidare-pc" ignored="1" name="Test" tests="41" failures="11" timestamp="03 Sep 2018 05:45:13 GMT" time="1657.549" errors="0">
  <testcase name="loginWithValidData" time="15.423" classname="c2info_OrderBuk_LoginTest.TC_001_LoginTestWithValidData"/>
  <testcase name="verifyAllBucketlinks" time="63.231" classname="c2info_OrderBuk_DashboardTCs.TC_001_VerifyAllBucketLinks"/>
  <testcase name="verifyOrderCountToBeVerified" time="17.704" classname="c2info_OrderBuk_DashboardTCs.TC_002_VerifyOrderCountInEachbucket">
    <failure type="java.lang.AssertionError" message="expected [122] but found [70]">
      <![CDATA[java.lang.AssertionError: expected [122] but found [70]
at c2info_OrderBuk_DashboardTCs.TC_002_VerifyOrderCountInEachbucket.verifyOrderCountToBeVerified(TC_002_VerifyOrderCountInEachbucket.java:39)
... Removed 31 stack frames]]>
    </failure>
  </testcase> <!-- verifyOrderCountToBeVerified -->
  <testcase name="verifyLogoutInDashboard" time="72.441" classname="c2info_OrderBuk_DashboardTCs.TC_003_VerifyLogOut"/>
  <testcase name="verifyUserName" time="11.031" classname="c2info_OrderBuk_DashboardTCs.TC_004_Verify_UserName">
    <failure type="java.lang.AssertionError" message="expected [e UAT00PUAT00P] but found [Welcome UAT00P]">
      <![CDATA[java.lang.AssertionError: expected [e UAT00PUAT00P] but found [Welcome UAT00P]
at c2info_OrderBuk_DashboardTCs.TC_004_Verify_UserName.verifyUserName(TC_004_Verify_UserName.java:34)
... Removed 31 stack frames]]>
    </failure>
  </testcase> <!-- verifyUserName -->
  <testcase name="verifyDashboardLinkInMenuSlider" time="11.957" classname="c2info_OrderBuk_DashboardTCs.TC_005_Verify_MenuSliderIcons"/>
  <testcase name="verifyManageUsersLinkInMenuSlider" time="1.093" classname="c2info_OrderBuk_DashboardTCs.TC_005_Verify_MenuSliderIcons"/>
  <testcase name="verifyManageCustomersLinkInMenuSlider" time="0.943" classname="c2info_OrderBuk_DashboardTCs.TC_005_Verify_MenuSliderIcons"/>
  <testcase name="verifyImageUploadInMenuSlider" time="0.959" classname="c2info_OrderBuk_DashboardTCs.TC_005_Verify_MenuSliderIcons"/>
  <testcase name="verifyImageInMenuSlider" time="0.106" classname="c2info_OrderBuk_DashboardTCs.TC_005_Verify_MenuSliderIcons">
    <failure type="org.openqa.selenium.ElementNotVisibleException" message="element not visible
  (Session info: chrome=68.0.3440.106)
  (Driver info: chromedriver=2.36.540470 (e522d04694c7ebea4ba8821272dbef4f9b818c91),platform=Windows NT 10.0.17134 x86_64) (WARNING: The server did not provide any stacktrace information)
Command duration or timeout: 26 milliseconds
Build info: version: &amp;apos;2.53.1&amp;apos;, revision: &amp;apos;a36b8b1cd5757287168e54b817830adce9b0158d&amp;apos;, time: &amp;apos;2016-06-30 19:26:09&amp;apos;
System info: host: &amp;apos;ChethanBidare-pc&amp;apos;, ip: &amp;apos;172.16.18.217&amp;apos;, os.name: &amp;apos;Windows 10&amp;apos;, os.arch: &amp;apos;amd64&amp;apos;, os.version: &amp;apos;10.0&amp;apos;, java.version: &amp;apos;1.8.0_144&amp;apos;
Driver info: org.openqa.selenium.chrome.ChromeDriver
Capabilities [{applicationCacheEnabled=false, rotatable=false, mobileEmulationEnabled=false, networkConnectionEnabled=false, chrome={chromedriverVersion=2.36.540470 (e522d04694c7ebea4ba8821272dbef4f9b818c91), userDataDir=C:\Users\User1\AppData\Local\Temp\scoped_dir6452_15809}, takesHeapSnapshot=true, pageLoadStrategy=normal, databaseEnabled=false, handlesAlerts=true, hasTouchScreen=false, version=68.0.3440.106, platform=XP, browserConnectionEnabled=false, nativeEvents=true, acceptSslCerts=false, acceptInsecureCerts=false, locationContextEnabled=true, webStorageEnabled=true, browserName=chrome, takesScreenshot=true, javascriptEnabled=true, cssSelectorsEnabled=true, setWindowRect=true, unexpectedAlertBehaviour=}]
Session ID: b73726c2a5834cac82be45874040941b">
      <![CDATA[org.openqa.selenium.ElementNotVisibleException: element not visible
  (Session info: chrome=68.0.3440.106)
  (Driver info: chromedriver=2.36.540470 (e522d04694c7ebea4ba8821272dbef4f9b818c91),platform=Windows NT 10.0.17134 x86_64) (WARNING: The server did not provide any stacktrace information)
Command duration or timeout: 26 milliseconds
Build info: version: '2.53.1', revision: 'a36b8b1cd5757287168e54b817830adce9b0158d', time: '2016-06-30 19:26:09'
System info: host: 'ChethanBidare-pc', ip: '172.16.18.217', os.name: 'Windows 10', os.arch: 'amd64', os.version: '10.0', java.version: '1.8.0_144'
Driver info: org.openqa.selenium.chrome.ChromeDriver
Capabilities [{applicationCacheEnabled=false, rotatable=false, mobileEmulationEnabled=false, networkConnectionEnabled=false, chrome={chromedriverVersion=2.36.540470 (e522d04694c7ebea4ba8821272dbef4f9b818c91), userDataDir=C:\Users\User1\AppData\Local\Temp\scoped_dir6452_15809}, takesHeapSnapshot=true, pageLoadStrategy=normal, databaseEnabled=false, handlesAlerts=true, hasTouchScreen=false, version=68.0.3440.106, platform=XP, browserConnectionEnabled=false, nativeEvents=true, acceptSslCerts=false, acceptInsecureCerts=false, locationContextEnabled=true, webStorageEnabled=true, browserName=chrome, takesScreenshot=true, javascriptEnabled=true, cssSelectorsEnabled=true, setWindowRect=true, unexpectedAlertBehaviour=}]
Session ID: b73726c2a5834cac82be45874040941b
at org.openqa.selenium.remote.ErrorHandler.createThrowable(ErrorHandler.java:206)
at org.openqa.selenium.remote.ErrorHandler.throwIfResponseFailed(ErrorHandler.java:158)
at org.openqa.selenium.remote.RemoteWebDriver.execute(RemoteWebDriver.java:678)
at org.openqa.selenium.remote.RemoteWebElement.execute(RemoteWebElement.java:327)
at org.openqa.selenium.remote.RemoteWebElement.click(RemoteWebElement.java:85)
at org.openqa.selenium.support.pagefactory.internal.LocatingElementHandler.invoke(LocatingElementHandler.java:51)
at com.sun.proxy.$Proxy9.click(Unknown Source)
at c2info_OrderBuk_UIPages.Dashboard.clickOnImageInMenu(Dashboard.java:171)
at c2info_OrderBuk_DashboardTCs.TC_005_Verify_MenuSliderIcons.verifyImageInMenuSlider(TC_005_Verify_MenuSliderIcons.java:61)
... Removed 32 stack frames]]>
    </failure>
  </testcase> <!-- verifyImageInMenuSlider -->
  <testcase name="verifyVideoInMenuSlider" time="0.119" classname="c2info_OrderBuk_DashboardTCs.TC_005_Verify_MenuSliderIcons">
    <failure type="java.lang.AssertionError" message="expected [Video] but found [Image Upload]">
      <![CDATA[java.lang.AssertionError: expected [Video] but found [Image Upload]
at c2info_OrderBuk_DashboardTCs.TC_005_Verify_MenuSliderIcons.verifyVideoInMenuSlider(TC_005_Verify_MenuSliderIcons.java:71)
... Removed 31 stack frames]]>
    </failure>
  </testcase> <!-- verifyVideoInMenuSlider -->
  <testcase name="verifyInvalidOrder" time="19.085" classname="c2info_OrderBuk_ToBeVerifiedTCs.TC_001_VerifyInvalidOrder"/>
  <testcase name="verifyImageInPrescriptionPage" time="18.009" classname="c2info_OrderBuk_ToBeVerifiedTCs.TC_002_VerifyImageExistance"/>
  <testcase name="verifyImageInDigitizePage" time="60.024" classname="c2info_OrderBuk_ToBeVerifiedTCs.TC_002_VerifyImageExistance">
    <failure type="org.openqa.selenium.NoSuchElementException" message="no such element: Unable to locate element: {&amp;quot;method&amp;quot;:&amp;quot;xpath&amp;quot;,&amp;quot;selector&amp;quot;:&amp;quot;.//button[contains(text(),&amp;apos;Valid&amp;apos;)]&amp;quot;}
  (Session info: chrome=68.0.3440.106)
  (Driver info: chromedriver=2.36.540470 (e522d04694c7ebea4ba8821272dbef4f9b818c91),platform=Windows NT 10.0.17134 x86_64) (WARNING: The server did not provide any stacktrace information)
Command duration or timeout: 60.02 seconds
For documentation on this error, please visit: http://seleniumhq.org/exceptions/no_such_element.html
Build info: version: &amp;apos;2.53.1&amp;apos;, revision: &amp;apos;a36b8b1cd5757287168e54b817830adce9b0158d&amp;apos;, time: &amp;apos;2016-06-30 19:26:09&amp;apos;
System info: host: &amp;apos;ChethanBidare-pc&amp;apos;, ip: &amp;apos;172.16.18.217&amp;apos;, os.name: &amp;apos;Windows 10&amp;apos;, os.arch: &amp;apos;amd64&amp;apos;, os.version: &amp;apos;10.0&amp;apos;, java.version: &amp;apos;1.8.0_144&amp;apos;
Driver info: org.openqa.selenium.chrome.ChromeDriver
Capabilities [{applicationCacheEnabled=false, rotatable=false, mobileEmulationEnabled=false, networkConnectionEnabled=false, chrome={chromedriverVersion=2.36.540470 (e522d04694c7ebea4ba8821272dbef4f9b818c91), userDataDir=C:\Users\User1\AppData\Local\Temp\scoped_dir10728_16049}, takesHeapSnapshot=true, pageLoadStrategy=normal, databaseEnabled=false, handlesAlerts=true, hasTouchScreen=false, version=68.0.3440.106, platform=XP, browserConnectionEnabled=false, nativeEvents=true, acceptSslCerts=false, acceptInsecureCerts=false, locationContextEnabled=true, webStorageEnabled=true, browserName=chrome, takesScreenshot=true, javascriptEnabled=true, cssSelectorsEnabled=true, setWindowRect=true, unexpectedAlertBehaviour=}]
Session ID: e7289d06da26ae1343caae5c22f3b09c
*** Element info: {Using=xpath, value=.//button[contains(text(),&amp;apos;Valid&amp;apos;)]}">
      <![CDATA[org.openqa.selenium.NoSuchElementException: no such element: Unable to locate element: {"method":"xpath","selector":".//button[contains(text(),'Valid')]"}
  (Session info: chrome=68.0.3440.106)
  (Driver info: chromedriver=2.36.540470 (e522d04694c7ebea4ba8821272dbef4f9b818c91),platform=Windows NT 10.0.17134 x86_64) (WARNING: The server did not provide any stacktrace information)
Command duration or timeout: 60.02 seconds
For documentation on this error, please visit: http://seleniumhq.org/exceptions/no_such_element.html
Build info: version: '2.53.1', revision: 'a36b8b1cd5757287168e54b817830adce9b0158d', time: '2016-06-30 19:26:09'
System info: host: 'ChethanBidare-pc', ip: '172.16.18.217', os.name: 'Windows 10', os.arch: 'amd64', os.version: '10.0', java.version: '1.8.0_144'
Driver info: org.openqa.selenium.chrome.ChromeDriver
Capabilities [{applicationCacheEnabled=false, rotatable=false, mobileEmulationEnabled=false, networkConnectionEnabled=false, chrome={chromedriverVersion=2.36.540470 (e522d04694c7ebea4ba8821272dbef4f9b818c91), userDataDir=C:\Users\User1\AppData\Local\Temp\scoped_dir10728_16049}, takesHeapSnapshot=true, pageLoadStrategy=normal, databaseEnabled=false, handlesAlerts=true, hasTouchScreen=false, version=68.0.3440.106, platform=XP, browserConnectionEnabled=false, nativeEvents=true, acceptSslCerts=false, acceptInsecureCerts=false, locationContextEnabled=true, webStorageEnabled=true, browserName=chrome, takesScreenshot=true, javascriptEnabled=true, cssSelectorsEnabled=true, setWindowRect=true, unexpectedAlertBehaviour=}]
Session ID: e7289d06da26ae1343caae5c22f3b09c
*** Element info: {Using=xpath, value=.//button[contains(text(),'Valid')]}
at org.openqa.selenium.remote.ErrorHandler.createThrowable(ErrorHandler.java:206)
at org.openqa.selenium.remote.ErrorHandler.throwIfResponseFailed(ErrorHandler.java:158)
at org.openqa.selenium.remote.RemoteWebDriver.execute(RemoteWebDriver.java:678)
at org.openqa.selenium.remote.RemoteWebDriver.findElement(RemoteWebDriver.java:363)
at org.openqa.selenium.remote.RemoteWebDriver.findElementByXPath(RemoteWebDriver.java:500)
at org.openqa.selenium.By$ByXPath.findElement(By.java:361)
at org.openqa.selenium.remote.RemoteWebDriver.findElement(RemoteWebDriver.java:355)
at org.openqa.selenium.support.pagefactory.DefaultElementLocator.findElement(DefaultElementLocator.java:69)
at org.openqa.selenium.support.pagefactory.internal.LocatingElementHandler.invoke(LocatingElementHandler.java:38)
at com.sun.proxy.$Proxy9.click(Unknown Source)
at c2info_OrderBuk_UIPages.ToBeVerified.makeOrderValid(ToBeVerified.java:96)
at c2info_OrderBuk_ToBeVerifiedTCs.TC_002_VerifyImageExistance.verifyImageInDigitizePage(TC_002_VerifyImageExistance.java:44)
... Removed 29 stack frames]]>
    </failure>
  </testcase> <!-- verifyImageInDigitizePage -->
  <testcase name="verifyValidButtonInPrescriptionPage" time="13.381" classname="c2info_OrderBuk_ToBeVerifiedTCs.TC_003_VerifyValidButton"/>
  <testcase name="verifyInvalidButton" time="14.209" classname="c2info_OrderBuk_ToBeVerifiedTCs.TC_004_VerifyInvalidButton"/>
  <testcase name="verifySubmitButtonFunctionality" time="47.488" classname="c2info_OrderBuk_ToBeVerifiedTCs.TC_005_VerifySubmitButtonInDigitizePage"/>
  <testcase name="VerifyOrderPushedToReadyForOrder" time="64.871" classname="c2info_OrderBuk_ToBeVerifiedTCs.TC_006_VerifyOnSubmitReadyForOrder">
    <failure type="java.lang.AssertionError" message="expected [1486481] but found [486481]">
      <![CDATA[java.lang.AssertionError: expected [1486481] but found [486481]
at c2info_OrderBuk_ToBeVerifiedTCs.TC_006_VerifyOnSubmitReadyForOrder.VerifyOrderPushedToReadyForOrder(TC_006_VerifyOnSubmitReadyForOrder.java:50)
... Removed 31 stack frames]]>
    </failure>
  </testcase> <!-- VerifyOrderPushedToReadyForOrder -->
  <testcase name="verifyItemsAddedInTBV" time="124.924" classname="c2info_OrderBuk_ReadyForOrderTCs.TC_001_VerifyItemsAddedFromTBV"/>
  <testcase name="verifyOrderIDIsNotNull" time="11.162" classname="c2info_OrderBuk_ReadyForOrderTCs.TC_002_VerifyDetailsExistence"/>
  <testcase name="verifyCustomerNameIsNotNull" time="0.031" classname="c2info_OrderBuk_ReadyForOrderTCs.TC_002_VerifyDetailsExistence"/>
  <testcase name="verifyCustomerNumberIsNotNull" time="0.031" classname="c2info_OrderBuk_ReadyForOrderTCs.TC_002_VerifyDetailsExistence"/>
  <testcase name="verifySubTotalAmt" time="16.462" classname="c2info_OrderBuk_ReadyForOrderTCs.TC_003_VerifySubTotalwithItemWiseAmt">
    <failure type="java.lang.AssertionError" message="expected [819.0500000000001] but found [819.05]">
      <![CDATA[java.lang.AssertionError: expected [819.0500000000001] but found [819.05]
at c2info_OrderBuk_ReadyForOrderTCs.TC_003_VerifySubTotalwithItemWiseAmt.verifySubTotalAmt(TC_003_VerifySubTotalwithItemWiseAmt.java:39)
... Removed 30 stack frames]]>
    </failure>
  </testcase> <!-- verifySubTotalAmt -->
  <testcase name="verifyGrandTotal" time="19.71" classname="c2info_OrderBuk_ReadyForOrderTCs.TC_004_VerifyGrandTotalAmt">
    <failure type="java.lang.AssertionError" message="expected [759.05] but found [759.0]">
      <![CDATA[java.lang.AssertionError: expected [759.05] but found [759.0]
at c2info_OrderBuk_ReadyForOrderTCs.TC_004_VerifyGrandTotalAmt.verifyGrandTotal(TC_004_VerifyGrandTotalAmt.java:40)
... Removed 30 stack frames]]>
    </failure>
  </testcase> <!-- verifyGrandTotal -->
  <testcase name="verifyConfirmButtonFunctionality" time="31.519" classname="c2info_OrderBuk_ReadyForOrderTCs.TC_005_VerifyConfirmBtn"/>
  <testcase name="verifyCancelButtonFunctionality" time="27.665" classname="c2info_OrderBuk_ReadyForOrderTCs.TC_006_VerifyCancelButton"/>
  <testcase name="verifyReverifybutton" time="71.19" classname="c2info_OrderBuk_ReadyForOrderTCs.TC_007_VerifyReverifyButton">
    <failure type="org.openqa.selenium.NoSuchElementException" message="no such element: Unable to locate element: {&amp;quot;method&amp;quot;:&amp;quot;id&amp;quot;,&amp;quot;selector&amp;quot;:&amp;quot;reverify&amp;quot;}
  (Session info: chrome=68.0.3440.106)
  (Driver info: chromedriver=2.36.540470 (e522d04694c7ebea4ba8821272dbef4f9b818c91),platform=Windows NT 10.0.17134 x86_64) (WARNING: The server did not provide any stacktrace information)
Command duration or timeout: 60.03 seconds
For documentation on this error, please visit: http://seleniumhq.org/exceptions/no_such_element.html
Build info: version: &amp;apos;2.53.1&amp;apos;, revision: &amp;apos;a36b8b1cd5757287168e54b817830adce9b0158d&amp;apos;, time: &amp;apos;2016-06-30 19:26:09&amp;apos;
System info: host: &amp;apos;ChethanBidare-pc&amp;apos;, ip: &amp;apos;172.16.18.217&amp;apos;, os.name: &amp;apos;Windows 10&amp;apos;, os.arch: &amp;apos;amd64&amp;apos;, os.version: &amp;apos;10.0&amp;apos;, java.version: &amp;apos;1.8.0_144&amp;apos;
Driver info: org.openqa.selenium.chrome.ChromeDriver
Capabilities [{applicationCacheEnabled=false, rotatable=false, mobileEmulationEnabled=false, networkConnectionEnabled=false, chrome={chromedriverVersion=2.36.540470 (e522d04694c7ebea4ba8821272dbef4f9b818c91), userDataDir=C:\Users\User1\AppData\Local\Temp\scoped_dir2100_27065}, takesHeapSnapshot=true, pageLoadStrategy=normal, databaseEnabled=false, handlesAlerts=true, hasTouchScreen=false, version=68.0.3440.106, platform=XP, browserConnectionEnabled=false, nativeEvents=true, acceptSslCerts=false, acceptInsecureCerts=false, locationContextEnabled=true, webStorageEnabled=true, browserName=chrome, takesScreenshot=true, javascriptEnabled=true, cssSelectorsEnabled=true, setWindowRect=true, unexpectedAlertBehaviour=}]
Session ID: 4acb09eefb2909d451ecbaacd48b85cc
*** Element info: {Using=id, value=reverify}">
      <![CDATA[org.openqa.selenium.NoSuchElementException: no such element: Unable to locate element: {"method":"id","selector":"reverify"}
  (Session info: chrome=68.0.3440.106)
  (Driver info: chromedriver=2.36.540470 (e522d04694c7ebea4ba8821272dbef4f9b818c91),platform=Windows NT 10.0.17134 x86_64) (WARNING: The server did not provide any stacktrace information)
Command duration or timeout: 60.03 seconds
For documentation on this error, please visit: http://seleniumhq.org/exceptions/no_such_element.html
Build info: version: '2.53.1', revision: 'a36b8b1cd5757287168e54b817830adce9b0158d', time: '2016-06-30 19:26:09'
System info: host: 'ChethanBidare-pc', ip: '172.16.18.217', os.name: 'Windows 10', os.arch: 'amd64', os.version: '10.0', java.version: '1.8.0_144'
Driver info: org.openqa.selenium.chrome.ChromeDriver
Capabilities [{applicationCacheEnabled=false, rotatable=false, mobileEmulationEnabled=false, networkConnectionEnabled=false, chrome={chromedriverVersion=2.36.540470 (e522d04694c7ebea4ba8821272dbef4f9b818c91), userDataDir=C:\Users\User1\AppData\Local\Temp\scoped_dir2100_27065}, takesHeapSnapshot=true, pageLoadStrategy=normal, databaseEnabled=false, handlesAlerts=true, hasTouchScreen=false, version=68.0.3440.106, platform=XP, browserConnectionEnabled=false, nativeEvents=true, acceptSslCerts=false, acceptInsecureCerts=false, locationContextEnabled=true, webStorageEnabled=true, browserName=chrome, takesScreenshot=true, javascriptEnabled=true, cssSelectorsEnabled=true, setWindowRect=true, unexpectedAlertBehaviour=}]
Session ID: 4acb09eefb2909d451ecbaacd48b85cc
*** Element info: {Using=id, value=reverify}
at org.openqa.selenium.remote.ErrorHandler.createThrowable(ErrorHandler.java:206)
at org.openqa.selenium.remote.ErrorHandler.throwIfResponseFailed(ErrorHandler.java:158)
at org.openqa.selenium.remote.RemoteWebDriver.execute(RemoteWebDriver.java:678)
at org.openqa.selenium.remote.RemoteWebDriver.findElement(RemoteWebDriver.java:363)
at org.openqa.selenium.remote.RemoteWebDriver.findElementById(RemoteWebDriver.java:413)
at org.openqa.selenium.By$ById.findElement(By.java:218)
at org.openqa.selenium.remote.RemoteWebDriver.findElement(RemoteWebDriver.java:355)
at org.openqa.selenium.support.pagefactory.DefaultElementLocator.findElement(DefaultElementLocator.java:69)
at org.openqa.selenium.support.pagefactory.internal.LocatingElementHandler.invoke(LocatingElementHandler.java:38)
at com.sun.proxy.$Proxy9.click(Unknown Source)
at c2info_OrderBuk_UIPages.ReadyForOrder.clickOnReverifyBtnInRFOpage(ReadyForOrder.java:185)
at c2info_OrderBuk_ReadyForOrderTCs.TC_007_VerifyReverifyButton.verifyReverifybutton(TC_007_VerifyReverifyButton.java:39)
... Removed 29 stack frames]]>
    </failure>
  </testcase> <!-- verifyReverifybutton -->
  <testcase name="deselectAllitemsAndCOnfirmOrder" time="49.601" classname="c2info_OrderBuk_ReadyForOrderTCs.TC_008_VerifyByDeselectingAllItemsAndConfirm"/>
  <testcase name="verifyImageInPrescriptionPage" time="16.553" classname="c2info_OrderBuk_CustConfirmedveriPendingTCs.TC_001_VerifyImageExistance"/>
  <testcase name="verifyImageInDigitizePage" time="7.703" classname="c2info_OrderBuk_CustConfirmedveriPendingTCs.TC_001_VerifyImageExistance"/>
  <testcase name="verifyValidButtonInPrescriptionPage" time="14.569" classname="c2info_OrderBuk_CustConfirmedveriPendingTCs.TC_002_VerifyValidButton"/>
  <testcase name="verifyInvalidButton" time="13.712" classname="c2info_OrderBuk_CustConfirmedveriPendingTCs.TC_003_VerifyInvalidButton"/>
  <testcase name="verifyOrderIDIsNotNull" time="20.334" classname="c2info_OrderBuk_CustConfirmedveriPendingTCs.TC_004_VerifyCustomerDetailsExistence"/>
  <testcase name="verifyCustomerNameIsNotNull" time="0.031" classname="c2info_OrderBuk_CustConfirmedveriPendingTCs.TC_004_VerifyCustomerDetailsExistence"/>
  <testcase name="verifyCustomerNumberIsNotNull" time="0.031" classname="c2info_OrderBuk_CustConfirmedveriPendingTCs.TC_004_VerifyCustomerDetailsExistence"/>
  <testcase name="verifyShippingAddressIsNotNull" time="0.035" classname="c2info_OrderBuk_CustConfirmedveriPendingTCs.TC_004_VerifyCustomerDetailsExistence"/>
  <testcase name="verifyCancelButtonFunctionality" time="53.253" classname="c2info_OrderBuk_CustConfirmedveriPendingTCs.TC_005_VerifyInvalidOrderFunctionality"/>
  <testcase name="verifySubmitOrderFunctionality" time="201.06" classname="c2info_OrderBuk_CustConfirmedveriPendingTCs.TC_006_VerifySubmitOrderFunctionality">
    <failure type="org.openqa.selenium.NoSuchElementException" message="no such element: Unable to locate element: {&amp;quot;method&amp;quot;:&amp;quot;id&amp;quot;,&amp;quot;selector&amp;quot;:&amp;quot;btnsubmit&amp;quot;}
  (Session info: chrome=68.0.3440.106)
  (Driver info: chromedriver=2.36.540470 (e522d04694c7ebea4ba8821272dbef4f9b818c91),platform=Windows NT 10.0.17134 x86_64) (WARNING: The server did not provide any stacktrace information)
Command duration or timeout: 60.01 seconds
For documentation on this error, please visit: http://seleniumhq.org/exceptions/no_such_element.html
Build info: version: &amp;apos;2.53.1&amp;apos;, revision: &amp;apos;a36b8b1cd5757287168e54b817830adce9b0158d&amp;apos;, time: &amp;apos;2016-06-30 19:26:09&amp;apos;
System info: host: &amp;apos;ChethanBidare-pc&amp;apos;, ip: &amp;apos;172.16.18.217&amp;apos;, os.name: &amp;apos;Windows 10&amp;apos;, os.arch: &amp;apos;amd64&amp;apos;, os.version: &amp;apos;10.0&amp;apos;, java.version: &amp;apos;1.8.0_144&amp;apos;
Driver info: org.openqa.selenium.chrome.ChromeDriver
Capabilities [{applicationCacheEnabled=false, rotatable=false, mobileEmulationEnabled=false, networkConnectionEnabled=false, chrome={chromedriverVersion=2.36.540470 (e522d04694c7ebea4ba8821272dbef4f9b818c91), userDataDir=C:\Users\User1\AppData\Local\Temp\scoped_dir11616_10927}, takesHeapSnapshot=true, pageLoadStrategy=normal, databaseEnabled=false, handlesAlerts=true, hasTouchScreen=false, version=68.0.3440.106, platform=XP, browserConnectionEnabled=false, nativeEvents=true, acceptSslCerts=false, acceptInsecureCerts=false, locationContextEnabled=true, webStorageEnabled=true, browserName=chrome, takesScreenshot=true, javascriptEnabled=true, cssSelectorsEnabled=true, setWindowRect=true, unexpectedAlertBehaviour=}]
Session ID: 1cf7ad0cc82175d5bceec7e24de56369
*** Element info: {Using=id, value=btnsubmit}">
      <![CDATA[org.openqa.selenium.NoSuchElementException: no such element: Unable to locate element: {"method":"id","selector":"btnsubmit"}
  (Session info: chrome=68.0.3440.106)
  (Driver info: chromedriver=2.36.540470 (e522d04694c7ebea4ba8821272dbef4f9b818c91),platform=Windows NT 10.0.17134 x86_64) (WARNING: The server did not provide any stacktrace information)
Command duration or timeout: 60.01 seconds
For documentation on this error, please visit: http://seleniumhq.org/exceptions/no_such_element.html
Build info: version: '2.53.1', revision: 'a36b8b1cd5757287168e54b817830adce9b0158d', time: '2016-06-30 19:26:09'
System info: host: 'ChethanBidare-pc', ip: '172.16.18.217', os.name: 'Windows 10', os.arch: 'amd64', os.version: '10.0', java.version: '1.8.0_144'
Driver info: org.openqa.selenium.chrome.ChromeDriver
Capabilities [{applicationCacheEnabled=false, rotatable=false, mobileEmulationEnabled=false, networkConnectionEnabled=false, chrome={chromedriverVersion=2.36.540470 (e522d04694c7ebea4ba8821272dbef4f9b818c91), userDataDir=C:\Users\User1\AppData\Local\Temp\scoped_dir11616_10927}, takesHeapSnapshot=true, pageLoadStrategy=normal, databaseEnabled=false, handlesAlerts=true, hasTouchScreen=false, version=68.0.3440.106, platform=XP, browserConnectionEnabled=false, nativeEvents=true, acceptSslCerts=false, acceptInsecureCerts=false, locationContextEnabled=true, webStorageEnabled=true, browserName=chrome, takesScreenshot=true, javascriptEnabled=true, cssSelectorsEnabled=true, setWindowRect=true, unexpectedAlertBehaviour=}]
Session ID: 1cf7ad0cc82175d5bceec7e24de56369
*** Element info: {Using=id, value=btnsubmit}
at org.openqa.selenium.remote.ErrorHandler.createThrowable(ErrorHandler.java:206)
at org.openqa.selenium.remote.ErrorHandler.throwIfResponseFailed(ErrorHandler.java:158)
at org.openqa.selenium.remote.RemoteWebDriver.execute(RemoteWebDriver.java:678)
at org.openqa.selenium.remote.RemoteWebDriver.findElement(RemoteWebDriver.java:363)
at org.openqa.selenium.remote.RemoteWebDriver.findElementById(RemoteWebDriver.java:413)
at org.openqa.selenium.By$ById.findElement(By.java:218)
at org.openqa.selenium.remote.RemoteWebDriver.findElement(RemoteWebDriver.java:355)
at org.openqa.selenium.support.pagefactory.DefaultElementLocator.findElement(DefaultElementLocator.java:69)
at org.openqa.selenium.support.pagefactory.internal.LocatingElementHandler.invoke(LocatingElementHandler.java:38)
at com.sun.proxy.$Proxy9.click(Unknown Source)
at c2info_OrderBuk_UIPages.CustomerConfirmedVerificationPending.clickOnSubmitButton(CustomerConfirmedVerificationPending.java:99)
at c2info_OrderBuk_CustConfirmedveriPendingTCs.TC_006_VerifySubmitOrderFunctionality.verifySubmitOrderFunctionality(TC_006_VerifySubmitOrderFunctionality.java:44)
... Removed 29 stack frames]]>
    </failure>
  </testcase> <!-- verifySubmitOrderFunctionality -->
  <testcase name="verifySubmitOrderFunctionality" time="141.919" classname="c2info_OrderBuk_CustConfirmedveriPendingTCs.TC_007_VerifySubmitByAddingItems"/>
  <testcase name="verifyNewItemRequest" time="39.811" classname="c2info_OrderBuk_CustConfirmedveriPendingTCs.TC_008_VerifyNewItemRequestFunctionality"/>
  <testcase name="verifyNewItemRequestSuccessMsg" time="24.727" classname="c2info_OrderBuk_CustConfirmedveriPendingTCs.TC_009_VerifyNewItemRequestSuccessMsg">
    <failure type="java.lang.AssertionError" message="expected [Order Sent to New Item Put on Hold.] but found [Order Confirmed Successfully.]">
      <![CDATA[java.lang.AssertionError: expected [Order Sent to New Item Put on Hold.] but found [Order Confirmed Successfully.]
at c2info_OrderBuk_CustConfirmedveriPendingTCs.TC_009_VerifyNewItemRequestSuccessMsg.verifyNewItemRequestSuccessMsg(TC_009_VerifyNewItemRequestSuccessMsg.java:46)
... Removed 31 stack frames]]>
    </failure>
  </testcase> <!-- verifyNewItemRequestSuccessMsg -->
  <testcase name="verifyDosage" time="0.0" classname="c2info_OrderBuk_ToBeVerifiedTCs.TC_007_VerifyDoseAsUnit">
    <ignored/>
  </testcase> <!-- verifyDosage -->
</testsuite> <!-- Test -->
