<?xml version="1.0" encoding="UTF-8"?>
<testng-results skipped="0" failed="1" ignored="0" total="3" passed="2">
  <reporter-output>
  </reporter-output>
  <suite name="Default suite" duration-ms="237874" started-at="2018-02-07T08:23:18Z" finished-at="2018-02-07T08:27:15Z">
    <groups>
    </groups>
    <test name="Default test" duration-ms="237874" started-at="2018-02-07T08:23:18Z" finished-at="2018-02-07T08:27:15Z">
      <class name="c2info_OrderBuk_ReadyForOrderTCs.TC_013_VerifyPaymentDropdown">
        <test-method status="PASS" signature="setup()[pri:0, instance:c2info_OrderBuk_ReadyForOrderTCs.TC_013_VerifyPaymentDropdown@61009542]" name="setup" is-config="true" duration-ms="19280" started-at="2018-02-07T13:53:18Z" finished-at="2018-02-07T13:53:37Z">
          <reporter-output>
          </reporter-output>
        </test-method> <!-- setup -->
        <test-method status="PASS" signature="beforeMethod(java.lang.reflect.Method)[pri:0, instance:c2info_OrderBuk_ReadyForOrderTCs.TC_013_VerifyPaymentDropdown@61009542]" name="beforeMethod" is-config="true" duration-ms="3" started-at="2018-02-07T13:53:37Z" finished-at="2018-02-07T13:53:37Z">
          <params>
            <param index="0">
              <value>
                <![CDATA[public void c2info_OrderBuk_ReadyForOrderTCs.TC_013_VerifyPaymentDropdown.verifyPaymentModeCard() throws java.lang.InterruptedException]]>
              </value>
            </param>
          </params>
          <reporter-output>
          </reporter-output>
        </test-method> <!-- beforeMethod -->
        <test-method status="PASS" signature="verifyPaymentModeCard()[pri:0, instance:c2info_OrderBuk_ReadyForOrderTCs.TC_013_VerifyPaymentDropdown@61009542]" name="verifyPaymentModeCard" duration-ms="35257" started-at="2018-02-07T13:53:37Z" finished-at="2018-02-07T13:54:12Z">
          <reporter-output>
          </reporter-output>
        </test-method> <!-- verifyPaymentModeCard -->
        <test-method status="PASS" signature="afterMethod(org.testng.ITestResult)[pri:0, instance:c2info_OrderBuk_ReadyForOrderTCs.TC_013_VerifyPaymentDropdown@61009542]" name="afterMethod" is-config="true" duration-ms="0" started-at="2018-02-07T13:54:12Z" finished-at="2018-02-07T13:54:12Z">
          <params>
            <param index="0">
              <value>
                <![CDATA[[TestResult name=verifyPaymentModeCard status=SUCCESS method=TC_013_VerifyPaymentDropdown.verifyPaymentModeCard()[pri:0, instance:c2info_OrderBuk_ReadyForOrderTCs.TC_013_VerifyPaymentDropdown@61009542] output={null}]]]>
              </value>
            </param>
          </params>
          <reporter-output>
          </reporter-output>
        </test-method> <!-- afterMethod -->
        <test-method status="PASS" signature="beforeMethod(java.lang.reflect.Method)[pri:0, instance:c2info_OrderBuk_ReadyForOrderTCs.TC_013_VerifyPaymentDropdown@61009542]" name="beforeMethod" is-config="true" duration-ms="1" started-at="2018-02-07T13:54:12Z" finished-at="2018-02-07T13:54:12Z">
          <params>
            <param index="0">
              <value>
                <![CDATA[public void c2info_OrderBuk_ReadyForOrderTCs.TC_013_VerifyPaymentDropdown.verifyPaymentModeCash() throws java.lang.InterruptedException]]>
              </value>
            </param>
          </params>
          <reporter-output>
          </reporter-output>
        </test-method> <!-- beforeMethod -->
        <test-method status="PASS" signature="verifyPaymentModeCash()[pri:1, instance:c2info_OrderBuk_ReadyForOrderTCs.TC_013_VerifyPaymentDropdown@61009542]" name="verifyPaymentModeCash" duration-ms="43962" started-at="2018-02-07T13:54:12Z" finished-at="2018-02-07T13:54:56Z">
          <reporter-output>
          </reporter-output>
        </test-method> <!-- verifyPaymentModeCash -->
        <test-method status="PASS" signature="afterMethod(org.testng.ITestResult)[pri:0, instance:c2info_OrderBuk_ReadyForOrderTCs.TC_013_VerifyPaymentDropdown@61009542]" name="afterMethod" is-config="true" duration-ms="1" started-at="2018-02-07T13:54:56Z" finished-at="2018-02-07T13:54:56Z">
          <params>
            <param index="0">
              <value>
                <![CDATA[[TestResult name=verifyPaymentModeCash status=SUCCESS method=TC_013_VerifyPaymentDropdown.verifyPaymentModeCash()[pri:1, instance:c2info_OrderBuk_ReadyForOrderTCs.TC_013_VerifyPaymentDropdown@61009542] output={null}]]]>
              </value>
            </param>
          </params>
          <reporter-output>
          </reporter-output>
        </test-method> <!-- afterMethod -->
        <test-method status="FAIL" signature="verifyPaymentModeOnline()[pri:2, instance:c2info_OrderBuk_ReadyForOrderTCs.TC_013_VerifyPaymentDropdown@61009542]" name="verifyPaymentModeOnline" duration-ms="138703" started-at="2018-02-07T13:54:56Z" finished-at="2018-02-07T13:57:15Z">
          <exception class="org.openqa.selenium.NoSuchElementException">
            <message>
              <![CDATA[Cannot locate element with text: Online Payment
For documentation on this error, please visit: http://seleniumhq.org/exceptions/no_such_element.html
Build info: version: '2.53.1', revision: 'a36b8b1cd5757287168e54b817830adce9b0158d', time: '2016-06-30 19:26:09'
System info: host: 'ChethanBidare-pc', ip: '172.16.18.225', os.name: 'Windows 10', os.arch: 'amd64', os.version: '10.0', java.version: '1.8.0_144'
Driver info: driver.version: unknown]]>
            </message>
            <full-stacktrace>
              <![CDATA[org.openqa.selenium.NoSuchElementException: Cannot locate element with text: Online Payment
For documentation on this error, please visit: http://seleniumhq.org/exceptions/no_such_element.html
Build info: version: '2.53.1', revision: 'a36b8b1cd5757287168e54b817830adce9b0158d', time: '2016-06-30 19:26:09'
System info: host: 'ChethanBidare-pc', ip: '172.16.18.225', os.name: 'Windows 10', os.arch: 'amd64', os.version: '10.0', java.version: '1.8.0_144'
Driver info: driver.version: unknown
	at org.openqa.selenium.support.ui.Select.selectByVisibleText(Select.java:150)
	at c2info_OrderBuk_UIPages.ReadyForOrder.selectPaymentTypeDropdown(ReadyForOrder.java:284)
	at c2info_OrderBuk_ReadyForOrderTCs.TC_013_VerifyPaymentDropdown.verifyPaymentModeOnline(TC_013_VerifyPaymentDropdown.java:92)
	at sun.reflect.NativeMethodAccessorImpl.invoke0(Native Method)
	at sun.reflect.NativeMethodAccessorImpl.invoke(NativeMethodAccessorImpl.java:62)
	at sun.reflect.DelegatingMethodAccessorImpl.invoke(DelegatingMethodAccessorImpl.java:43)
	at java.lang.reflect.Method.invoke(Method.java:498)
	at org.testng.internal.MethodInvocationHelper.invokeMethod(MethodInvocationHelper.java:108)
	at org.testng.internal.Invoker.invokeMethod(Invoker.java:669)
	at org.testng.internal.Invoker.invokeTestMethod(Invoker.java:877)
	at org.testng.internal.Invoker.invokeTestMethods(Invoker.java:1201)
	at org.testng.internal.TestMethodWorker.invokeTestMethods(TestMethodWorker.java:125)
	at org.testng.internal.TestMethodWorker.run(TestMethodWorker.java:109)
	at org.testng.TestRunner.privateRun(TestRunner.java:776)
	at org.testng.TestRunner.run(TestRunner.java:634)
	at org.testng.SuiteRunner.runTest(SuiteRunner.java:425)
	at org.testng.SuiteRunner.runSequentially(SuiteRunner.java:420)
	at org.testng.SuiteRunner.privateRun(SuiteRunner.java:385)
	at org.testng.SuiteRunner.run(SuiteRunner.java:334)
	at org.testng.SuiteRunnerWorker.runSuite(SuiteRunnerWorker.java:52)
	at org.testng.SuiteRunnerWorker.run(SuiteRunnerWorker.java:86)
	at org.testng.TestNG.runSuitesSequentially(TestNG.java:1318)
	at org.testng.TestNG.runSuitesLocally(TestNG.java:1243)
	at org.testng.TestNG.runSuites(TestNG.java:1161)
	at org.testng.TestNG.run(TestNG.java:1129)
	at org.testng.remote.AbstractRemoteTestNG.run(AbstractRemoteTestNG.java:114)
	at org.testng.remote.RemoteTestNG.initAndRun(RemoteTestNG.java:251)
	at org.testng.remote.RemoteTestNG.main(RemoteTestNG.java:77)
]]>
            </full-stacktrace>
          </exception> <!-- org.openqa.selenium.NoSuchElementException -->
          <reporter-output>
          </reporter-output>
        </test-method> <!-- verifyPaymentModeOnline -->
        <test-method status="PASS" signature="beforeMethod(java.lang.reflect.Method)[pri:0, instance:c2info_OrderBuk_ReadyForOrderTCs.TC_013_VerifyPaymentDropdown@61009542]" name="beforeMethod" is-config="true" duration-ms="0" started-at="2018-02-07T13:54:56Z" finished-at="2018-02-07T13:54:56Z">
          <params>
            <param index="0">
              <value>
                <![CDATA[public void c2info_OrderBuk_ReadyForOrderTCs.TC_013_VerifyPaymentDropdown.verifyPaymentModeOnline() throws java.lang.InterruptedException]]>
              </value>
            </param>
          </params>
          <reporter-output>
          </reporter-output>
        </test-method> <!-- beforeMethod -->
        <test-method status="PASS" signature="afterMethod(org.testng.ITestResult)[pri:0, instance:c2info_OrderBuk_ReadyForOrderTCs.TC_013_VerifyPaymentDropdown@61009542]" name="afterMethod" is-config="true" duration-ms="345" started-at="2018-02-07T13:57:15Z" finished-at="2018-02-07T13:57:15Z">
          <params>
            <param index="0">
              <value>
                <![CDATA[[TestResult name=verifyPaymentModeOnline status=FAILURE method=TC_013_VerifyPaymentDropdown.verifyPaymentModeOnline()[pri:2, instance:c2info_OrderBuk_ReadyForOrderTCs.TC_013_VerifyPaymentDropdown@61009542] output={null}]]]>
              </value>
            </param>
          </params>
          <reporter-output>
          </reporter-output>
        </test-method> <!-- afterMethod -->
        <test-method status="PASS" signature="endTest()[pri:0, instance:c2info_OrderBuk_ReadyForOrderTCs.TC_013_VerifyPaymentDropdown@61009542]" name="endTest" is-config="true" duration-ms="297" started-at="2018-02-07T13:57:15Z" finished-at="2018-02-07T13:57:15Z">
          <reporter-output>
          </reporter-output>
        </test-method> <!-- endTest -->
      </class> <!-- c2info_OrderBuk_ReadyForOrderTCs.TC_013_VerifyPaymentDropdown -->
    </test> <!-- Default test -->
  </suite> <!-- Default suite -->
</testng-results>
