<?xml version="1.0" encoding="UTF-8"?>
<testng-results skipped="0" failed="0" ignored="0" total="1" passed="1">
  <reporter-output>
  </reporter-output>
  <suite name="Default suite" duration-ms="78980" started-at="2018-01-01T10:17:48Z" finished-at="2018-01-01T10:19:07Z">
    <groups>
    </groups>
    <test name="Default test" duration-ms="78980" started-at="2018-01-01T10:17:48Z" finished-at="2018-01-01T10:19:07Z">
      <class name="c2info_OrderBuk_DashboardTCs.TC_001_VerifyAllBucketLinks">
        <test-method status="PASS" signature="setup()[pri:0, instance:c2info_OrderBuk_DashboardTCs.TC_001_VerifyAllBucketLinks@61009542]" name="setup" is-config="true" duration-ms="8204" started-at="2018-01-01T15:47:48Z" finished-at="2018-01-01T15:47:56Z">
          <reporter-output>
          </reporter-output>
        </test-method> <!-- setup -->
        <test-method status="PASS" signature="beforeMethod(java.lang.reflect.Method)[pri:0, instance:c2info_OrderBuk_DashboardTCs.TC_001_VerifyAllBucketLinks@61009542]" name="beforeMethod" is-config="true" duration-ms="6" started-at="2018-01-01T15:47:56Z" finished-at="2018-01-01T15:47:56Z">
          <params>
            <param index="0">
              <value>
                <![CDATA[public void c2info_OrderBuk_DashboardTCs.TC_001_VerifyAllBucketLinks.verifyAllBucketlinks() throws java.lang.InterruptedException]]>
              </value>
            </param>
          </params>
          <reporter-output>
          </reporter-output>
        </test-method> <!-- beforeMethod -->
        <test-method status="PASS" signature="verifyAllBucketlinks()[pri:0, instance:c2info_OrderBuk_DashboardTCs.TC_001_VerifyAllBucketLinks@61009542]" name="verifyAllBucketlinks" duration-ms="70405" started-at="2018-01-01T15:47:56Z" finished-at="2018-01-01T15:49:07Z">
          <reporter-output>
          </reporter-output>
        </test-method> <!-- verifyAllBucketlinks -->
        <test-method status="PASS" signature="afterMethod(org.testng.ITestResult)[pri:0, instance:c2info_OrderBuk_DashboardTCs.TC_001_VerifyAllBucketLinks@61009542]" name="afterMethod" is-config="true" duration-ms="1" started-at="2018-01-01T15:49:07Z" finished-at="2018-01-01T15:49:07Z">
          <params>
            <param index="0">
              <value>
                <![CDATA[[TestResult name=verifyAllBucketlinks status=SUCCESS method=TC_001_VerifyAllBucketLinks.verifyAllBucketlinks()[pri:0, instance:c2info_OrderBuk_DashboardTCs.TC_001_VerifyAllBucketLinks@61009542] output={null}]]]>
              </value>
            </param>
          </params>
          <reporter-output>
          </reporter-output>
        </test-method> <!-- afterMethod -->
        <test-method status="PASS" signature="endTest()[pri:0, instance:c2info_OrderBuk_DashboardTCs.TC_001_VerifyAllBucketLinks@61009542]" name="endTest" is-config="true" duration-ms="348" started-at="2018-01-01T15:49:07Z" finished-at="2018-01-01T15:49:07Z">
          <reporter-output>
          </reporter-output>
        </test-method> <!-- endTest -->
      </class> <!-- c2info_OrderBuk_DashboardTCs.TC_001_VerifyAllBucketLinks -->
    </test> <!-- Default test -->
  </suite> <!-- Default suite -->
</testng-results>
