<?xml version="1.0" encoding="UTF-8"?>
<testng-results skipped="0" failed="0" ignored="0" total="1" passed="1">
  <reporter-output>
  </reporter-output>
  <suite name="Default suite" duration-ms="27955" started-at="2018-01-05T11:41:48Z" finished-at="2018-01-05T11:42:16Z">
    <groups>
    </groups>
    <test name="Default test" duration-ms="27955" started-at="2018-01-05T11:41:48Z" finished-at="2018-01-05T11:42:16Z">
      <class name="c2info_OrderBuk_ToBeVerifiedTCs.TC_002_VerifyImageExistanceInPrescriptionPage">
        <test-method status="PASS" signature="setup()[pri:0, instance:c2info_OrderBuk_ToBeVerifiedTCs.TC_002_VerifyImageExistanceInPrescriptionPage@61009542]" name="setup" is-config="true" duration-ms="13570" started-at="2018-01-05T17:11:48Z" finished-at="2018-01-05T17:12:02Z">
          <reporter-output>
          </reporter-output>
        </test-method> <!-- setup -->
        <test-method status="PASS" signature="beforeMethod(java.lang.reflect.Method)[pri:0, instance:c2info_OrderBuk_ToBeVerifiedTCs.TC_002_VerifyImageExistanceInPrescriptionPage@61009542]" name="beforeMethod" is-config="true" duration-ms="4" started-at="2018-01-05T17:12:02Z" finished-at="2018-01-05T17:12:02Z">
          <params>
            <param index="0">
              <value>
                <![CDATA[public void c2info_OrderBuk_ToBeVerifiedTCs.TC_002_VerifyImageExistanceInPrescriptionPage.verifyImageInPrescriptionPage()]]>
              </value>
            </param>
          </params>
          <reporter-output>
          </reporter-output>
        </test-method> <!-- beforeMethod -->
        <test-method status="PASS" signature="verifyImageInPrescriptionPage()[pri:0, instance:c2info_OrderBuk_ToBeVerifiedTCs.TC_002_VerifyImageExistanceInPrescriptionPage@61009542]" name="verifyImageInPrescriptionPage" duration-ms="14119" started-at="2018-01-05T17:12:02Z" finished-at="2018-01-05T17:12:16Z">
          <reporter-output>
          </reporter-output>
        </test-method> <!-- verifyImageInPrescriptionPage -->
        <test-method status="PASS" signature="endTest()[pri:0, instance:c2info_OrderBuk_ToBeVerifiedTCs.TC_002_VerifyImageExistanceInPrescriptionPage@61009542]" name="endTest" is-config="true" duration-ms="248" started-at="2018-01-05T17:12:16Z" finished-at="2018-01-05T17:12:16Z">
          <reporter-output>
          </reporter-output>
        </test-method> <!-- endTest -->
        <test-method status="PASS" signature="afterMethod(org.testng.ITestResult)[pri:0, instance:c2info_OrderBuk_ToBeVerifiedTCs.TC_002_VerifyImageExistanceInPrescriptionPage@61009542]" name="afterMethod" is-config="true" duration-ms="0" started-at="2018-01-05T17:12:16Z" finished-at="2018-01-05T17:12:16Z">
          <params>
            <param index="0">
              <value>
                <![CDATA[[TestResult name=verifyImageInPrescriptionPage status=SUCCESS method=TC_002_VerifyImageExistanceInPrescriptionPage.verifyImageInPrescriptionPage()[pri:0, instance:c2info_OrderBuk_ToBeVerifiedTCs.TC_002_VerifyImageExistanceInPrescriptionPage@61009542] output={null}]]]>
              </value>
            </param>
          </params>
          <reporter-output>
          </reporter-output>
        </test-method> <!-- afterMethod -->
      </class> <!-- c2info_OrderBuk_ToBeVerifiedTCs.TC_002_VerifyImageExistanceInPrescriptionPage -->
    </test> <!-- Default test -->
  </suite> <!-- Default suite -->
</testng-results>
