<?xml version="1.0" encoding="UTF-8"?>
<testng-results skipped="0" failed="0" ignored="0" total="1" passed="1">
  <reporter-output>
  </reporter-output>
  <suite name="Default suite" duration-ms="51200" started-at="2018-02-05T11:58:16Z" finished-at="2018-02-05T11:59:08Z">
    <groups>
    </groups>
    <test name="Default test" duration-ms="51200" started-at="2018-02-05T11:58:16Z" finished-at="2018-02-05T11:59:08Z">
      <class name="c2info_OrderBuk_IntegrationSuiteTCs.TC_004_VerifyItemNamesAndQtyFromRFOtoOC">
        <test-method status="PASS" signature="setup()[pri:0, instance:c2info_OrderBuk_IntegrationSuiteTCs.TC_004_VerifyItemNamesAndQtyFromRFOtoOC@61009542]" name="setup" is-config="true" duration-ms="13888" started-at="2018-02-05T17:28:16Z" finished-at="2018-02-05T17:28:30Z">
          <reporter-output>
          </reporter-output>
        </test-method> <!-- setup -->
        <test-method status="PASS" signature="beforeMethod(java.lang.reflect.Method)[pri:0, instance:c2info_OrderBuk_IntegrationSuiteTCs.TC_004_VerifyItemNamesAndQtyFromRFOtoOC@61009542]" name="beforeMethod" is-config="true" duration-ms="3" started-at="2018-02-05T17:28:30Z" finished-at="2018-02-05T17:28:30Z">
          <params>
            <param index="0">
              <value>
                <![CDATA[public void c2info_OrderBuk_IntegrationSuiteTCs.TC_004_VerifyItemNamesAndQtyFromRFOtoOC.verifyItemNamesAndQtyFromRFOtoOC() throws java.lang.InterruptedException]]>
              </value>
            </param>
          </params>
          <reporter-output>
          </reporter-output>
        </test-method> <!-- beforeMethod -->
        <test-method status="PASS" signature="verifyItemNamesAndQtyFromRFOtoOC()[pri:0, instance:c2info_OrderBuk_IntegrationSuiteTCs.TC_004_VerifyItemNamesAndQtyFromRFOtoOC@61009542]" name="verifyItemNamesAndQtyFromRFOtoOC" duration-ms="36981" started-at="2018-02-05T17:28:30Z" finished-at="2018-02-05T17:29:07Z">
          <reporter-output>
          </reporter-output>
        </test-method> <!-- verifyItemNamesAndQtyFromRFOtoOC -->
        <test-method status="PASS" signature="afterMethod(org.testng.ITestResult)[pri:0, instance:c2info_OrderBuk_IntegrationSuiteTCs.TC_004_VerifyItemNamesAndQtyFromRFOtoOC@61009542]" name="afterMethod" is-config="true" duration-ms="0" started-at="2018-02-05T17:29:07Z" finished-at="2018-02-05T17:29:07Z">
          <params>
            <param index="0">
              <value>
                <![CDATA[[TestResult name=verifyItemNamesAndQtyFromRFOtoOC status=SUCCESS method=TC_004_VerifyItemNamesAndQtyFromRFOtoOC.verifyItemNamesAndQtyFromRFOtoOC()[pri:0, instance:c2info_OrderBuk_IntegrationSuiteTCs.TC_004_VerifyItemNamesAndQtyFromRFOtoOC@61009542] output={null}]]]>
              </value>
            </param>
          </params>
          <reporter-output>
          </reporter-output>
        </test-method> <!-- afterMethod -->
        <test-method status="PASS" signature="endTest()[pri:0, instance:c2info_OrderBuk_IntegrationSuiteTCs.TC_004_VerifyItemNamesAndQtyFromRFOtoOC@61009542]" name="endTest" is-config="true" duration-ms="313" started-at="2018-02-05T17:29:07Z" finished-at="2018-02-05T17:29:08Z">
          <reporter-output>
          </reporter-output>
        </test-method> <!-- endTest -->
      </class> <!-- c2info_OrderBuk_IntegrationSuiteTCs.TC_004_VerifyItemNamesAndQtyFromRFOtoOC -->
    </test> <!-- Default test -->
  </suite> <!-- Default suite -->
</testng-results>
