<?xml version="1.0" encoding="UTF-8"?>
<testng-results skipped="0" failed="1" ignored="0" total="1" passed="0">
  <reporter-output>
  </reporter-output>
  <suite name="Default suite" duration-ms="462952" started-at="2018-02-06T11:41:41Z" finished-at="2018-02-06T11:49:24Z">
    <groups>
    </groups>
    <test name="Default test" duration-ms="462952" started-at="2018-02-06T11:41:41Z" finished-at="2018-02-06T11:49:24Z">
      <class name="c2info_OrderBuk_ReadyForOrderTCs.TC_011_VerifyNewItemQtyIsIncreasedInRFOPage">
        <test-method status="PASS" signature="setup()[pri:0, instance:c2info_OrderBuk_ReadyForOrderTCs.TC_011_VerifyNewItemQtyIsIncreasedInRFOPage@61009542]" name="setup" is-config="true" duration-ms="13520" started-at="2018-02-06T17:11:41Z" finished-at="2018-02-06T17:11:55Z">
          <reporter-output>
          </reporter-output>
        </test-method> <!-- setup -->
        <test-method status="PASS" signature="beforeMethod(java.lang.reflect.Method)[pri:0, instance:c2info_OrderBuk_ReadyForOrderTCs.TC_011_VerifyNewItemQtyIsIncreasedInRFOPage@61009542]" name="beforeMethod" is-config="true" duration-ms="4" started-at="2018-02-06T17:11:55Z" finished-at="2018-02-06T17:11:55Z">
          <params>
            <param index="0">
              <value>
                <![CDATA[public void c2info_OrderBuk_ReadyForOrderTCs.TC_011_VerifyNewItemQtyIsIncreasedInRFOPage.verifyQtyIncrease() throws java.lang.InterruptedException]]>
              </value>
            </param>
          </params>
          <reporter-output>
          </reporter-output>
        </test-method> <!-- beforeMethod -->
        <test-method status="FAIL" signature="verifyQtyIncrease()[pri:0, instance:c2info_OrderBuk_ReadyForOrderTCs.TC_011_VerifyNewItemQtyIsIncreasedInRFOPage@61009542]" name="verifyQtyIncrease" duration-ms="448454" started-at="2018-02-06T17:11:55Z" finished-at="2018-02-06T17:19:23Z">
          <exception class="java.lang.NullPointerException">
            <full-stacktrace>
              <![CDATA[java.lang.NullPointerException
	at c2info_OrderBuk_UIPages.ReadyForOrder.getItemQty(ReadyForOrder.java:271)
	at c2info_OrderBuk_ReadyForOrderTCs.TC_011_VerifyNewItemQtyIsIncreasedInRFOPage.verifyQtyIncrease(TC_011_VerifyNewItemQtyIsIncreasedInRFOPage.java:42)
	at sun.reflect.NativeMethodAccessorImpl.invoke0(Native Method)
	at sun.reflect.NativeMethodAccessorImpl.invoke(NativeMethodAccessorImpl.java:62)
	at sun.reflect.DelegatingMethodAccessorImpl.invoke(DelegatingMethodAccessorImpl.java:43)
	at java.lang.reflect.Method.invoke(Method.java:498)
	at org.testng.internal.MethodInvocationHelper.invokeMethod(MethodInvocationHelper.java:108)
	at org.testng.internal.Invoker.invokeMethod(Invoker.java:669)
	at org.testng.internal.Invoker.invokeTestMethod(Invoker.java:877)
	at org.testng.internal.Invoker.invokeTestMethods(Invoker.java:1201)
	at org.testng.internal.TestMethodWorker.invokeTestMethods(TestMethodWorker.java:125)
	at org.testng.internal.TestMethodWorker.run(TestMethodWorker.java:109)
	at org.testng.TestRunner.privateRun(TestRunner.java:776)
	at org.testng.TestRunner.run(TestRunner.java:634)
	at org.testng.SuiteRunner.runTest(SuiteRunner.java:425)
	at org.testng.SuiteRunner.runSequentially(SuiteRunner.java:420)
	at org.testng.SuiteRunner.privateRun(SuiteRunner.java:385)
	at org.testng.SuiteRunner.run(SuiteRunner.java:334)
	at org.testng.SuiteRunnerWorker.runSuite(SuiteRunnerWorker.java:52)
	at org.testng.SuiteRunnerWorker.run(SuiteRunnerWorker.java:86)
	at org.testng.TestNG.runSuitesSequentially(TestNG.java:1318)
	at org.testng.TestNG.runSuitesLocally(TestNG.java:1243)
	at org.testng.TestNG.runSuites(TestNG.java:1161)
	at org.testng.TestNG.run(TestNG.java:1129)
	at org.testng.remote.AbstractRemoteTestNG.run(AbstractRemoteTestNG.java:114)
	at org.testng.remote.RemoteTestNG.initAndRun(RemoteTestNG.java:251)
	at org.testng.remote.RemoteTestNG.main(RemoteTestNG.java:77)
]]>
            </full-stacktrace>
          </exception> <!-- java.lang.NullPointerException -->
          <reporter-output>
          </reporter-output>
        </test-method> <!-- verifyQtyIncrease -->
        <test-method status="PASS" signature="afterMethod(org.testng.ITestResult)[pri:0, instance:c2info_OrderBuk_ReadyForOrderTCs.TC_011_VerifyNewItemQtyIsIncreasedInRFOPage@61009542]" name="afterMethod" is-config="true" duration-ms="657" started-at="2018-02-06T17:19:23Z" finished-at="2018-02-06T17:19:24Z">
          <params>
            <param index="0">
              <value>
                <![CDATA[[TestResult name=verifyQtyIncrease status=FAILURE method=TC_011_VerifyNewItemQtyIsIncreasedInRFOPage.verifyQtyIncrease()[pri:0, instance:c2info_OrderBuk_ReadyForOrderTCs.TC_011_VerifyNewItemQtyIsIncreasedInRFOPage@61009542] output={null}]]]>
              </value>
            </param>
          </params>
          <reporter-output>
          </reporter-output>
        </test-method> <!-- afterMethod -->
        <test-method status="PASS" signature="endTest()[pri:0, instance:c2info_OrderBuk_ReadyForOrderTCs.TC_011_VerifyNewItemQtyIsIncreasedInRFOPage@61009542]" name="endTest" is-config="true" duration-ms="300" started-at="2018-02-06T17:19:24Z" finished-at="2018-02-06T17:19:24Z">
          <reporter-output>
          </reporter-output>
        </test-method> <!-- endTest -->
      </class> <!-- c2info_OrderBuk_ReadyForOrderTCs.TC_011_VerifyNewItemQtyIsIncreasedInRFOPage -->
    </test> <!-- Default test -->
  </suite> <!-- Default suite -->
</testng-results>
