<?xml version="1.0" encoding="UTF-8"?>
<testng-results skipped="0" failed="0" ignored="0" total="1" passed="1">
  <reporter-output>
  </reporter-output>
  <suite name="Default suite" duration-ms="252778" started-at="2018-01-08T04:35:12Z" finished-at="2018-01-08T04:39:25Z">
    <groups>
    </groups>
    <test name="Default test" duration-ms="252778" started-at="2018-01-08T04:35:12Z" finished-at="2018-01-08T04:39:25Z">
      <class name="c2info_OrderBuk_ToBeVerifiedTCs.TC_004_VerifyInvalidButton">
        <test-method status="PASS" signature="setup()[pri:0, instance:c2info_OrderBuk_ToBeVerifiedTCs.TC_004_VerifyInvalidButton@61009542]" name="setup" is-config="true" duration-ms="215155" started-at="2018-01-08T10:05:12Z" finished-at="2018-01-08T10:08:47Z">
          <reporter-output>
          </reporter-output>
        </test-method> <!-- setup -->
        <test-method status="PASS" signature="beforeMethod(java.lang.reflect.Method)[pri:0, instance:c2info_OrderBuk_ToBeVerifiedTCs.TC_004_VerifyInvalidButton@61009542]" name="beforeMethod" is-config="true" duration-ms="4" started-at="2018-01-08T10:08:47Z" finished-at="2018-01-08T10:08:47Z">
          <params>
            <param index="0">
              <value>
                <![CDATA[public void c2info_OrderBuk_ToBeVerifiedTCs.TC_004_VerifyInvalidButton.verifyInvalidButton()]]>
              </value>
            </param>
          </params>
          <reporter-output>
          </reporter-output>
        </test-method> <!-- beforeMethod -->
        <test-method status="PASS" signature="verifyInvalidButton()[pri:0, instance:c2info_OrderBuk_ToBeVerifiedTCs.TC_004_VerifyInvalidButton@61009542]" name="verifyInvalidButton" duration-ms="37059" started-at="2018-01-08T10:08:47Z" finished-at="2018-01-08T10:09:24Z">
          <reporter-output>
          </reporter-output>
        </test-method> <!-- verifyInvalidButton -->
        <test-method status="PASS" signature="endTest()[pri:0, instance:c2info_OrderBuk_ToBeVerifiedTCs.TC_004_VerifyInvalidButton@61009542]" name="endTest" is-config="true" duration-ms="543" started-at="2018-01-08T10:09:24Z" finished-at="2018-01-08T10:09:25Z">
          <reporter-output>
          </reporter-output>
        </test-method> <!-- endTest -->
        <test-method status="PASS" signature="afterMethod(org.testng.ITestResult)[pri:0, instance:c2info_OrderBuk_ToBeVerifiedTCs.TC_004_VerifyInvalidButton@61009542]" name="afterMethod" is-config="true" duration-ms="0" started-at="2018-01-08T10:09:24Z" finished-at="2018-01-08T10:09:24Z">
          <params>
            <param index="0">
              <value>
                <![CDATA[[TestResult name=verifyInvalidButton status=SUCCESS method=TC_004_VerifyInvalidButton.verifyInvalidButton()[pri:0, instance:c2info_OrderBuk_ToBeVerifiedTCs.TC_004_VerifyInvalidButton@61009542] output={null}]]]>
              </value>
            </param>
          </params>
          <reporter-output>
          </reporter-output>
        </test-method> <!-- afterMethod -->
      </class> <!-- c2info_OrderBuk_ToBeVerifiedTCs.TC_004_VerifyInvalidButton -->
    </test> <!-- Default test -->
  </suite> <!-- Default suite -->
</testng-results>
