<?xml version="1.0" encoding="UTF-8"?>
<testng-results skipped="0" failed="0" ignored="0" total="3" passed="3">
  <reporter-output>
  </reporter-output>
  <suite name="Default suite" duration-ms="31555" started-at="2018-09-04T05:45:26Z" finished-at="2018-09-04T05:45:57Z">
    <groups>
    </groups>
    <test name="Default test" duration-ms="31555" started-at="2018-09-04T05:45:26Z" finished-at="2018-09-04T05:45:57Z">
      <class name="c2info_OrderBuk_LoginTest.TC_001_LoginTestWithValidData">
        <test-method status="PASS" signature="setup()[pri:0, instance:c2info_OrderBuk_LoginTest.TC_001_LoginTestWithValidData@50a7bc6e]" name="setup" is-config="true" duration-ms="6511" started-at="2018-09-04T05:45:26Z" finished-at="2018-09-04T05:45:32Z">
          <reporter-output>
          </reporter-output>
        </test-method> <!-- setup -->
        <test-method status="PASS" signature="beforeMethod(java.lang.reflect.Method)[pri:0, instance:c2info_OrderBuk_LoginTest.TC_001_LoginTestWithValidData@50a7bc6e]" name="beforeMethod" is-config="true" duration-ms="3" started-at="2018-09-04T05:45:32Z" finished-at="2018-09-04T05:45:32Z">
          <params>
            <param index="0">
              <value>
                <![CDATA[public void c2info_OrderBuk_LoginTest.TC_001_LoginTestWithValidData.loginWithInvalidUserName() throws java.lang.InterruptedException]]>
              </value>
            </param>
          </params>
          <reporter-output>
          </reporter-output>
        </test-method> <!-- beforeMethod -->
        <test-method status="PASS" signature="loginWithInvalidUserName()[pri:-1, instance:c2info_OrderBuk_LoginTest.TC_001_LoginTestWithValidData@50a7bc6e]" name="loginWithInvalidUserName" duration-ms="8485" started-at="2018-09-04T05:45:32Z" finished-at="2018-09-04T05:45:41Z">
          <reporter-output>
          </reporter-output>
        </test-method> <!-- loginWithInvalidUserName -->
        <test-method status="PASS" signature="afterMethod(org.testng.ITestResult)[pri:0, instance:c2info_OrderBuk_LoginTest.TC_001_LoginTestWithValidData@50a7bc6e]" name="afterMethod" is-config="true" duration-ms="1" started-at="2018-09-04T05:45:41Z" finished-at="2018-09-04T05:45:41Z">
          <params>
            <param index="0">
              <value>
                <![CDATA[[TestResult name=loginWithInvalidUserName status=SUCCESS method=TC_001_LoginTestWithValidData.loginWithInvalidUserName()[pri:-1, instance:c2info_OrderBuk_LoginTest.TC_001_LoginTestWithValidData@50a7bc6e] output={null}]]]>
              </value>
            </param>
          </params>
          <reporter-output>
          </reporter-output>
        </test-method> <!-- afterMethod -->
        <test-method status="PASS" signature="beforeMethod(java.lang.reflect.Method)[pri:0, instance:c2info_OrderBuk_LoginTest.TC_001_LoginTestWithValidData@50a7bc6e]" name="beforeMethod" is-config="true" duration-ms="0" started-at="2018-09-04T05:45:41Z" finished-at="2018-09-04T05:45:41Z">
          <params>
            <param index="0">
              <value>
                <![CDATA[public void c2info_OrderBuk_LoginTest.TC_001_LoginTestWithValidData.loginWithInvalidPWD() throws java.lang.InterruptedException]]>
              </value>
            </param>
          </params>
          <reporter-output>
          </reporter-output>
        </test-method> <!-- beforeMethod -->
        <test-method status="PASS" signature="loginWithInvalidPWD()[pri:0, instance:c2info_OrderBuk_LoginTest.TC_001_LoginTestWithValidData@50a7bc6e]" name="loginWithInvalidPWD" duration-ms="5362" started-at="2018-09-04T05:45:41Z" finished-at="2018-09-04T05:45:46Z">
          <reporter-output>
          </reporter-output>
        </test-method> <!-- loginWithInvalidPWD -->
        <test-method status="PASS" signature="afterMethod(org.testng.ITestResult)[pri:0, instance:c2info_OrderBuk_LoginTest.TC_001_LoginTestWithValidData@50a7bc6e]" name="afterMethod" is-config="true" duration-ms="1" started-at="2018-09-04T05:45:46Z" finished-at="2018-09-04T05:45:46Z">
          <params>
            <param index="0">
              <value>
                <![CDATA[[TestResult name=loginWithInvalidPWD status=SUCCESS method=TC_001_LoginTestWithValidData.loginWithInvalidPWD()[pri:0, instance:c2info_OrderBuk_LoginTest.TC_001_LoginTestWithValidData@50a7bc6e] output={null}]]]>
              </value>
            </param>
          </params>
          <reporter-output>
          </reporter-output>
        </test-method> <!-- afterMethod -->
        <test-method status="PASS" signature="loginWithValidData()[pri:1, instance:c2info_OrderBuk_LoginTest.TC_001_LoginTestWithValidData@50a7bc6e]" name="loginWithValidData" duration-ms="10859" started-at="2018-09-04T05:45:46Z" finished-at="2018-09-04T05:45:57Z">
          <reporter-output>
          </reporter-output>
        </test-method> <!-- loginWithValidData -->
        <test-method status="PASS" signature="beforeMethod(java.lang.reflect.Method)[pri:0, instance:c2info_OrderBuk_LoginTest.TC_001_LoginTestWithValidData@50a7bc6e]" name="beforeMethod" is-config="true" duration-ms="0" started-at="2018-09-04T05:45:46Z" finished-at="2018-09-04T05:45:46Z">
          <params>
            <param index="0">
              <value>
                <![CDATA[public void c2info_OrderBuk_LoginTest.TC_001_LoginTestWithValidData.loginWithValidData() throws java.lang.InterruptedException]]>
              </value>
            </param>
          </params>
          <reporter-output>
          </reporter-output>
        </test-method> <!-- beforeMethod -->
        <test-method status="PASS" signature="endTest()[pri:0, instance:c2info_OrderBuk_LoginTest.TC_001_LoginTestWithValidData@50a7bc6e]" name="endTest" is-config="true" duration-ms="313" started-at="2018-09-04T05:45:57Z" finished-at="2018-09-04T05:45:57Z">
          <reporter-output>
          </reporter-output>
        </test-method> <!-- endTest -->
        <test-method status="PASS" signature="afterMethod(org.testng.ITestResult)[pri:0, instance:c2info_OrderBuk_LoginTest.TC_001_LoginTestWithValidData@50a7bc6e]" name="afterMethod" is-config="true" duration-ms="0" started-at="2018-09-04T05:45:57Z" finished-at="2018-09-04T05:45:57Z">
          <params>
            <param index="0">
              <value>
                <![CDATA[[TestResult name=loginWithValidData status=SUCCESS method=TC_001_LoginTestWithValidData.loginWithValidData()[pri:1, instance:c2info_OrderBuk_LoginTest.TC_001_LoginTestWithValidData@50a7bc6e] output={null}]]]>
              </value>
            </param>
          </params>
          <reporter-output>
          </reporter-output>
        </test-method> <!-- afterMethod -->
      </class> <!-- c2info_OrderBuk_LoginTest.TC_001_LoginTestWithValidData -->
    </test> <!-- Default test -->
  </suite> <!-- Default suite -->
</testng-results>
