<?xml version="1.0" encoding="UTF-8"?>
<testng-results skipped="0" failed="25" ignored="0" total="92" passed="67">
  <reporter-output>
    <line>
      <![CDATA[<a href='E:\workspace\c2info_OrderBuk\src\main\java\c2info_OrderBuk_ScreenShots\Failure\loginWithValidData_2018_01_29_15_01_539.png' ><img src = 'E:\workspace\c2info_OrderBuk\src\main\java\c2info_OrderBuk_ScreenShots\Failure\loginWithValidData_2018_01_29_15_01_539.png' hieght='100' width='100' /></a>]]>
    </line>
    <line>
      <![CDATA[<a href='E:\workspace\c2info_OrderBuk\src\main\java\c2info_OrderBuk_ScreenShots\Success\verifyAllBucketlinks_2018_01_29_15_01_316.png' ><img src = 'E:\workspace\c2info_OrderBuk\src\main\java\c2info_OrderBuk_ScreenShots\Success\verifyAllBucketlinks_2018_01_29_15_01_316.png' hieght='100' width='100' /></a>]]>
    </line>
    <line>
      <![CDATA[<a href='E:\workspace\c2info_OrderBuk\src\main\java\c2info_OrderBuk_ScreenShots\Success\verifyOrderCountToBeVerified_2018_01_29_15_01_724.png' ><img src = 'E:\workspace\c2info_OrderBuk\src\main\java\c2info_OrderBuk_ScreenShots\Success\verifyOrderCountToBeVerified_2018_01_29_15_01_724.png' hieght='100' width='100' /></a>]]>
    </line>
    <line>
      <![CDATA[<a href='E:\workspace\c2info_OrderBuk\src\main\java\c2info_OrderBuk_ScreenShots\Success\verifyLogoutInDashboard_2018_01_29_15_01_952.png' ><img src = 'E:\workspace\c2info_OrderBuk\src\main\java\c2info_OrderBuk_ScreenShots\Success\verifyLogoutInDashboard_2018_01_29_15_01_952.png' hieght='100' width='100' /></a>]]>
    </line>
    <line>
      <![CDATA[<a href='E:\workspace\c2info_OrderBuk\src\main\java\c2info_OrderBuk_ScreenShots\Failure\verifyUserName_2018_01_29_15_01_404.png' ><img src = 'E:\workspace\c2info_OrderBuk\src\main\java\c2info_OrderBuk_ScreenShots\Failure\verifyUserName_2018_01_29_15_01_404.png' hieght='100' width='100' /></a>]]>
    </line>
    <line>
      <![CDATA[<a href='E:\workspace\c2info_OrderBuk\src\main\java\c2info_OrderBuk_ScreenShots\Success\verifyDashboardLinkInMenuSlider_2018_01_29_15_01_402.png' ><img src = 'E:\workspace\c2info_OrderBuk\src\main\java\c2info_OrderBuk_ScreenShots\Success\verifyDashboardLinkInMenuSlider_2018_01_29_15_01_402.png' hieght='100' width='100' /></a>]]>
    </line>
    <line>
      <![CDATA[<a href='E:\workspace\c2info_OrderBuk\src\main\java\c2info_OrderBuk_ScreenShots\Success\verifyInvalidOrder_2018_01_29_15_01_813.png' ><img src = 'E:\workspace\c2info_OrderBuk\src\main\java\c2info_OrderBuk_ScreenShots\Success\verifyInvalidOrder_2018_01_29_15_01_813.png' hieght='100' width='100' /></a>]]>
    </line>
    <line>
      <![CDATA[<a href='E:\workspace\c2info_OrderBuk\src\main\java\c2info_OrderBuk_ScreenShots\Success\verifyImageInPrescriptionPage_2018_01_29_15_01_15.png' ><img src = 'E:\workspace\c2info_OrderBuk\src\main\java\c2info_OrderBuk_ScreenShots\Success\verifyImageInPrescriptionPage_2018_01_29_15_01_15.png' hieght='100' width='100' /></a>]]>
    </line>
    <line>
      <![CDATA[<a href='E:\workspace\c2info_OrderBuk\src\main\java\c2info_OrderBuk_ScreenShots\Success\verifyValidButtonInPrescriptionPage_2018_01_29_15_01_98.png' ><img src = 'E:\workspace\c2info_OrderBuk\src\main\java\c2info_OrderBuk_ScreenShots\Success\verifyValidButtonInPrescriptionPage_2018_01_29_15_01_98.png' hieght='100' width='100' /></a>]]>
    </line>
    <line>
      <![CDATA[<a href='E:\workspace\c2info_OrderBuk\src\main\java\c2info_OrderBuk_ScreenShots\Success\verifyInvalidButton_2018_01_29_15_01_728.png' ><img src = 'E:\workspace\c2info_OrderBuk\src\main\java\c2info_OrderBuk_ScreenShots\Success\verifyInvalidButton_2018_01_29_15_01_728.png' hieght='100' width='100' /></a>]]>
    </line>
    <line>
      <![CDATA[<a href='E:\workspace\c2info_OrderBuk\src\main\java\c2info_OrderBuk_ScreenShots\Success\verifySubmitButtonFunctionality_2018_01_29_15_01_859.png' ><img src = 'E:\workspace\c2info_OrderBuk\src\main\java\c2info_OrderBuk_ScreenShots\Success\verifySubmitButtonFunctionality_2018_01_29_15_01_859.png' hieght='100' width='100' /></a>]]>
    </line>
    <line>
      <![CDATA[<a href='E:\workspace\c2info_OrderBuk\src\main\java\c2info_OrderBuk_ScreenShots\Success\VerifyOrderPushedToReadyForOrder_2018_01_29_15_01_807.png' ><img src = 'E:\workspace\c2info_OrderBuk\src\main\java\c2info_OrderBuk_ScreenShots\Success\VerifyOrderPushedToReadyForOrder_2018_01_29_15_01_807.png' hieght='100' width='100' /></a>]]>
    </line>
    <line>
      <![CDATA[<a href='E:\workspace\c2info_OrderBuk\src\main\java\c2info_OrderBuk_ScreenShots\Success\verifyDosage_2018_01_29_15_01_869.png' ><img src = 'E:\workspace\c2info_OrderBuk\src\main\java\c2info_OrderBuk_ScreenShots\Success\verifyDosage_2018_01_29_15_01_869.png' hieght='100' width='100' /></a>]]>
    </line>
    <line>
      <![CDATA[<a href='E:\workspace\c2info_OrderBuk\src\main\java\c2info_OrderBuk_ScreenShots\Failure\verifyItemsAddedInTBV_2018_01_29_15_01_269.png' ><img src = 'E:\workspace\c2info_OrderBuk\src\main\java\c2info_OrderBuk_ScreenShots\Failure\verifyItemsAddedInTBV_2018_01_29_15_01_269.png' hieght='100' width='100' /></a>]]>
    </line>
    <line>
      <![CDATA[<a href='E:\workspace\c2info_OrderBuk\src\main\java\c2info_OrderBuk_ScreenShots\Success\verifyOrderIDIsNotNull_2018_01_29_15_01_736.png' ><img src = 'E:\workspace\c2info_OrderBuk\src\main\java\c2info_OrderBuk_ScreenShots\Success\verifyOrderIDIsNotNull_2018_01_29_15_01_736.png' hieght='100' width='100' /></a>]]>
    </line>
    <line>
      <![CDATA[<a href='E:\workspace\c2info_OrderBuk\src\main\java\c2info_OrderBuk_ScreenShots\Success\verifySubTotalAmt_2018_01_29_15_01_53.png' ><img src = 'E:\workspace\c2info_OrderBuk\src\main\java\c2info_OrderBuk_ScreenShots\Success\verifySubTotalAmt_2018_01_29_15_01_53.png' hieght='100' width='100' /></a>]]>
    </line>
    <line>
      <![CDATA[<a href='E:\workspace\c2info_OrderBuk\src\main\java\c2info_OrderBuk_ScreenShots\Success\verifyGrandTotal_2018_01_29_15_01_602.png' ><img src = 'E:\workspace\c2info_OrderBuk\src\main\java\c2info_OrderBuk_ScreenShots\Success\verifyGrandTotal_2018_01_29_15_01_602.png' hieght='100' width='100' /></a>]]>
    </line>
    <line>
      <![CDATA[<a href='E:\workspace\c2info_OrderBuk\src\main\java\c2info_OrderBuk_ScreenShots\Success\verifyConfirmButtonFunctionality_2018_01_29_15_01_389.png' ><img src = 'E:\workspace\c2info_OrderBuk\src\main\java\c2info_OrderBuk_ScreenShots\Success\verifyConfirmButtonFunctionality_2018_01_29_15_01_389.png' hieght='100' width='100' /></a>]]>
    </line>
    <line>
      <![CDATA[<a href='E:\workspace\c2info_OrderBuk\src\main\java\c2info_OrderBuk_ScreenShots\Success\verifyCancelButtonFunctionality_2018_01_29_15_01_91.png' ><img src = 'E:\workspace\c2info_OrderBuk\src\main\java\c2info_OrderBuk_ScreenShots\Success\verifyCancelButtonFunctionality_2018_01_29_15_01_91.png' hieght='100' width='100' /></a>]]>
    </line>
    <line>
      <![CDATA[<a href='E:\workspace\c2info_OrderBuk\src\main\java\c2info_OrderBuk_ScreenShots\Success\verifyReverifybutton_2018_01_29_15_01_677.png' ><img src = 'E:\workspace\c2info_OrderBuk\src\main\java\c2info_OrderBuk_ScreenShots\Success\verifyReverifybutton_2018_01_29_15_01_677.png' hieght='100' width='100' /></a>]]>
    </line>
    <line>
      <![CDATA[<a href='E:\workspace\c2info_OrderBuk\src\main\java\c2info_OrderBuk_ScreenShots\Success\deselectAllitemsAndCOnfirmOrder_2018_01_29_15_01_817.png' ><img src = 'E:\workspace\c2info_OrderBuk\src\main\java\c2info_OrderBuk_ScreenShots\Success\deselectAllitemsAndCOnfirmOrder_2018_01_29_15_01_817.png' hieght='100' width='100' /></a>]]>
    </line>
    <line>
      <![CDATA[<a href='E:\workspace\c2info_OrderBuk\src\main\java\c2info_OrderBuk_ScreenShots\Success\verifyImageInPrescriptionPage_2018_01_29_15_01_769.png' ><img src = 'E:\workspace\c2info_OrderBuk\src\main\java\c2info_OrderBuk_ScreenShots\Success\verifyImageInPrescriptionPage_2018_01_29_15_01_769.png' hieght='100' width='100' /></a>]]>
    </line>
    <line>
      <![CDATA[<a href='E:\workspace\c2info_OrderBuk\src\main\java\c2info_OrderBuk_ScreenShots\Success\verifyValidButtonInPrescriptionPage_2018_01_29_15_01_401.png' ><img src = 'E:\workspace\c2info_OrderBuk\src\main\java\c2info_OrderBuk_ScreenShots\Success\verifyValidButtonInPrescriptionPage_2018_01_29_15_01_401.png' hieght='100' width='100' /></a>]]>
    </line>
    <line>
      <![CDATA[<a href='E:\workspace\c2info_OrderBuk\src\main\java\c2info_OrderBuk_ScreenShots\Success\verifyInvalidButton_2018_01_29_15_01_454.png' ><img src = 'E:\workspace\c2info_OrderBuk\src\main\java\c2info_OrderBuk_ScreenShots\Success\verifyInvalidButton_2018_01_29_15_01_454.png' hieght='100' width='100' /></a>]]>
    </line>
    <line>
      <![CDATA[<a href='E:\workspace\c2info_OrderBuk\src\main\java\c2info_OrderBuk_ScreenShots\Success\verifyOrderIDIsNotNull_2018_01_29_15_01_217.png' ><img src = 'E:\workspace\c2info_OrderBuk\src\main\java\c2info_OrderBuk_ScreenShots\Success\verifyOrderIDIsNotNull_2018_01_29_15_01_217.png' hieght='100' width='100' /></a>]]>
    </line>
    <line>
      <![CDATA[<a href='E:\workspace\c2info_OrderBuk\src\main\java\c2info_OrderBuk_ScreenShots\Success\verifyCancelButtonFunctionality_2018_01_29_15_01_520.png' ><img src = 'E:\workspace\c2info_OrderBuk\src\main\java\c2info_OrderBuk_ScreenShots\Success\verifyCancelButtonFunctionality_2018_01_29_15_01_520.png' hieght='100' width='100' /></a>]]>
    </line>
    <line>
      <![CDATA[<a href='E:\workspace\c2info_OrderBuk\src\main\java\c2info_OrderBuk_ScreenShots\Success\verifySubmitOrderFunctionality_2018_01_29_15_01_11.png' ><img src = 'E:\workspace\c2info_OrderBuk\src\main\java\c2info_OrderBuk_ScreenShots\Success\verifySubmitOrderFunctionality_2018_01_29_15_01_11.png' hieght='100' width='100' /></a>]]>
    </line>
    <line>
      <![CDATA[<a href='E:\workspace\c2info_OrderBuk\src\main\java\c2info_OrderBuk_ScreenShots\Failure\verifySubmitOrderFunctionality_2018_01_29_15_01_796.png' ><img src = 'E:\workspace\c2info_OrderBuk\src\main\java\c2info_OrderBuk_ScreenShots\Failure\verifySubmitOrderFunctionality_2018_01_29_15_01_796.png' hieght='100' width='100' /></a>]]>
    </line>
    <line>
      <![CDATA[<a href='E:\workspace\c2info_OrderBuk\src\main\java\c2info_OrderBuk_ScreenShots\Failure\verifyNewItemRequest_2018_01_29_15_01_236.png' ><img src = 'E:\workspace\c2info_OrderBuk\src\main\java\c2info_OrderBuk_ScreenShots\Failure\verifyNewItemRequest_2018_01_29_15_01_236.png' hieght='100' width='100' /></a>]]>
    </line>
    <line>
      <![CDATA[<a href='E:\workspace\c2info_OrderBuk\src\main\java\c2info_OrderBuk_ScreenShots\Success\verifyNewItemRequestSuccessMsg_2018_01_29_15_01_620.png' ><img src = 'E:\workspace\c2info_OrderBuk\src\main\java\c2info_OrderBuk_ScreenShots\Success\verifyNewItemRequestSuccessMsg_2018_01_29_15_01_620.png' hieght='100' width='100' /></a>]]>
    </line>
    <line>
      <![CDATA[<a href='E:\workspace\c2info_OrderBuk\src\main\java\c2info_OrderBuk_ScreenShots\Success\verifyOrderIDIsNotNull_2018_01_29_15_01_55.png' ><img src = 'E:\workspace\c2info_OrderBuk\src\main\java\c2info_OrderBuk_ScreenShots\Success\verifyOrderIDIsNotNull_2018_01_29_15_01_55.png' hieght='100' width='100' /></a>]]>
    </line>
    <line>
      <![CDATA[<a href='E:\workspace\c2info_OrderBuk\src\main\java\c2info_OrderBuk_ScreenShots\Failure\verifyPrescriptionButton_2018_01_29_15_01_913.png' ><img src = 'E:\workspace\c2info_OrderBuk\src\main\java\c2info_OrderBuk_ScreenShots\Failure\verifyPrescriptionButton_2018_01_29_15_01_913.png' hieght='100' width='100' /></a>]]>
    </line>
    <line>
      <![CDATA[<a href='E:\workspace\c2info_OrderBuk\src\main\java\c2info_OrderBuk_ScreenShots\Success\verifyOrderhistorybutton_2018_01_29_15_01_773.png' ><img src = 'E:\workspace\c2info_OrderBuk\src\main\java\c2info_OrderBuk_ScreenShots\Success\verifyOrderhistorybutton_2018_01_29_15_01_773.png' hieght='100' width='100' /></a>]]>
    </line>
    <line>
      <![CDATA[<a href='E:\workspace\c2info_OrderBuk\src\main\java\c2info_OrderBuk_ScreenShots\Success\verifyOrderClosedButtonFunctionality_2018_01_29_15_01_211.png' ><img src = 'E:\workspace\c2info_OrderBuk\src\main\java\c2info_OrderBuk_ScreenShots\Success\verifyOrderClosedButtonFunctionality_2018_01_29_15_01_211.png' hieght='100' width='100' /></a>]]>
    </line>
    <line>
      <![CDATA[<a href='E:\workspace\c2info_OrderBuk\src\main\java\c2info_OrderBuk_ScreenShots\Failure\verifySumOfItemsWithGrandTotal_2018_01_29_15_01_972.png' ><img src = 'E:\workspace\c2info_OrderBuk\src\main\java\c2info_OrderBuk_ScreenShots\Failure\verifySumOfItemsWithGrandTotal_2018_01_29_15_01_972.png' hieght='100' width='100' /></a>]]>
    </line>
    <line>
      <![CDATA[<a href='E:\workspace\c2info_OrderBuk\src\main\java\c2info_OrderBuk_ScreenShots\Failure\verifySumOfSubTotalsWithGrandSubTotal_2018_01_29_16_01_966.png' ><img src = 'E:\workspace\c2info_OrderBuk\src\main\java\c2info_OrderBuk_ScreenShots\Failure\verifySumOfSubTotalsWithGrandSubTotal_2018_01_29_16_01_966.png' hieght='100' width='100' /></a>]]>
    </line>
    <line>
      <![CDATA[<a href='E:\workspace\c2info_OrderBuk\src\main\java\c2info_OrderBuk_ScreenShots\Failure\verifySumOfSubTotalsWithGrandSubTotal_2018_01_29_16_01_694.png' ><img src = 'E:\workspace\c2info_OrderBuk\src\main\java\c2info_OrderBuk_ScreenShots\Failure\verifySumOfSubTotalsWithGrandSubTotal_2018_01_29_16_01_694.png' hieght='100' width='100' /></a>]]>
    </line>
    <line>
      <![CDATA[<a href='E:\workspace\c2info_OrderBuk\src\main\java\c2info_OrderBuk_ScreenShots\Failure\verifyFooterModeOfPayment_2018_01_29_16_01_832.png' ><img src = 'E:\workspace\c2info_OrderBuk\src\main\java\c2info_OrderBuk_ScreenShots\Failure\verifyFooterModeOfPayment_2018_01_29_16_01_832.png' hieght='100' width='100' /></a>]]>
    </line>
    <line>
      <![CDATA[<a href='E:\workspace\c2info_OrderBuk\src\main\java\c2info_OrderBuk_ScreenShots\Success\verifyFooterModeOfDelivery_2018_01_29_16_01_478.png' ><img src = 'E:\workspace\c2info_OrderBuk\src\main\java\c2info_OrderBuk_ScreenShots\Success\verifyFooterModeOfDelivery_2018_01_29_16_01_478.png' hieght='100' width='100' /></a>]]>
    </line>
    <line>
      <![CDATA[<a href='E:\workspace\c2info_OrderBuk\src\main\java\c2info_OrderBuk_ScreenShots\Failure\verifyDownloadButton_2018_01_29_16_01_143.png' ><img src = 'E:\workspace\c2info_OrderBuk\src\main\java\c2info_OrderBuk_ScreenShots\Failure\verifyDownloadButton_2018_01_29_16_01_143.png' hieght='100' width='100' /></a>]]>
    </line>
    <line>
      <![CDATA[<a href='E:\workspace\c2info_OrderBuk\src\main\java\c2info_OrderBuk_ScreenShots\Success\verifyOrderIDIsNotNull_2018_01_29_16_01_188.png' ><img src = 'E:\workspace\c2info_OrderBuk\src\main\java\c2info_OrderBuk_ScreenShots\Success\verifyOrderIDIsNotNull_2018_01_29_16_01_188.png' hieght='100' width='100' /></a>]]>
    </line>
    <line>
      <![CDATA[<a href='E:\workspace\c2info_OrderBuk\src\main\java\c2info_OrderBuk_ScreenShots\Success\verifyOrderhistorybutton_2018_01_29_16_01_396.png' ><img src = 'E:\workspace\c2info_OrderBuk\src\main\java\c2info_OrderBuk_ScreenShots\Success\verifyOrderhistorybutton_2018_01_29_16_01_396.png' hieght='100' width='100' /></a>]]>
    </line>
    <line>
      <![CDATA[<a href='E:\workspace\c2info_OrderBuk\src\main\java\c2info_OrderBuk_ScreenShots\Success\verifyOrderClosedButtonFunctionality_2018_01_29_16_01_628.png' ><img src = 'E:\workspace\c2info_OrderBuk\src\main\java\c2info_OrderBuk_ScreenShots\Success\verifyOrderClosedButtonFunctionality_2018_01_29_16_01_628.png' hieght='100' width='100' /></a>]]>
    </line>
    <line>
      <![CDATA[<a href='E:\workspace\c2info_OrderBuk\src\main\java\c2info_OrderBuk_ScreenShots\Success\verifySumOfItemsWithGrandTotal_2018_01_29_16_01_752.png' ><img src = 'E:\workspace\c2info_OrderBuk\src\main\java\c2info_OrderBuk_ScreenShots\Success\verifySumOfItemsWithGrandTotal_2018_01_29_16_01_752.png' hieght='100' width='100' /></a>]]>
    </line>
    <line>
      <![CDATA[<a href='E:\workspace\c2info_OrderBuk\src\main\java\c2info_OrderBuk_ScreenShots\Success\verifySumOfSubTotalsWithGrandSubTotal_2018_01_29_16_01_436.png' ><img src = 'E:\workspace\c2info_OrderBuk\src\main\java\c2info_OrderBuk_ScreenShots\Success\verifySumOfSubTotalsWithGrandSubTotal_2018_01_29_16_01_436.png' hieght='100' width='100' /></a>]]>
    </line>
    <line>
      <![CDATA[<a href='E:\workspace\c2info_OrderBuk\src\main\java\c2info_OrderBuk_ScreenShots\Success\verifySumOfSubTotalsWithGrandSubTotal_2018_01_29_16_01_882.png' ><img src = 'E:\workspace\c2info_OrderBuk\src\main\java\c2info_OrderBuk_ScreenShots\Success\verifySumOfSubTotalsWithGrandSubTotal_2018_01_29_16_01_882.png' hieght='100' width='100' /></a>]]>
    </line>
    <line>
      <![CDATA[<a href='E:\workspace\c2info_OrderBuk\src\main\java\c2info_OrderBuk_ScreenShots\Failure\verifyFooterModeOfPayment_2018_01_29_16_01_795.png' ><img src = 'E:\workspace\c2info_OrderBuk\src\main\java\c2info_OrderBuk_ScreenShots\Failure\verifyFooterModeOfPayment_2018_01_29_16_01_795.png' hieght='100' width='100' /></a>]]>
    </line>
    <line>
      <![CDATA[<a href='E:\workspace\c2info_OrderBuk\src\main\java\c2info_OrderBuk_ScreenShots\Success\verifyFooterModeOfDelivery_2018_01_29_16_01_466.png' ><img src = 'E:\workspace\c2info_OrderBuk\src\main\java\c2info_OrderBuk_ScreenShots\Success\verifyFooterModeOfDelivery_2018_01_29_16_01_466.png' hieght='100' width='100' /></a>]]>
    </line>
    <line>
      <![CDATA[<a href='E:\workspace\c2info_OrderBuk\src\main\java\c2info_OrderBuk_ScreenShots\Failure\verifyDownloadButton_2018_01_29_16_01_381.png' ><img src = 'E:\workspace\c2info_OrderBuk\src\main\java\c2info_OrderBuk_ScreenShots\Failure\verifyDownloadButton_2018_01_29_16_01_381.png' hieght='100' width='100' /></a>]]>
    </line>
    <line>
      <![CDATA[<a href='E:\workspace\c2info_OrderBuk\src\main\java\c2info_OrderBuk_ScreenShots\Success\verifyOrderIDIsNotNull_2018_01_29_16_01_377.png' ><img src = 'E:\workspace\c2info_OrderBuk\src\main\java\c2info_OrderBuk_ScreenShots\Success\verifyOrderIDIsNotNull_2018_01_29_16_01_377.png' hieght='100' width='100' /></a>]]>
    </line>
    <line>
      <![CDATA[<a href='E:\workspace\c2info_OrderBuk\src\main\java\c2info_OrderBuk_ScreenShots\Success\verifyOrderhistorybutton_2018_01_29_16_01_681.png' ><img src = 'E:\workspace\c2info_OrderBuk\src\main\java\c2info_OrderBuk_ScreenShots\Success\verifyOrderhistorybutton_2018_01_29_16_01_681.png' hieght='100' width='100' /></a>]]>
    </line>
    <line>
      <![CDATA[<a href='E:\workspace\c2info_OrderBuk\src\main\java\c2info_OrderBuk_ScreenShots\Success\verifyOrderClosedButtonFunctionality_2018_01_29_16_01_978.png' ><img src = 'E:\workspace\c2info_OrderBuk\src\main\java\c2info_OrderBuk_ScreenShots\Success\verifyOrderClosedButtonFunctionality_2018_01_29_16_01_978.png' hieght='100' width='100' /></a>]]>
    </line>
    <line>
      <![CDATA[<a href='E:\workspace\c2info_OrderBuk\src\main\java\c2info_OrderBuk_ScreenShots\Success\verifySumOfItemsWithGrandTotal_2018_01_29_16_01_374.png' ><img src = 'E:\workspace\c2info_OrderBuk\src\main\java\c2info_OrderBuk_ScreenShots\Success\verifySumOfItemsWithGrandTotal_2018_01_29_16_01_374.png' hieght='100' width='100' /></a>]]>
    </line>
    <line>
      <![CDATA[<a href='E:\workspace\c2info_OrderBuk\src\main\java\c2info_OrderBuk_ScreenShots\Success\verifySumOfSubTotalsWithGrandSubTotal_2018_01_29_16_01_334.png' ><img src = 'E:\workspace\c2info_OrderBuk\src\main\java\c2info_OrderBuk_ScreenShots\Success\verifySumOfSubTotalsWithGrandSubTotal_2018_01_29_16_01_334.png' hieght='100' width='100' /></a>]]>
    </line>
    <line>
      <![CDATA[<a href='E:\workspace\c2info_OrderBuk\src\main\java\c2info_OrderBuk_ScreenShots\Failure\verifySumOfSubTotalsWithGrandSubTotal_2018_01_29_16_01_936.png' ><img src = 'E:\workspace\c2info_OrderBuk\src\main\java\c2info_OrderBuk_ScreenShots\Failure\verifySumOfSubTotalsWithGrandSubTotal_2018_01_29_16_01_936.png' hieght='100' width='100' /></a>]]>
    </line>
    <line>
      <![CDATA[<a href='E:\workspace\c2info_OrderBuk\src\main\java\c2info_OrderBuk_ScreenShots\Failure\verifyFooterModeOfPayment_2018_01_29_16_01_270.png' ><img src = 'E:\workspace\c2info_OrderBuk\src\main\java\c2info_OrderBuk_ScreenShots\Failure\verifyFooterModeOfPayment_2018_01_29_16_01_270.png' hieght='100' width='100' /></a>]]>
    </line>
    <line>
      <![CDATA[<a href='E:\workspace\c2info_OrderBuk\src\main\java\c2info_OrderBuk_ScreenShots\Success\verifyFooterModeOfDelivery_2018_01_29_16_01_785.png' ><img src = 'E:\workspace\c2info_OrderBuk\src\main\java\c2info_OrderBuk_ScreenShots\Success\verifyFooterModeOfDelivery_2018_01_29_16_01_785.png' hieght='100' width='100' /></a>]]>
    </line>
    <line>
      <![CDATA[<a href='E:\workspace\c2info_OrderBuk\src\main\java\c2info_OrderBuk_ScreenShots\Failure\verifyDownloadButton_2018_01_29_16_01_315.png' ><img src = 'E:\workspace\c2info_OrderBuk\src\main\java\c2info_OrderBuk_ScreenShots\Failure\verifyDownloadButton_2018_01_29_16_01_315.png' hieght='100' width='100' /></a>]]>
    </line>
    <line>
      <![CDATA[<a href='E:\workspace\c2info_OrderBuk\src\main\java\c2info_OrderBuk_ScreenShots\Success\verifyOrderIDIsNotNull_2018_01_29_16_01_739.png' ><img src = 'E:\workspace\c2info_OrderBuk\src\main\java\c2info_OrderBuk_ScreenShots\Success\verifyOrderIDIsNotNull_2018_01_29_16_01_739.png' hieght='100' width='100' /></a>]]>
    </line>
    <line>
      <![CDATA[<a href='E:\workspace\c2info_OrderBuk\src\main\java\c2info_OrderBuk_ScreenShots\Success\verifyOrderhistorybutton_2018_01_29_16_01_805.png' ><img src = 'E:\workspace\c2info_OrderBuk\src\main\java\c2info_OrderBuk_ScreenShots\Success\verifyOrderhistorybutton_2018_01_29_16_01_805.png' hieght='100' width='100' /></a>]]>
    </line>
    <line>
      <![CDATA[<a href='E:\workspace\c2info_OrderBuk\src\main\java\c2info_OrderBuk_ScreenShots\Success\verifyOrderClosedButtonFunctionality_2018_01_29_16_01_157.png' ><img src = 'E:\workspace\c2info_OrderBuk\src\main\java\c2info_OrderBuk_ScreenShots\Success\verifyOrderClosedButtonFunctionality_2018_01_29_16_01_157.png' hieght='100' width='100' /></a>]]>
    </line>
    <line>
      <![CDATA[<a href='E:\workspace\c2info_OrderBuk\src\main\java\c2info_OrderBuk_ScreenShots\Success\verifySumOfItemsWithGrandTotal_2018_01_29_16_01_837.png' ><img src = 'E:\workspace\c2info_OrderBuk\src\main\java\c2info_OrderBuk_ScreenShots\Success\verifySumOfItemsWithGrandTotal_2018_01_29_16_01_837.png' hieght='100' width='100' /></a>]]>
    </line>
    <line>
      <![CDATA[<a href='E:\workspace\c2info_OrderBuk\src\main\java\c2info_OrderBuk_ScreenShots\Success\verifySumOfSubTotalsWithGrandSubTotal_2018_01_29_16_01_346.png' ><img src = 'E:\workspace\c2info_OrderBuk\src\main\java\c2info_OrderBuk_ScreenShots\Success\verifySumOfSubTotalsWithGrandSubTotal_2018_01_29_16_01_346.png' hieght='100' width='100' /></a>]]>
    </line>
    <line>
      <![CDATA[<a href='E:\workspace\c2info_OrderBuk\src\main\java\c2info_OrderBuk_ScreenShots\Success\verifySumOfSubTotalsWithGrandSubTotal_2018_01_29_16_01_15.png' ><img src = 'E:\workspace\c2info_OrderBuk\src\main\java\c2info_OrderBuk_ScreenShots\Success\verifySumOfSubTotalsWithGrandSubTotal_2018_01_29_16_01_15.png' hieght='100' width='100' /></a>]]>
    </line>
    <line>
      <![CDATA[<a href='E:\workspace\c2info_OrderBuk\src\main\java\c2info_OrderBuk_ScreenShots\Failure\verifyFooterModeOfPayment_2018_01_29_16_01_202.png' ><img src = 'E:\workspace\c2info_OrderBuk\src\main\java\c2info_OrderBuk_ScreenShots\Failure\verifyFooterModeOfPayment_2018_01_29_16_01_202.png' hieght='100' width='100' /></a>]]>
    </line>
    <line>
      <![CDATA[<a href='E:\workspace\c2info_OrderBuk\src\main\java\c2info_OrderBuk_ScreenShots\Success\verifyFooterModeOfDelivery_2018_01_29_16_01_66.png' ><img src = 'E:\workspace\c2info_OrderBuk\src\main\java\c2info_OrderBuk_ScreenShots\Success\verifyFooterModeOfDelivery_2018_01_29_16_01_66.png' hieght='100' width='100' /></a>]]>
    </line>
    <line>
      <![CDATA[<a href='E:\workspace\c2info_OrderBuk\src\main\java\c2info_OrderBuk_ScreenShots\Failure\verifyDownloadButton_2018_01_29_16_01_956.png' ><img src = 'E:\workspace\c2info_OrderBuk\src\main\java\c2info_OrderBuk_ScreenShots\Failure\verifyDownloadButton_2018_01_29_16_01_956.png' hieght='100' width='100' /></a>]]>
    </line>
    <line>
      <![CDATA[<a href='E:\workspace\c2info_OrderBuk\src\main\java\c2info_OrderBuk_ScreenShots\Success\verifyOrderIDIsNotNull_2018_01_29_16_01_795.png' ><img src = 'E:\workspace\c2info_OrderBuk\src\main\java\c2info_OrderBuk_ScreenShots\Success\verifyOrderIDIsNotNull_2018_01_29_16_01_795.png' hieght='100' width='100' /></a>]]>
    </line>
    <line>
      <![CDATA[<a href='E:\workspace\c2info_OrderBuk\src\main\java\c2info_OrderBuk_ScreenShots\Success\verifyOrderhistorybutton_2018_01_29_16_01_716.png' ><img src = 'E:\workspace\c2info_OrderBuk\src\main\java\c2info_OrderBuk_ScreenShots\Success\verifyOrderhistorybutton_2018_01_29_16_01_716.png' hieght='100' width='100' /></a>]]>
    </line>
    <line>
      <![CDATA[<a href='E:\workspace\c2info_OrderBuk\src\main\java\c2info_OrderBuk_ScreenShots\Success\verifyOrderClosedButtonFunctionality_2018_01_29_16_01_514.png' ><img src = 'E:\workspace\c2info_OrderBuk\src\main\java\c2info_OrderBuk_ScreenShots\Success\verifyOrderClosedButtonFunctionality_2018_01_29_16_01_514.png' hieght='100' width='100' /></a>]]>
    </line>
    <line>
      <![CDATA[<a href='E:\workspace\c2info_OrderBuk\src\main\java\c2info_OrderBuk_ScreenShots\Success\verifySumOfItemsWithGrandTotal_2018_01_29_16_01_523.png' ><img src = 'E:\workspace\c2info_OrderBuk\src\main\java\c2info_OrderBuk_ScreenShots\Success\verifySumOfItemsWithGrandTotal_2018_01_29_16_01_523.png' hieght='100' width='100' /></a>]]>
    </line>
    <line>
      <![CDATA[<a href='E:\workspace\c2info_OrderBuk\src\main\java\c2info_OrderBuk_ScreenShots\Success\verifySumOfSubTotalsWithGrandSubTotal_2018_01_29_16_01_305.png' ><img src = 'E:\workspace\c2info_OrderBuk\src\main\java\c2info_OrderBuk_ScreenShots\Success\verifySumOfSubTotalsWithGrandSubTotal_2018_01_29_16_01_305.png' hieght='100' width='100' /></a>]]>
    </line>
    <line>
      <![CDATA[<a href='E:\workspace\c2info_OrderBuk\src\main\java\c2info_OrderBuk_ScreenShots\Success\verifySumOfSubTotalsWithGrandSubTotal_2018_01_29_16_01_992.png' ><img src = 'E:\workspace\c2info_OrderBuk\src\main\java\c2info_OrderBuk_ScreenShots\Success\verifySumOfSubTotalsWithGrandSubTotal_2018_01_29_16_01_992.png' hieght='100' width='100' /></a>]]>
    </line>
    <line>
      <![CDATA[<a href='E:\workspace\c2info_OrderBuk\src\main\java\c2info_OrderBuk_ScreenShots\Failure\verifyFooterModeOfPayment_2018_01_29_16_01_330.png' ><img src = 'E:\workspace\c2info_OrderBuk\src\main\java\c2info_OrderBuk_ScreenShots\Failure\verifyFooterModeOfPayment_2018_01_29_16_01_330.png' hieght='100' width='100' /></a>]]>
    </line>
    <line>
      <![CDATA[<a href='E:\workspace\c2info_OrderBuk\src\main\java\c2info_OrderBuk_ScreenShots\Success\verifyFooterModeOfDelivery_2018_01_29_16_01_622.png' ><img src = 'E:\workspace\c2info_OrderBuk\src\main\java\c2info_OrderBuk_ScreenShots\Success\verifyFooterModeOfDelivery_2018_01_29_16_01_622.png' hieght='100' width='100' /></a>]]>
    </line>
    <line>
      <![CDATA[<a href='E:\workspace\c2info_OrderBuk\src\main\java\c2info_OrderBuk_ScreenShots\Failure\verifyDownloadButton_2018_01_29_16_01_237.png' ><img src = 'E:\workspace\c2info_OrderBuk\src\main\java\c2info_OrderBuk_ScreenShots\Failure\verifyDownloadButton_2018_01_29_16_01_237.png' hieght='100' width='100' /></a>]]>
    </line>
    <line>
      <![CDATA[<a href='E:\workspace\c2info_OrderBuk\src\main\java\c2info_OrderBuk_ScreenShots\Success\verifyInvalidPrescFromTBV_2018_01_29_16_01_786.png' ><img src = 'E:\workspace\c2info_OrderBuk\src\main\java\c2info_OrderBuk_ScreenShots\Success\verifyInvalidPrescFromTBV_2018_01_29_16_01_786.png' hieght='100' width='100' /></a>]]>
    </line>
    <line>
      <![CDATA[<a href='E:\workspace\c2info_OrderBuk\src\main\java\c2info_OrderBuk_ScreenShots\Success\verifyInvalidOrder_2018_01_29_16_01_709.png' ><img src = 'E:\workspace\c2info_OrderBuk\src\main\java\c2info_OrderBuk_ScreenShots\Success\verifyInvalidOrder_2018_01_29_16_01_709.png' hieght='100' width='100' /></a>]]>
    </line>
    <line>
      <![CDATA[<a href='E:\workspace\c2info_OrderBuk\src\main\java\c2info_OrderBuk_ScreenShots\Success\verifyInvalidOrder_2018_01_29_16_01_86.png' ><img src = 'E:\workspace\c2info_OrderBuk\src\main\java\c2info_OrderBuk_ScreenShots\Success\verifyInvalidOrder_2018_01_29_16_01_86.png' hieght='100' width='100' /></a>]]>
    </line>
    <line>
      <![CDATA[<a href='E:\workspace\c2info_OrderBuk\src\main\java\c2info_OrderBuk_ScreenShots\Success\verifyInvalidOrder_2018_01_29_16_01_179.png' ><img src = 'E:\workspace\c2info_OrderBuk\src\main\java\c2info_OrderBuk_ScreenShots\Success\verifyInvalidOrder_2018_01_29_16_01_179.png' hieght='100' width='100' /></a>]]>
    </line>
    <line>
      <![CDATA[<a href='E:\workspace\c2info_OrderBuk\src\main\java\c2info_OrderBuk_ScreenShots\Failure\verifyCancelButtonFromRFO_2018_01_29_16_01_707.png' ><img src = 'E:\workspace\c2info_OrderBuk\src\main\java\c2info_OrderBuk_ScreenShots\Failure\verifyCancelButtonFromRFO_2018_01_29_16_01_707.png' hieght='100' width='100' /></a>]]>
    </line>
    <line>
      <![CDATA[<a href='E:\workspace\c2info_OrderBuk\src\main\java\c2info_OrderBuk_ScreenShots\Failure\verifyCancelButtonFromRFO_2018_01_29_16_01_651.png' ><img src = 'E:\workspace\c2info_OrderBuk\src\main\java\c2info_OrderBuk_ScreenShots\Failure\verifyCancelButtonFromRFO_2018_01_29_16_01_651.png' hieght='100' width='100' /></a>]]>
    </line>
    <line>
      <![CDATA[<a href='E:\workspace\c2info_OrderBuk\src\main\java\c2info_OrderBuk_ScreenShots\Success\verifyOrderhistorybutton_2018_01_29_16_01_617.png' ><img src = 'E:\workspace\c2info_OrderBuk\src\main\java\c2info_OrderBuk_ScreenShots\Success\verifyOrderhistorybutton_2018_01_29_16_01_617.png' hieght='100' width='100' /></a>]]>
    </line>
    <line>
      <![CDATA[<a href='E:\workspace\c2info_OrderBuk\src\main\java\c2info_OrderBuk_ScreenShots\Failure\verifyReverifyFunctionality_2018_01_29_16_01_382.png' ><img src = 'E:\workspace\c2info_OrderBuk\src\main\java\c2info_OrderBuk_ScreenShots\Failure\verifyReverifyFunctionality_2018_01_29_16_01_382.png' hieght='100' width='100' /></a>]]>
    </line>
    <line>
      <![CDATA[<a href='E:\workspace\c2info_OrderBuk\src\main\java\c2info_OrderBuk_ScreenShots\Success\verifyPrescriptionButton_2018_01_29_16_01_126.png' ><img src = 'E:\workspace\c2info_OrderBuk\src\main\java\c2info_OrderBuk_ScreenShots\Success\verifyPrescriptionButton_2018_01_29_16_01_126.png' hieght='100' width='100' /></a>]]>
    </line>
    <line>
      <![CDATA[<a href='E:\workspace\c2info_OrderBuk\src\main\java\c2info_OrderBuk_ScreenShots\Success\verifyAtleastOneItemIsAddedasNewItem_2018_01_29_16_01_751.png' ><img src = 'E:\workspace\c2info_OrderBuk\src\main\java\c2info_OrderBuk_ScreenShots\Success\verifyAtleastOneItemIsAddedasNewItem_2018_01_29_16_01_751.png' hieght='100' width='100' /></a>]]>
    </line>
    <line>
      <![CDATA[<a href='E:\workspace\c2info_OrderBuk\src\main\java\c2info_OrderBuk_ScreenShots\Failure\verifyReverifyFunctionality_2018_01_29_16_01_317.png' ><img src = 'E:\workspace\c2info_OrderBuk\src\main\java\c2info_OrderBuk_ScreenShots\Failure\verifyReverifyFunctionality_2018_01_29_16_01_317.png' hieght='100' width='100' /></a>]]>
    </line>
    <line>
      <![CDATA[<a href='E:\workspace\c2info_OrderBuk\src\main\java\c2info_OrderBuk_ScreenShots\Success\verifyPrescriptionButton_2018_01_29_16_01_298.png' ><img src = 'E:\workspace\c2info_OrderBuk\src\main\java\c2info_OrderBuk_ScreenShots\Success\verifyPrescriptionButton_2018_01_29_16_01_298.png' hieght='100' width='100' /></a>]]>
    </line>
    <line>
      <![CDATA[<a href='E:\workspace\c2info_OrderBuk\src\main\java\c2info_OrderBuk_ScreenShots\Success\verifyOrderhistorybutton_2018_01_29_16_01_937.png' ><img src = 'E:\workspace\c2info_OrderBuk\src\main\java\c2info_OrderBuk_ScreenShots\Success\verifyOrderhistorybutton_2018_01_29_16_01_937.png' hieght='100' width='100' /></a>]]>
    </line>
    <line>
      <![CDATA[<a href='E:\workspace\c2info_OrderBuk\src\main\java\c2info_OrderBuk_ScreenShots\Success\verifyOrderClosedButtonFunctionality_2018_01_29_16_01_362.png' ><img src = 'E:\workspace\c2info_OrderBuk\src\main\java\c2info_OrderBuk_ScreenShots\Success\verifyOrderClosedButtonFunctionality_2018_01_29_16_01_362.png' hieght='100' width='100' /></a>]]>
    </line>
    <line>
      <![CDATA[<a href='E:\workspace\c2info_OrderBuk\src\main\java\c2info_OrderBuk_ScreenShots\Failure\verifyNewItemFomTBV_2018_01_29_16_01_278.png' ><img src = 'E:\workspace\c2info_OrderBuk\src\main\java\c2info_OrderBuk_ScreenShots\Failure\verifyNewItemFomTBV_2018_01_29_16_01_278.png' hieght='100' width='100' /></a>]]>
    </line>
    <line>
      <![CDATA[<a href='E:\workspace\c2info_OrderBuk\src\main\java\c2info_OrderBuk_ScreenShots\Success\verifyNewItemFromCCVP_2018_01_29_16_01_718.png' ><img src = 'E:\workspace\c2info_OrderBuk\src\main\java\c2info_OrderBuk_ScreenShots\Success\verifyNewItemFromCCVP_2018_01_29_16_01_718.png' hieght='100' width='100' /></a>]]>
    </line>
  </reporter-output>
  <suite name="Suite" duration-ms="3398276" started-at="2018-01-29T10:08:10Z" finished-at="2018-01-29T11:04:49Z">
    <groups>
    </groups>
    <test name="Test" duration-ms="3398276" started-at="2018-01-29T10:08:10Z" finished-at="2018-01-29T11:04:49Z">
      <class name="c2info_OrderBuk_DashboardTCs.TC_002_VerifyOrderCountInEachbucket">
        <test-method status="PASS" signature="setup()[pri:0, instance:c2info_OrderBuk_DashboardTCs.TC_002_VerifyOrderCountInEachbucket@1a84f40f]" name="setup" is-config="true" duration-ms="7542" started-at="2018-01-29T15:39:28Z" finished-at="2018-01-29T15:39:36Z">
          <reporter-output>
          </reporter-output>
        </test-method> <!-- setup -->
        <test-method status="PASS" signature="verifyOrderCountToBeVerified()[pri:0, instance:c2info_OrderBuk_DashboardTCs.TC_002_VerifyOrderCountInEachbucket@1a84f40f]" name="verifyOrderCountToBeVerified" duration-ms="17484" started-at="2018-01-29T15:39:36Z" finished-at="2018-01-29T15:39:53Z">
          <reporter-output>
            <line>
              <![CDATA[<a href='E:\workspace\c2info_OrderBuk\src\main\java\c2info_OrderBuk_ScreenShots\Success\verifyOrderCountToBeVerified_2018_01_29_15_01_724.png' ><img src = 'E:\workspace\c2info_OrderBuk\src\main\java\c2info_OrderBuk_ScreenShots\Success\verifyOrderCountToBeVerified_2018_01_29_15_01_724.png' hieght='100' width='100' /></a>]]>
            </line>
          </reporter-output>
        </test-method> <!-- verifyOrderCountToBeVerified -->
        <test-method status="PASS" signature="beforeMethod(java.lang.reflect.Method)[pri:0, instance:c2info_OrderBuk_DashboardTCs.TC_002_VerifyOrderCountInEachbucket@1a84f40f]" name="beforeMethod" is-config="true" duration-ms="0" started-at="2018-01-29T15:39:36Z" finished-at="2018-01-29T15:39:36Z">
          <params>
            <param index="0">
              <value>
                <![CDATA[public void c2info_OrderBuk_DashboardTCs.TC_002_VerifyOrderCountInEachbucket.verifyOrderCountToBeVerified() throws java.lang.InterruptedException]]>
              </value>
            </param>
          </params>
          <reporter-output>
          </reporter-output>
        </test-method> <!-- beforeMethod -->
        <test-method status="PASS" signature="afterMethod(org.testng.ITestResult)[pri:0, instance:c2info_OrderBuk_DashboardTCs.TC_002_VerifyOrderCountInEachbucket@1a84f40f]" name="afterMethod" is-config="true" duration-ms="0" started-at="2018-01-29T15:39:54Z" finished-at="2018-01-29T15:39:54Z">
          <params>
            <param index="0">
              <value>
                <![CDATA[[TestResult name=verifyOrderCountToBeVerified status=SUCCESS method=TC_002_VerifyOrderCountInEachbucket.verifyOrderCountToBeVerified()[pri:0, instance:c2info_OrderBuk_DashboardTCs.TC_002_VerifyOrderCountInEachbucket@1a84f40f] output=<a href='E:\workspace\c2info_OrderBuk\src\main\java\c2info_OrderBuk_ScreenShots\Success\verifyOrderCountToBeVerified_2018_01_29_15_01_724.png' ><img src = 'E:\workspace\c2info_OrderBuk\src\main\java\c2info_OrderBuk_ScreenShots\Success\verifyOrderCountToBeVerified_2018_01_29_15_01_724.png' hieght='100' width='100' /></a>]]]>
              </value>
            </param>
          </params>
          <reporter-output>
          </reporter-output>
        </test-method> <!-- afterMethod -->
        <test-method status="PASS" signature="endTest()[pri:0, instance:c2info_OrderBuk_DashboardTCs.TC_002_VerifyOrderCountInEachbucket@1a84f40f]" name="endTest" is-config="true" duration-ms="76" started-at="2018-01-29T15:39:54Z" finished-at="2018-01-29T15:39:54Z">
          <reporter-output>
          </reporter-output>
        </test-method> <!-- endTest -->
      </class> <!-- c2info_OrderBuk_DashboardTCs.TC_002_VerifyOrderCountInEachbucket -->
      <class name="c2info_OrderBuk_ReadyForOrderTCs.TC_006_VerifyCancelButton">
        <test-method status="PASS" signature="setup()[pri:0, instance:c2info_OrderBuk_ReadyForOrderTCs.TC_006_VerifyCancelButton@475e586c]" name="setup" is-config="true" duration-ms="12307" started-at="2018-01-29T15:49:50Z" finished-at="2018-01-29T15:50:03Z">
          <reporter-output>
          </reporter-output>
        </test-method> <!-- setup -->
        <test-method status="PASS" signature="beforeMethod(java.lang.reflect.Method)[pri:0, instance:c2info_OrderBuk_ReadyForOrderTCs.TC_006_VerifyCancelButton@475e586c]" name="beforeMethod" is-config="true" duration-ms="0" started-at="2018-01-29T15:50:03Z" finished-at="2018-01-29T15:50:03Z">
          <params>
            <param index="0">
              <value>
                <![CDATA[public void c2info_OrderBuk_ReadyForOrderTCs.TC_006_VerifyCancelButton.verifyCancelButtonFunctionality() throws java.lang.InterruptedException]]>
              </value>
            </param>
          </params>
          <reporter-output>
          </reporter-output>
        </test-method> <!-- beforeMethod -->
        <test-method status="PASS" signature="verifyCancelButtonFunctionality()[pri:0, instance:c2info_OrderBuk_ReadyForOrderTCs.TC_006_VerifyCancelButton@475e586c]" name="verifyCancelButtonFunctionality" duration-ms="18995" started-at="2018-01-29T15:50:03Z" finished-at="2018-01-29T15:50:22Z">
          <reporter-output>
            <line>
              <![CDATA[<a href='E:\workspace\c2info_OrderBuk\src\main\java\c2info_OrderBuk_ScreenShots\Success\verifyCancelButtonFunctionality_2018_01_29_15_01_91.png' ><img src = 'E:\workspace\c2info_OrderBuk\src\main\java\c2info_OrderBuk_ScreenShots\Success\verifyCancelButtonFunctionality_2018_01_29_15_01_91.png' hieght='100' width='100' /></a>]]>
            </line>
          </reporter-output>
        </test-method> <!-- verifyCancelButtonFunctionality -->
        <test-method status="PASS" signature="endTest()[pri:0, instance:c2info_OrderBuk_ReadyForOrderTCs.TC_006_VerifyCancelButton@475e586c]" name="endTest" is-config="true" duration-ms="112" started-at="2018-01-29T15:50:22Z" finished-at="2018-01-29T15:50:22Z">
          <reporter-output>
          </reporter-output>
        </test-method> <!-- endTest -->
        <test-method status="PASS" signature="afterMethod(org.testng.ITestResult)[pri:0, instance:c2info_OrderBuk_ReadyForOrderTCs.TC_006_VerifyCancelButton@475e586c]" name="afterMethod" is-config="true" duration-ms="0" started-at="2018-01-29T15:50:22Z" finished-at="2018-01-29T15:50:22Z">
          <params>
            <param index="0">
              <value>
                <![CDATA[[TestResult name=verifyCancelButtonFunctionality status=SUCCESS method=TC_006_VerifyCancelButton.verifyCancelButtonFunctionality()[pri:0, instance:c2info_OrderBuk_ReadyForOrderTCs.TC_006_VerifyCancelButton@475e586c] output=<a href='E:\workspace\c2info_OrderBuk\src\main\java\c2info_OrderBuk_ScreenShots\Success\verifyCancelButtonFunctionality_2018_01_29_15_01_91.png' ><img src = 'E:\workspace\c2info_OrderBuk\src\main\java\c2info_OrderBuk_ScreenShots\Success\verifyCancelButtonFunctionality_2018_01_29_15_01_91.png' hieght='100' width='100' /></a>]]]>
              </value>
            </param>
          </params>
          <reporter-output>
          </reporter-output>
        </test-method> <!-- afterMethod -->
      </class> <!-- c2info_OrderBuk_ReadyForOrderTCs.TC_006_VerifyCancelButton -->
      <class name="c2info_OrderBuk_NewItemPutOnHoldTCs.TC_003_VerifyViewPrescriptionButton">
        <test-method status="PASS" signature="setup()[pri:0, instance:c2info_OrderBuk_NewItemPutOnHoldTCs.TC_003_VerifyViewPrescriptionButton@7995092a]" name="setup" is-config="true" duration-ms="12932" started-at="2018-01-29T16:29:23Z" finished-at="2018-01-29T16:29:36Z">
          <reporter-output>
          </reporter-output>
        </test-method> <!-- setup -->
        <test-method status="PASS" signature="beforeMethod(java.lang.reflect.Method)[pri:0, instance:c2info_OrderBuk_NewItemPutOnHoldTCs.TC_003_VerifyViewPrescriptionButton@7995092a]" name="beforeMethod" is-config="true" duration-ms="0" started-at="2018-01-29T16:29:36Z" finished-at="2018-01-29T16:29:36Z">
          <params>
            <param index="0">
              <value>
                <![CDATA[public void c2info_OrderBuk_NewItemPutOnHoldTCs.TC_003_VerifyViewPrescriptionButton.verifyPrescriptionButton() throws java.lang.InterruptedException]]>
              </value>
            </param>
          </params>
          <reporter-output>
          </reporter-output>
        </test-method> <!-- beforeMethod -->
        <test-method status="PASS" signature="verifyPrescriptionButton()[pri:0, instance:c2info_OrderBuk_NewItemPutOnHoldTCs.TC_003_VerifyViewPrescriptionButton@7995092a]" name="verifyPrescriptionButton" duration-ms="92484" started-at="2018-01-29T16:29:36Z" finished-at="2018-01-29T16:31:09Z">
          <reporter-output>
            <line>
              <![CDATA[<a href='E:\workspace\c2info_OrderBuk\src\main\java\c2info_OrderBuk_ScreenShots\Success\verifyPrescriptionButton_2018_01_29_16_01_298.png' ><img src = 'E:\workspace\c2info_OrderBuk\src\main\java\c2info_OrderBuk_ScreenShots\Success\verifyPrescriptionButton_2018_01_29_16_01_298.png' hieght='100' width='100' /></a>]]>
            </line>
          </reporter-output>
        </test-method> <!-- verifyPrescriptionButton -->
        <test-method status="PASS" signature="afterMethod(org.testng.ITestResult)[pri:0, instance:c2info_OrderBuk_NewItemPutOnHoldTCs.TC_003_VerifyViewPrescriptionButton@7995092a]" name="afterMethod" is-config="true" duration-ms="0" started-at="2018-01-29T16:31:09Z" finished-at="2018-01-29T16:31:09Z">
          <params>
            <param index="0">
              <value>
                <![CDATA[[TestResult name=verifyPrescriptionButton status=SUCCESS method=TC_003_VerifyViewPrescriptionButton.verifyPrescriptionButton()[pri:0, instance:c2info_OrderBuk_NewItemPutOnHoldTCs.TC_003_VerifyViewPrescriptionButton@7995092a] output=<a href='E:\workspace\c2info_OrderBuk\src\main\java\c2info_OrderBuk_ScreenShots\Success\verifyPrescriptionButton_2018_01_29_16_01_298.png' ><img src = 'E:\workspace\c2info_OrderBuk\src\main\java\c2info_OrderBuk_ScreenShots\Success\verifyPrescriptionButton_2018_01_29_16_01_298.png' hieght='100' width='100' /></a>]]]>
              </value>
            </param>
          </params>
          <reporter-output>
          </reporter-output>
        </test-method> <!-- afterMethod -->
      </class> <!-- c2info_OrderBuk_NewItemPutOnHoldTCs.TC_003_VerifyViewPrescriptionButton -->
      <class name="c2info_OrderBuk_ToBeVerifiedTCs.TC_003_VerifyValidButton">
        <test-method status="PASS" signature="setup()[pri:0, instance:c2info_OrderBuk_ToBeVerifiedTCs.TC_003_VerifyValidButton@258e2e41]" name="setup" is-config="true" duration-ms="12235" started-at="2018-01-29T15:42:43Z" finished-at="2018-01-29T15:42:55Z">
          <reporter-output>
          </reporter-output>
        </test-method> <!-- setup -->
        <test-method status="PASS" signature="verifyValidButtonInPrescriptionPage()[pri:0, instance:c2info_OrderBuk_ToBeVerifiedTCs.TC_003_VerifyValidButton@258e2e41]" name="verifyValidButtonInPrescriptionPage" duration-ms="10465" started-at="2018-01-29T15:42:55Z" finished-at="2018-01-29T15:43:06Z">
          <reporter-output>
            <line>
              <![CDATA[<a href='E:\workspace\c2info_OrderBuk\src\main\java\c2info_OrderBuk_ScreenShots\Success\verifyValidButtonInPrescriptionPage_2018_01_29_15_01_98.png' ><img src = 'E:\workspace\c2info_OrderBuk\src\main\java\c2info_OrderBuk_ScreenShots\Success\verifyValidButtonInPrescriptionPage_2018_01_29_15_01_98.png' hieght='100' width='100' /></a>]]>
            </line>
          </reporter-output>
        </test-method> <!-- verifyValidButtonInPrescriptionPage -->
        <test-method status="PASS" signature="beforeMethod(java.lang.reflect.Method)[pri:0, instance:c2info_OrderBuk_ToBeVerifiedTCs.TC_003_VerifyValidButton@258e2e41]" name="beforeMethod" is-config="true" duration-ms="0" started-at="2018-01-29T15:42:55Z" finished-at="2018-01-29T15:42:55Z">
          <params>
            <param index="0">
              <value>
                <![CDATA[public void c2info_OrderBuk_ToBeVerifiedTCs.TC_003_VerifyValidButton.verifyValidButtonInPrescriptionPage()]]>
              </value>
            </param>
          </params>
          <reporter-output>
          </reporter-output>
        </test-method> <!-- beforeMethod -->
        <test-method status="PASS" signature="afterMethod(org.testng.ITestResult)[pri:0, instance:c2info_OrderBuk_ToBeVerifiedTCs.TC_003_VerifyValidButton@258e2e41]" name="afterMethod" is-config="true" duration-ms="1" started-at="2018-01-29T15:43:06Z" finished-at="2018-01-29T15:43:06Z">
          <params>
            <param index="0">
              <value>
                <![CDATA[[TestResult name=verifyValidButtonInPrescriptionPage status=SUCCESS method=TC_003_VerifyValidButton.verifyValidButtonInPrescriptionPage()[pri:0, instance:c2info_OrderBuk_ToBeVerifiedTCs.TC_003_VerifyValidButton@258e2e41] output=<a href='E:\workspace\c2info_OrderBuk\src\main\java\c2info_OrderBuk_ScreenShots\Success\verifyValidButtonInPrescriptionPage_2018_01_29_15_01_98.png' ><img src = 'E:\workspace\c2info_OrderBuk\src\main\java\c2info_OrderBuk_ScreenShots\Success\verifyValidButtonInPrescriptionPage_2018_01_29_15_01_98.png' hieght='100' width='100' /></a>]]]>
              </value>
            </param>
          </params>
          <reporter-output>
          </reporter-output>
        </test-method> <!-- afterMethod -->
        <test-method status="PASS" signature="endTest()[pri:0, instance:c2info_OrderBuk_ToBeVerifiedTCs.TC_003_VerifyValidButton@258e2e41]" name="endTest" is-config="true" duration-ms="77" started-at="2018-01-29T15:43:06Z" finished-at="2018-01-29T15:43:06Z">
          <reporter-output>
          </reporter-output>
        </test-method> <!-- endTest -->
      </class> <!-- c2info_OrderBuk_ToBeVerifiedTCs.TC_003_VerifyValidButton -->
      <class name="c2info_OrderBuk_CustConfirmedveriPendingTCs.TC_002_VerifyValidButton">
        <test-method status="PASS" signature="setup()[pri:0, instance:c2info_OrderBuk_CustConfirmedveriPendingTCs.TC_002_VerifyValidButton@3a079870]" name="setup" is-config="true" duration-ms="12731" started-at="2018-01-29T15:51:43Z" finished-at="2018-01-29T15:51:55Z">
          <reporter-output>
          </reporter-output>
        </test-method> <!-- setup -->
        <test-method status="PASS" signature="beforeMethod(java.lang.reflect.Method)[pri:0, instance:c2info_OrderBuk_CustConfirmedveriPendingTCs.TC_002_VerifyValidButton@3a079870]" name="beforeMethod" is-config="true" duration-ms="1" started-at="2018-01-29T15:51:55Z" finished-at="2018-01-29T15:51:55Z">
          <params>
            <param index="0">
              <value>
                <![CDATA[public void c2info_OrderBuk_CustConfirmedveriPendingTCs.TC_002_VerifyValidButton.verifyValidButtonInPrescriptionPage()]]>
              </value>
            </param>
          </params>
          <reporter-output>
          </reporter-output>
        </test-method> <!-- beforeMethod -->
        <test-method status="PASS" signature="verifyValidButtonInPrescriptionPage()[pri:0, instance:c2info_OrderBuk_CustConfirmedveriPendingTCs.TC_002_VerifyValidButton@3a079870]" name="verifyValidButtonInPrescriptionPage" duration-ms="16659" started-at="2018-01-29T15:51:55Z" finished-at="2018-01-29T15:52:12Z">
          <reporter-output>
            <line>
              <![CDATA[<a href='E:\workspace\c2info_OrderBuk\src\main\java\c2info_OrderBuk_ScreenShots\Success\verifyValidButtonInPrescriptionPage_2018_01_29_15_01_401.png' ><img src = 'E:\workspace\c2info_OrderBuk\src\main\java\c2info_OrderBuk_ScreenShots\Success\verifyValidButtonInPrescriptionPage_2018_01_29_15_01_401.png' hieght='100' width='100' /></a>]]>
            </line>
          </reporter-output>
        </test-method> <!-- verifyValidButtonInPrescriptionPage -->
        <test-method status="PASS" signature="afterMethod(org.testng.ITestResult)[pri:0, instance:c2info_OrderBuk_CustConfirmedveriPendingTCs.TC_002_VerifyValidButton@3a079870]" name="afterMethod" is-config="true" duration-ms="1" started-at="2018-01-29T15:52:12Z" finished-at="2018-01-29T15:52:12Z">
          <params>
            <param index="0">
              <value>
                <![CDATA[[TestResult name=verifyValidButtonInPrescriptionPage status=SUCCESS method=TC_002_VerifyValidButton.verifyValidButtonInPrescriptionPage()[pri:0, instance:c2info_OrderBuk_CustConfirmedveriPendingTCs.TC_002_VerifyValidButton@3a079870] output=<a href='E:\workspace\c2info_OrderBuk\src\main\java\c2info_OrderBuk_ScreenShots\Success\verifyValidButtonInPrescriptionPage_2018_01_29_15_01_401.png' ><img src = 'E:\workspace\c2info_OrderBuk\src\main\java\c2info_OrderBuk_ScreenShots\Success\verifyValidButtonInPrescriptionPage_2018_01_29_15_01_401.png' hieght='100' width='100' /></a>]]]>
              </value>
            </param>
          </params>
          <reporter-output>
          </reporter-output>
        </test-method> <!-- afterMethod -->
        <test-method status="PASS" signature="endTest()[pri:0, instance:c2info_OrderBuk_CustConfirmedveriPendingTCs.TC_002_VerifyValidButton@3a079870]" name="endTest" is-config="true" duration-ms="161" started-at="2018-01-29T15:52:12Z" finished-at="2018-01-29T15:52:12Z">
          <reporter-output>
          </reporter-output>
        </test-method> <!-- endTest -->
      </class> <!-- c2info_OrderBuk_CustConfirmedveriPendingTCs.TC_002_VerifyValidButton -->
      <class name="c2info_OrderBuk_ReadyForOrderTCs.TC_005_VerifyConfirmBtn">
        <test-method status="PASS" signature="setup()[pri:0, instance:c2info_OrderBuk_ReadyForOrderTCs.TC_005_VerifyConfirmBtn@6295d394]" name="setup" is-config="true" duration-ms="12841" started-at="2018-01-29T15:49:15Z" finished-at="2018-01-29T15:49:28Z">
          <reporter-output>
          </reporter-output>
        </test-method> <!-- setup -->
        <test-method status="PASS" signature="beforeMethod(java.lang.reflect.Method)[pri:0, instance:c2info_OrderBuk_ReadyForOrderTCs.TC_005_VerifyConfirmBtn@6295d394]" name="beforeMethod" is-config="true" duration-ms="2" started-at="2018-01-29T15:49:28Z" finished-at="2018-01-29T15:49:28Z">
          <params>
            <param index="0">
              <value>
                <![CDATA[public void c2info_OrderBuk_ReadyForOrderTCs.TC_005_VerifyConfirmBtn.verifyConfirmButtonFunctionality() throws java.lang.InterruptedException]]>
              </value>
            </param>
          </params>
          <reporter-output>
          </reporter-output>
        </test-method> <!-- beforeMethod -->
        <test-method status="PASS" signature="verifyConfirmButtonFunctionality()[pri:0, instance:c2info_OrderBuk_ReadyForOrderTCs.TC_005_VerifyConfirmBtn@6295d394]" name="verifyConfirmButtonFunctionality" duration-ms="21567" started-at="2018-01-29T15:49:28Z" finished-at="2018-01-29T15:49:50Z">
          <reporter-output>
            <line>
              <![CDATA[<a href='E:\workspace\c2info_OrderBuk\src\main\java\c2info_OrderBuk_ScreenShots\Success\verifyConfirmButtonFunctionality_2018_01_29_15_01_389.png' ><img src = 'E:\workspace\c2info_OrderBuk\src\main\java\c2info_OrderBuk_ScreenShots\Success\verifyConfirmButtonFunctionality_2018_01_29_15_01_389.png' hieght='100' width='100' /></a>]]>
            </line>
          </reporter-output>
        </test-method> <!-- verifyConfirmButtonFunctionality -->
        <test-method status="PASS" signature="afterMethod(org.testng.ITestResult)[pri:0, instance:c2info_OrderBuk_ReadyForOrderTCs.TC_005_VerifyConfirmBtn@6295d394]" name="afterMethod" is-config="true" duration-ms="1" started-at="2018-01-29T15:49:50Z" finished-at="2018-01-29T15:49:50Z">
          <params>
            <param index="0">
              <value>
                <![CDATA[[TestResult name=verifyConfirmButtonFunctionality status=SUCCESS method=TC_005_VerifyConfirmBtn.verifyConfirmButtonFunctionality()[pri:0, instance:c2info_OrderBuk_ReadyForOrderTCs.TC_005_VerifyConfirmBtn@6295d394] output=<a href='E:\workspace\c2info_OrderBuk\src\main\java\c2info_OrderBuk_ScreenShots\Success\verifyConfirmButtonFunctionality_2018_01_29_15_01_389.png' ><img src = 'E:\workspace\c2info_OrderBuk\src\main\java\c2info_OrderBuk_ScreenShots\Success\verifyConfirmButtonFunctionality_2018_01_29_15_01_389.png' hieght='100' width='100' /></a>]]]>
              </value>
            </param>
          </params>
          <reporter-output>
          </reporter-output>
        </test-method> <!-- afterMethod -->
        <test-method status="PASS" signature="endTest()[pri:0, instance:c2info_OrderBuk_ReadyForOrderTCs.TC_005_VerifyConfirmBtn@6295d394]" name="endTest" is-config="true" duration-ms="108" started-at="2018-01-29T15:49:50Z" finished-at="2018-01-29T15:49:50Z">
          <reporter-output>
          </reporter-output>
        </test-method> <!-- endTest -->
      </class> <!-- c2info_OrderBuk_ReadyForOrderTCs.TC_005_VerifyConfirmBtn -->
      <class name="c2info_OrderBuk_CustConfirmedveriPendingTCs.TC_003_VerifyInvalidButton">
        <test-method status="PASS" signature="setup()[pri:0, instance:c2info_OrderBuk_CustConfirmedveriPendingTCs.TC_003_VerifyInvalidButton@3b2cf7ab]" name="setup" is-config="true" duration-ms="12508" started-at="2018-01-29T15:52:12Z" finished-at="2018-01-29T15:52:25Z">
          <reporter-output>
          </reporter-output>
        </test-method> <!-- setup -->
        <test-method status="PASS" signature="beforeMethod(java.lang.reflect.Method)[pri:0, instance:c2info_OrderBuk_CustConfirmedveriPendingTCs.TC_003_VerifyInvalidButton@3b2cf7ab]" name="beforeMethod" is-config="true" duration-ms="1" started-at="2018-01-29T15:52:25Z" finished-at="2018-01-29T15:52:25Z">
          <params>
            <param index="0">
              <value>
                <![CDATA[public void c2info_OrderBuk_CustConfirmedveriPendingTCs.TC_003_VerifyInvalidButton.verifyInvalidButton()]]>
              </value>
            </param>
          </params>
          <reporter-output>
          </reporter-output>
        </test-method> <!-- beforeMethod -->
        <test-method status="PASS" signature="verifyInvalidButton()[pri:0, instance:c2info_OrderBuk_CustConfirmedveriPendingTCs.TC_003_VerifyInvalidButton@3b2cf7ab]" name="verifyInvalidButton" duration-ms="8107" started-at="2018-01-29T15:52:25Z" finished-at="2018-01-29T15:52:33Z">
          <reporter-output>
            <line>
              <![CDATA[<a href='E:\workspace\c2info_OrderBuk\src\main\java\c2info_OrderBuk_ScreenShots\Success\verifyInvalidButton_2018_01_29_15_01_454.png' ><img src = 'E:\workspace\c2info_OrderBuk\src\main\java\c2info_OrderBuk_ScreenShots\Success\verifyInvalidButton_2018_01_29_15_01_454.png' hieght='100' width='100' /></a>]]>
            </line>
          </reporter-output>
        </test-method> <!-- verifyInvalidButton -->
        <test-method status="PASS" signature="afterMethod(org.testng.ITestResult)[pri:0, instance:c2info_OrderBuk_CustConfirmedveriPendingTCs.TC_003_VerifyInvalidButton@3b2cf7ab]" name="afterMethod" is-config="true" duration-ms="0" started-at="2018-01-29T15:52:33Z" finished-at="2018-01-29T15:52:33Z">
          <params>
            <param index="0">
              <value>
                <![CDATA[[TestResult name=verifyInvalidButton status=SUCCESS method=TC_003_VerifyInvalidButton.verifyInvalidButton()[pri:0, instance:c2info_OrderBuk_CustConfirmedveriPendingTCs.TC_003_VerifyInvalidButton@3b2cf7ab] output=<a href='E:\workspace\c2info_OrderBuk\src\main\java\c2info_OrderBuk_ScreenShots\Success\verifyInvalidButton_2018_01_29_15_01_454.png' ><img src = 'E:\workspace\c2info_OrderBuk\src\main\java\c2info_OrderBuk_ScreenShots\Success\verifyInvalidButton_2018_01_29_15_01_454.png' hieght='100' width='100' /></a>]]]>
              </value>
            </param>
          </params>
          <reporter-output>
          </reporter-output>
        </test-method> <!-- afterMethod -->
        <test-method status="PASS" signature="endTest()[pri:0, instance:c2info_OrderBuk_CustConfirmedveriPendingTCs.TC_003_VerifyInvalidButton@3b2cf7ab]" name="endTest" is-config="true" duration-ms="71" started-at="2018-01-29T15:52:33Z" finished-at="2018-01-29T15:52:33Z">
          <reporter-output>
          </reporter-output>
        </test-method> <!-- endTest -->
      </class> <!-- c2info_OrderBuk_CustConfirmedveriPendingTCs.TC_003_VerifyInvalidButton -->
      <class name="c2info_OrderBuk_OrderInvoicedTCs.TC_001_VerifyDetailsExistanceInOrderInvoiced">
        <test-method status="PASS" signature="setup()[pri:0, instance:c2info_OrderBuk_OrderInvoicedTCs.TC_001_VerifyDetailsExistanceInOrderInvoiced@45dd4eda]" name="setup" is-config="true" duration-ms="53682" started-at="2018-01-29T16:02:18Z" finished-at="2018-01-29T16:03:12Z">
          <reporter-output>
          </reporter-output>
        </test-method> <!-- setup -->
        <test-method status="PASS" signature="beforeMethod(java.lang.reflect.Method)[pri:0, instance:c2info_OrderBuk_OrderInvoicedTCs.TC_001_VerifyDetailsExistanceInOrderInvoiced@45dd4eda]" name="beforeMethod" is-config="true" duration-ms="0" started-at="2018-01-29T16:03:12Z" finished-at="2018-01-29T16:03:12Z">
          <params>
            <param index="0">
              <value>
                <![CDATA[public void c2info_OrderBuk_OrderInvoicedTCs.TC_001_VerifyDetailsExistanceInOrderInvoiced.verifyOrderIDIsNotNull() throws java.lang.InterruptedException]]>
              </value>
            </param>
          </params>
          <reporter-output>
          </reporter-output>
        </test-method> <!-- beforeMethod -->
        <test-method status="PASS" signature="verifyOrderIDIsNotNull()[pri:0, instance:c2info_OrderBuk_OrderInvoicedTCs.TC_001_VerifyDetailsExistanceInOrderInvoiced@45dd4eda]" name="verifyOrderIDIsNotNull" duration-ms="29689" started-at="2018-01-29T16:03:12Z" finished-at="2018-01-29T16:03:42Z">
          <reporter-output>
            <line>
              <![CDATA[<a href='E:\workspace\c2info_OrderBuk\src\main\java\c2info_OrderBuk_ScreenShots\Success\verifyOrderIDIsNotNull_2018_01_29_16_01_188.png' ><img src = 'E:\workspace\c2info_OrderBuk\src\main\java\c2info_OrderBuk_ScreenShots\Success\verifyOrderIDIsNotNull_2018_01_29_16_01_188.png' hieght='100' width='100' /></a>]]>
            </line>
          </reporter-output>
        </test-method> <!-- verifyOrderIDIsNotNull -->
        <test-method status="PASS" signature="afterMethod(org.testng.ITestResult)[pri:0, instance:c2info_OrderBuk_OrderInvoicedTCs.TC_001_VerifyDetailsExistanceInOrderInvoiced@45dd4eda]" name="afterMethod" is-config="true" duration-ms="0" started-at="2018-01-29T16:03:42Z" finished-at="2018-01-29T16:03:42Z">
          <params>
            <param index="0">
              <value>
                <![CDATA[[TestResult name=verifyOrderIDIsNotNull status=SUCCESS method=TC_001_VerifyDetailsExistanceInOrderInvoiced.verifyOrderIDIsNotNull()[pri:0, instance:c2info_OrderBuk_OrderInvoicedTCs.TC_001_VerifyDetailsExistanceInOrderInvoiced@45dd4eda] output=<a href='E:\workspace\c2info_OrderBuk\src\main\java\c2info_OrderBuk_ScreenShots\Success\verifyOrderIDIsNotNull_2018_01_29_16_01_188.png' ><img src = 'E:\workspace\c2info_OrderBuk\src\main\java\c2info_OrderBuk_ScreenShots\Success\verifyOrderIDIsNotNull_2018_01_29_16_01_188.png' hieght='100' width='100' /></a>]]]>
              </value>
            </param>
          </params>
          <reporter-output>
          </reporter-output>
        </test-method> <!-- afterMethod -->
      </class> <!-- c2info_OrderBuk_OrderInvoicedTCs.TC_001_VerifyDetailsExistanceInOrderInvoiced -->
      <class name="c2info_OrderBuk_OrderInvoicedTCs.TC_002_VerifyOrderHistoryButton">
        <test-method status="PASS" signature="setup()[pri:0, instance:c2info_OrderBuk_OrderInvoicedTCs.TC_002_VerifyOrderHistoryButton@60611244]" name="setup" is-config="true" duration-ms="12608" started-at="2018-01-29T16:03:42Z" finished-at="2018-01-29T16:03:55Z">
          <reporter-output>
          </reporter-output>
        </test-method> <!-- setup -->
        <test-method status="PASS" signature="beforeMethod(java.lang.reflect.Method)[pri:0, instance:c2info_OrderBuk_OrderInvoicedTCs.TC_002_VerifyOrderHistoryButton@60611244]" name="beforeMethod" is-config="true" duration-ms="0" started-at="2018-01-29T16:03:55Z" finished-at="2018-01-29T16:03:55Z">
          <params>
            <param index="0">
              <value>
                <![CDATA[public void c2info_OrderBuk_OrderInvoicedTCs.TC_002_VerifyOrderHistoryButton.verifyOrderhistorybutton() throws java.lang.InterruptedException]]>
              </value>
            </param>
          </params>
          <reporter-output>
          </reporter-output>
        </test-method> <!-- beforeMethod -->
        <test-method status="PASS" signature="verifyOrderhistorybutton()[pri:0, instance:c2info_OrderBuk_OrderInvoicedTCs.TC_002_VerifyOrderHistoryButton@60611244]" name="verifyOrderhistorybutton" duration-ms="18289" started-at="2018-01-29T16:03:55Z" finished-at="2018-01-29T16:04:13Z">
          <reporter-output>
            <line>
              <![CDATA[<a href='E:\workspace\c2info_OrderBuk\src\main\java\c2info_OrderBuk_ScreenShots\Success\verifyOrderhistorybutton_2018_01_29_16_01_396.png' ><img src = 'E:\workspace\c2info_OrderBuk\src\main\java\c2info_OrderBuk_ScreenShots\Success\verifyOrderhistorybutton_2018_01_29_16_01_396.png' hieght='100' width='100' /></a>]]>
            </line>
          </reporter-output>
        </test-method> <!-- verifyOrderhistorybutton -->
        <test-method status="PASS" signature="afterMethod(org.testng.ITestResult)[pri:0, instance:c2info_OrderBuk_OrderInvoicedTCs.TC_002_VerifyOrderHistoryButton@60611244]" name="afterMethod" is-config="true" duration-ms="0" started-at="2018-01-29T16:04:13Z" finished-at="2018-01-29T16:04:13Z">
          <params>
            <param index="0">
              <value>
                <![CDATA[[TestResult name=verifyOrderhistorybutton status=SUCCESS method=TC_002_VerifyOrderHistoryButton.verifyOrderhistorybutton()[pri:0, instance:c2info_OrderBuk_OrderInvoicedTCs.TC_002_VerifyOrderHistoryButton@60611244] output=<a href='E:\workspace\c2info_OrderBuk\src\main\java\c2info_OrderBuk_ScreenShots\Success\verifyOrderhistorybutton_2018_01_29_16_01_396.png' ><img src = 'E:\workspace\c2info_OrderBuk\src\main\java\c2info_OrderBuk_ScreenShots\Success\verifyOrderhistorybutton_2018_01_29_16_01_396.png' hieght='100' width='100' /></a>]]]>
              </value>
            </param>
          </params>
          <reporter-output>
          </reporter-output>
        </test-method> <!-- afterMethod -->
        <test-method status="PASS" signature="endTest()[pri:0, instance:c2info_OrderBuk_OrderInvoicedTCs.TC_002_VerifyOrderHistoryButton@60611244]" name="endTest" is-config="true" duration-ms="95" started-at="2018-01-29T16:04:13Z" finished-at="2018-01-29T16:04:13Z">
          <reporter-output>
          </reporter-output>
        </test-method> <!-- endTest -->
      </class> <!-- c2info_OrderBuk_OrderInvoicedTCs.TC_002_VerifyOrderHistoryButton -->
      <class name="c2info_OrderBuk_ReadyForOrderTCs.TC_008_VerifyByDeselectingAllItemsAndConfirm">
        <test-method status="PASS" signature="setup()[pri:0, instance:c2info_OrderBuk_ReadyForOrderTCs.TC_008_VerifyByDeselectingAllItemsAndConfirm@436a4e4b]" name="setup" is-config="true" duration-ms="12057" started-at="2018-01-29T15:50:52Z" finished-at="2018-01-29T15:51:04Z">
          <reporter-output>
          </reporter-output>
        </test-method> <!-- setup -->
        <test-method status="PASS" signature="deselectAllitemsAndCOnfirmOrder()[pri:0, instance:c2info_OrderBuk_ReadyForOrderTCs.TC_008_VerifyByDeselectingAllItemsAndConfirm@436a4e4b]" name="deselectAllitemsAndCOnfirmOrder" duration-ms="15729" started-at="2018-01-29T15:51:04Z" finished-at="2018-01-29T15:51:19Z">
          <reporter-output>
            <line>
              <![CDATA[<a href='E:\workspace\c2info_OrderBuk\src\main\java\c2info_OrderBuk_ScreenShots\Success\deselectAllitemsAndCOnfirmOrder_2018_01_29_15_01_817.png' ><img src = 'E:\workspace\c2info_OrderBuk\src\main\java\c2info_OrderBuk_ScreenShots\Success\deselectAllitemsAndCOnfirmOrder_2018_01_29_15_01_817.png' hieght='100' width='100' /></a>]]>
            </line>
          </reporter-output>
        </test-method> <!-- deselectAllitemsAndCOnfirmOrder -->
        <test-method status="PASS" signature="beforeMethod(java.lang.reflect.Method)[pri:0, instance:c2info_OrderBuk_ReadyForOrderTCs.TC_008_VerifyByDeselectingAllItemsAndConfirm@436a4e4b]" name="beforeMethod" is-config="true" duration-ms="0" started-at="2018-01-29T15:51:04Z" finished-at="2018-01-29T15:51:04Z">
          <params>
            <param index="0">
              <value>
                <![CDATA[public void c2info_OrderBuk_ReadyForOrderTCs.TC_008_VerifyByDeselectingAllItemsAndConfirm.deselectAllitemsAndCOnfirmOrder() throws java.lang.InterruptedException]]>
              </value>
            </param>
          </params>
          <reporter-output>
          </reporter-output>
        </test-method> <!-- beforeMethod -->
        <test-method status="PASS" signature="afterMethod(org.testng.ITestResult)[pri:0, instance:c2info_OrderBuk_ReadyForOrderTCs.TC_008_VerifyByDeselectingAllItemsAndConfirm@436a4e4b]" name="afterMethod" is-config="true" duration-ms="0" started-at="2018-01-29T15:51:20Z" finished-at="2018-01-29T15:51:20Z">
          <params>
            <param index="0">
              <value>
                <![CDATA[[TestResult name=deselectAllitemsAndCOnfirmOrder status=SUCCESS method=TC_008_VerifyByDeselectingAllItemsAndConfirm.deselectAllitemsAndCOnfirmOrder()[pri:0, instance:c2info_OrderBuk_ReadyForOrderTCs.TC_008_VerifyByDeselectingAllItemsAndConfirm@436a4e4b] output=<a href='E:\workspace\c2info_OrderBuk\src\main\java\c2info_OrderBuk_ScreenShots\Success\deselectAllitemsAndCOnfirmOrder_2018_01_29_15_01_817.png' ><img src = 'E:\workspace\c2info_OrderBuk\src\main\java\c2info_OrderBuk_ScreenShots\Success\deselectAllitemsAndCOnfirmOrder_2018_01_29_15_01_817.png' hieght='100' width='100' /></a>]]]>
              </value>
            </param>
          </params>
          <reporter-output>
          </reporter-output>
        </test-method> <!-- afterMethod -->
        <test-method status="PASS" signature="endTest()[pri:0, instance:c2info_OrderBuk_ReadyForOrderTCs.TC_008_VerifyByDeselectingAllItemsAndConfirm@436a4e4b]" name="endTest" is-config="true" duration-ms="74" started-at="2018-01-29T15:51:20Z" finished-at="2018-01-29T15:51:20Z">
          <reporter-output>
          </reporter-output>
        </test-method> <!-- endTest -->
      </class> <!-- c2info_OrderBuk_ReadyForOrderTCs.TC_008_VerifyByDeselectingAllItemsAndConfirm -->
      <class name="c2info_OrderBuk_DeliveredTCs.TC_003_VerifyOrderClosedButton">
        <test-method status="PASS" signature="setup()[pri:0, instance:c2info_OrderBuk_DeliveredTCs.TC_003_VerifyOrderClosedButton@6e75aa0d]" name="setup" is-config="true" duration-ms="20545" started-at="2018-01-29T16:13:26Z" finished-at="2018-01-29T16:13:46Z">
          <reporter-output>
          </reporter-output>
        </test-method> <!-- setup -->
        <test-method status="PASS" signature="beforeMethod(java.lang.reflect.Method)[pri:0, instance:c2info_OrderBuk_DeliveredTCs.TC_003_VerifyOrderClosedButton@6e75aa0d]" name="beforeMethod" is-config="true" duration-ms="1" started-at="2018-01-29T16:13:46Z" finished-at="2018-01-29T16:13:46Z">
          <params>
            <param index="0">
              <value>
                <![CDATA[public void c2info_OrderBuk_DeliveredTCs.TC_003_VerifyOrderClosedButton.verifyOrderClosedButtonFunctionality() throws java.lang.InterruptedException]]>
              </value>
            </param>
          </params>
          <reporter-output>
          </reporter-output>
        </test-method> <!-- beforeMethod -->
        <test-method status="PASS" signature="verifyOrderClosedButtonFunctionality()[pri:0, instance:c2info_OrderBuk_DeliveredTCs.TC_003_VerifyOrderClosedButton@6e75aa0d]" name="verifyOrderClosedButtonFunctionality" duration-ms="21418" started-at="2018-01-29T16:13:46Z" finished-at="2018-01-29T16:14:08Z">
          <reporter-output>
            <line>
              <![CDATA[<a href='E:\workspace\c2info_OrderBuk\src\main\java\c2info_OrderBuk_ScreenShots\Success\verifyOrderClosedButtonFunctionality_2018_01_29_16_01_157.png' ><img src = 'E:\workspace\c2info_OrderBuk\src\main\java\c2info_OrderBuk_ScreenShots\Success\verifyOrderClosedButtonFunctionality_2018_01_29_16_01_157.png' hieght='100' width='100' /></a>]]>
            </line>
          </reporter-output>
        </test-method> <!-- verifyOrderClosedButtonFunctionality -->
        <test-method status="PASS" signature="afterMethod(org.testng.ITestResult)[pri:0, instance:c2info_OrderBuk_DeliveredTCs.TC_003_VerifyOrderClosedButton@6e75aa0d]" name="afterMethod" is-config="true" duration-ms="1" started-at="2018-01-29T16:14:08Z" finished-at="2018-01-29T16:14:08Z">
          <params>
            <param index="0">
              <value>
                <![CDATA[[TestResult name=verifyOrderClosedButtonFunctionality status=SUCCESS method=TC_003_VerifyOrderClosedButton.verifyOrderClosedButtonFunctionality()[pri:0, instance:c2info_OrderBuk_DeliveredTCs.TC_003_VerifyOrderClosedButton@6e75aa0d] output=<a href='E:\workspace\c2info_OrderBuk\src\main\java\c2info_OrderBuk_ScreenShots\Success\verifyOrderClosedButtonFunctionality_2018_01_29_16_01_157.png' ><img src = 'E:\workspace\c2info_OrderBuk\src\main\java\c2info_OrderBuk_ScreenShots\Success\verifyOrderClosedButtonFunctionality_2018_01_29_16_01_157.png' hieght='100' width='100' /></a>]]]>
              </value>
            </param>
          </params>
          <reporter-output>
          </reporter-output>
        </test-method> <!-- afterMethod -->
      </class> <!-- c2info_OrderBuk_DeliveredTCs.TC_003_VerifyOrderClosedButton -->
      <class name="c2info_OrderBuk_OrderInvoicedTCs.TC_005_VerifySumOfSubTotalsWithGrandSubTotal">
        <test-method status="PASS" signature="setup()[pri:0, instance:c2info_OrderBuk_OrderInvoicedTCs.TC_005_VerifySumOfSubTotalsWithGrandSubTotal@71c8becc]" name="setup" is-config="true" duration-ms="12801" started-at="2018-01-29T16:05:15Z" finished-at="2018-01-29T16:05:27Z">
          <reporter-output>
          </reporter-output>
        </test-method> <!-- setup -->
        <test-method status="PASS" signature="beforeMethod(java.lang.reflect.Method)[pri:0, instance:c2info_OrderBuk_OrderInvoicedTCs.TC_005_VerifySumOfSubTotalsWithGrandSubTotal@71c8becc]" name="beforeMethod" is-config="true" duration-ms="0" started-at="2018-01-29T16:05:27Z" finished-at="2018-01-29T16:05:27Z">
          <params>
            <param index="0">
              <value>
                <![CDATA[public void c2info_OrderBuk_OrderInvoicedTCs.TC_005_VerifySumOfSubTotalsWithGrandSubTotal.verifySumOfSubTotalsWithGrandSubTotal() throws java.lang.InterruptedException]]>
              </value>
            </param>
          </params>
          <reporter-output>
          </reporter-output>
        </test-method> <!-- beforeMethod -->
        <test-method status="PASS" signature="verifySumOfSubTotalsWithGrandSubTotal()[pri:0, instance:c2info_OrderBuk_OrderInvoicedTCs.TC_005_VerifySumOfSubTotalsWithGrandSubTotal@71c8becc]" name="verifySumOfSubTotalsWithGrandSubTotal" duration-ms="12547" started-at="2018-01-29T16:05:27Z" finished-at="2018-01-29T16:05:40Z">
          <reporter-output>
            <line>
              <![CDATA[<a href='E:\workspace\c2info_OrderBuk\src\main\java\c2info_OrderBuk_ScreenShots\Success\verifySumOfSubTotalsWithGrandSubTotal_2018_01_29_16_01_436.png' ><img src = 'E:\workspace\c2info_OrderBuk\src\main\java\c2info_OrderBuk_ScreenShots\Success\verifySumOfSubTotalsWithGrandSubTotal_2018_01_29_16_01_436.png' hieght='100' width='100' /></a>]]>
            </line>
          </reporter-output>
        </test-method> <!-- verifySumOfSubTotalsWithGrandSubTotal -->
        <test-method status="PASS" signature="endTest()[pri:0, instance:c2info_OrderBuk_OrderInvoicedTCs.TC_005_VerifySumOfSubTotalsWithGrandSubTotal@71c8becc]" name="endTest" is-config="true" duration-ms="113" started-at="2018-01-29T16:05:40Z" finished-at="2018-01-29T16:05:40Z">
          <reporter-output>
          </reporter-output>
        </test-method> <!-- endTest -->
        <test-method status="PASS" signature="afterMethod(org.testng.ITestResult)[pri:0, instance:c2info_OrderBuk_OrderInvoicedTCs.TC_005_VerifySumOfSubTotalsWithGrandSubTotal@71c8becc]" name="afterMethod" is-config="true" duration-ms="0" started-at="2018-01-29T16:05:40Z" finished-at="2018-01-29T16:05:40Z">
          <params>
            <param index="0">
              <value>
                <![CDATA[[TestResult name=verifySumOfSubTotalsWithGrandSubTotal status=SUCCESS method=TC_005_VerifySumOfSubTotalsWithGrandSubTotal.verifySumOfSubTotalsWithGrandSubTotal()[pri:0, instance:c2info_OrderBuk_OrderInvoicedTCs.TC_005_VerifySumOfSubTotalsWithGrandSubTotal@71c8becc] output=<a href='E:\workspace\c2info_OrderBuk\src\main\java\c2info_OrderBuk_ScreenShots\Success\verifySumOfSubTotalsWithGrandSubTotal_2018_01_29_16_01_436.png' ><img src = 'E:\workspace\c2info_OrderBuk\src\main\java\c2info_OrderBuk_ScreenShots\Success\verifySumOfSubTotalsWithGrandSubTotal_2018_01_29_16_01_436.png' hieght='100' width='100' /></a>]]]>
              </value>
            </param>
          </params>
          <reporter-output>
          </reporter-output>
        </test-method> <!-- afterMethod -->
      </class> <!-- c2info_OrderBuk_OrderInvoicedTCs.TC_005_VerifySumOfSubTotalsWithGrandSubTotal -->
      <class name="c2info_OrderBuk_OrderSentToServerTCs.TC_009_VerifyFooterModeOfDelivery">
        <test-method status="PASS" signature="setup()[pri:0, instance:c2info_OrderBuk_OrderSentToServerTCs.TC_009_VerifyFooterModeOfDelivery@6ab7a896]" name="setup" is-config="true" duration-ms="13065" started-at="2018-01-29T16:01:19Z" finished-at="2018-01-29T16:01:32Z">
          <reporter-output>
          </reporter-output>
        </test-method> <!-- setup -->
        <test-method status="PASS" signature="beforeMethod(java.lang.reflect.Method)[pri:0, instance:c2info_OrderBuk_OrderSentToServerTCs.TC_009_VerifyFooterModeOfDelivery@6ab7a896]" name="beforeMethod" is-config="true" duration-ms="0" started-at="2018-01-29T16:01:32Z" finished-at="2018-01-29T16:01:32Z">
          <params>
            <param index="0">
              <value>
                <![CDATA[public void c2info_OrderBuk_OrderSentToServerTCs.TC_009_VerifyFooterModeOfDelivery.verifyFooterModeOfDelivery() throws java.lang.InterruptedException]]>
              </value>
            </param>
          </params>
          <reporter-output>
          </reporter-output>
        </test-method> <!-- beforeMethod -->
        <test-method status="PASS" signature="verifyFooterModeOfDelivery()[pri:0, instance:c2info_OrderBuk_OrderSentToServerTCs.TC_009_VerifyFooterModeOfDelivery@6ab7a896]" name="verifyFooterModeOfDelivery" duration-ms="12935" started-at="2018-01-29T16:01:32Z" finished-at="2018-01-29T16:01:45Z">
          <reporter-output>
            <line>
              <![CDATA[<a href='E:\workspace\c2info_OrderBuk\src\main\java\c2info_OrderBuk_ScreenShots\Success\verifyFooterModeOfDelivery_2018_01_29_16_01_478.png' ><img src = 'E:\workspace\c2info_OrderBuk\src\main\java\c2info_OrderBuk_ScreenShots\Success\verifyFooterModeOfDelivery_2018_01_29_16_01_478.png' hieght='100' width='100' /></a>]]>
            </line>
          </reporter-output>
        </test-method> <!-- verifyFooterModeOfDelivery -->
        <test-method status="PASS" signature="afterMethod(org.testng.ITestResult)[pri:0, instance:c2info_OrderBuk_OrderSentToServerTCs.TC_009_VerifyFooterModeOfDelivery@6ab7a896]" name="afterMethod" is-config="true" duration-ms="0" started-at="2018-01-29T16:01:45Z" finished-at="2018-01-29T16:01:45Z">
          <params>
            <param index="0">
              <value>
                <![CDATA[[TestResult name=verifyFooterModeOfDelivery status=SUCCESS method=TC_009_VerifyFooterModeOfDelivery.verifyFooterModeOfDelivery()[pri:0, instance:c2info_OrderBuk_OrderSentToServerTCs.TC_009_VerifyFooterModeOfDelivery@6ab7a896] output=<a href='E:\workspace\c2info_OrderBuk\src\main\java\c2info_OrderBuk_ScreenShots\Success\verifyFooterModeOfDelivery_2018_01_29_16_01_478.png' ><img src = 'E:\workspace\c2info_OrderBuk\src\main\java\c2info_OrderBuk_ScreenShots\Success\verifyFooterModeOfDelivery_2018_01_29_16_01_478.png' hieght='100' width='100' /></a>]]]>
              </value>
            </param>
          </params>
          <reporter-output>
          </reporter-output>
        </test-method> <!-- afterMethod -->
        <test-method status="PASS" signature="endTest()[pri:0, instance:c2info_OrderBuk_OrderSentToServerTCs.TC_009_VerifyFooterModeOfDelivery@6ab7a896]" name="endTest" is-config="true" duration-ms="219" started-at="2018-01-29T16:01:45Z" finished-at="2018-01-29T16:01:45Z">
          <reporter-output>
          </reporter-output>
        </test-method> <!-- endTest -->
      </class> <!-- c2info_OrderBuk_OrderSentToServerTCs.TC_009_VerifyFooterModeOfDelivery -->
      <class name="c2info_OrderBuk_SupportCancelledTCs.TC_005_VerifyCancelButtonFromRFO">
        <test-method status="PASS" signature="setup()[pri:0, instance:c2info_OrderBuk_SupportCancelledTCs.TC_005_VerifyCancelButtonFromRFO@79ad8b2f]" name="setup" is-config="true" duration-ms="57875" started-at="2018-01-29T16:23:28Z" finished-at="2018-01-29T16:24:26Z">
          <reporter-output>
          </reporter-output>
        </test-method> <!-- setup -->
        <test-method status="PASS" signature="beforeMethod(java.lang.reflect.Method)[pri:0, instance:c2info_OrderBuk_SupportCancelledTCs.TC_005_VerifyCancelButtonFromRFO@79ad8b2f]" name="beforeMethod" is-config="true" duration-ms="0" started-at="2018-01-29T16:24:26Z" finished-at="2018-01-29T16:24:26Z">
          <params>
            <param index="0">
              <value>
                <![CDATA[public void c2info_OrderBuk_SupportCancelledTCs.TC_005_VerifyCancelButtonFromRFO.verifyCancelButtonFromRFO() throws java.lang.InterruptedException]]>
              </value>
            </param>
          </params>
          <reporter-output>
          </reporter-output>
        </test-method> <!-- beforeMethod -->
[...]
	at org.testng.TestNG.runSuitesSequentially(TestNG.java:1318)
	at org.testng.TestNG.runSuitesLocally(TestNG.java:1243)
	at org.testng.TestNG.runSuites(TestNG.java:1161)
	at org.testng.TestNG.run(TestNG.java:1129)
	at org.testng.remote.AbstractRemoteTestNG.run(AbstractRemoteTestNG.java:114)
	at org.testng.remote.RemoteTestNG.initAndRun(RemoteTestNG.java:251)
	at org.testng.remote.RemoteTestNG.main(RemoteTestNG.java:77)
]]>
            </full-stacktrace>
          </exception> <!-- java.lang.AssertionError -->
          <reporter-output>
            <line>
              <![CDATA[<a href='E:\workspace\c2info_OrderBuk\src\main\java\c2info_OrderBuk_ScreenShots\Failure\verifyFooterModeOfPayment_2018_01_29_16_01_832.png' ><img src = 'E:\workspace\c2info_OrderBuk\src\main\java\c2info_OrderBuk_ScreenShots\Failure\verifyFooterModeOfPayment_2018_01_29_16_01_832.png' hieght='100' width='100' /></a>]]>
            </line>
          </reporter-output>
        </test-method> <!-- verifyFooterModeOfPayment -->
        <test-method status="PASS" signature="beforeMethod(java.lang.reflect.Method)[pri:0, instance:c2info_OrderBuk_OrderSentToServerTCs.TC_008_VerifyFooterModeOfPayment@15761df8]" name="beforeMethod" is-config="true" duration-ms="0" started-at="2018-01-29T16:01:05Z" finished-at="2018-01-29T16:01:05Z">
          <params>
            <param index="0">
              <value>
                <![CDATA[public void c2info_OrderBuk_OrderSentToServerTCs.TC_008_VerifyFooterModeOfPayment.verifyFooterModeOfPayment() throws java.lang.InterruptedException]]>
              </value>
            </param>
          </params>
          <reporter-output>
          </reporter-output>
        </test-method> <!-- beforeMethod -->
        <test-method status="PASS" signature="afterMethod(org.testng.ITestResult)[pri:0, instance:c2info_OrderBuk_OrderSentToServerTCs.TC_008_VerifyFooterModeOfPayment@15761df8]" name="afterMethod" is-config="true" duration-ms="275" started-at="2018-01-29T16:01:19Z" finished-at="2018-01-29T16:01:19Z">
          <params>
            <param index="0">
              <value>
                <![CDATA[[TestResult name=verifyFooterModeOfPayment status=FAILURE method=TC_008_VerifyFooterModeOfPayment.verifyFooterModeOfPayment()[pri:0, instance:c2info_OrderBuk_OrderSentToServerTCs.TC_008_VerifyFooterModeOfPayment@15761df8] output=<a href='E:\workspace\c2info_OrderBuk\src\main\java\c2info_OrderBuk_ScreenShots\Failure\verifyFooterModeOfPayment_2018_01_29_16_01_832.png' ><img src = 'E:\workspace\c2info_OrderBuk\src\main\java\c2info_OrderBuk_ScreenShots\Failure\verifyFooterModeOfPayment_2018_01_29_16_01_832.png' hieght='100' width='100' /></a>]]]>
              </value>
            </param>
          </params>
          <reporter-output>
          </reporter-output>
        </test-method> <!-- afterMethod -->
        <test-method status="PASS" signature="endTest()[pri:0, instance:c2info_OrderBuk_OrderSentToServerTCs.TC_008_VerifyFooterModeOfPayment@15761df8]" name="endTest" is-config="true" duration-ms="92" started-at="2018-01-29T16:01:19Z" finished-at="2018-01-29T16:01:19Z">
          <reporter-output>
          </reporter-output>
        </test-method> <!-- endTest -->
      </class> <!-- c2info_OrderBuk_OrderSentToServerTCs.TC_008_VerifyFooterModeOfPayment -->
      <class name="c2info_OrderBuk_ToBeVerifiedTCs.TC_005_VerifySubmitButtonInDigitizePage">
        <test-method status="PASS" signature="setup()[pri:0, instance:c2info_OrderBuk_ToBeVerifiedTCs.TC_005_VerifySubmitButtonInDigitizePage@55a561cf]" name="setup" is-config="true" duration-ms="12407" started-at="2018-01-29T15:43:32Z" finished-at="2018-01-29T15:43:44Z">
          <reporter-output>
          </reporter-output>
        </test-method> <!-- setup -->
        <test-method status="PASS" signature="verifySubmitButtonFunctionality()[pri:0, instance:c2info_OrderBuk_ToBeVerifiedTCs.TC_005_VerifySubmitButtonInDigitizePage@55a561cf]" name="verifySubmitButtonFunctionality" duration-ms="39374" started-at="2018-01-29T15:43:44Z" finished-at="2018-01-29T15:44:23Z">
          <reporter-output>
            <line>
              <![CDATA[<a href='E:\workspace\c2info_OrderBuk\src\main\java\c2info_OrderBuk_ScreenShots\Success\verifySubmitButtonFunctionality_2018_01_29_15_01_859.png' ><img src = 'E:\workspace\c2info_OrderBuk\src\main\java\c2info_OrderBuk_ScreenShots\Success\verifySubmitButtonFunctionality_2018_01_29_15_01_859.png' hieght='100' width='100' /></a>]]>
            </line>
          </reporter-output>
        </test-method> <!-- verifySubmitButtonFunctionality -->
        <test-method status="PASS" signature="beforeMethod(java.lang.reflect.Method)[pri:0, instance:c2info_OrderBuk_ToBeVerifiedTCs.TC_005_VerifySubmitButtonInDigitizePage@55a561cf]" name="beforeMethod" is-config="true" duration-ms="0" started-at="2018-01-29T15:43:44Z" finished-at="2018-01-29T15:43:44Z">
          <params>
            <param index="0">
              <value>
                <![CDATA[public void c2info_OrderBuk_ToBeVerifiedTCs.TC_005_VerifySubmitButtonInDigitizePage.verifySubmitButtonFunctionality() throws java.lang.InterruptedException]]>
              </value>
            </param>
          </params>
          <reporter-output>
          </reporter-output>
        </test-method> <!-- beforeMethod -->
        <test-method status="PASS" signature="afterMethod(org.testng.ITestResult)[pri:0, instance:c2info_OrderBuk_ToBeVerifiedTCs.TC_005_VerifySubmitButtonInDigitizePage@55a561cf]" name="afterMethod" is-config="true" duration-ms="0" started-at="2018-01-29T15:44:24Z" finished-at="2018-01-29T15:44:24Z">
          <params>
            <param index="0">
              <value>
                <![CDATA[[TestResult name=verifySubmitButtonFunctionality status=SUCCESS method=TC_005_VerifySubmitButtonInDigitizePage.verifySubmitButtonFunctionality()[pri:0, instance:c2info_OrderBuk_ToBeVerifiedTCs.TC_005_VerifySubmitButtonInDigitizePage@55a561cf] output=<a href='E:\workspace\c2info_OrderBuk\src\main\java\c2info_OrderBuk_ScreenShots\Success\verifySubmitButtonFunctionality_2018_01_29_15_01_859.png' ><img src = 'E:\workspace\c2info_OrderBuk\src\main\java\c2info_OrderBuk_ScreenShots\Success\verifySubmitButtonFunctionality_2018_01_29_15_01_859.png' hieght='100' width='100' /></a>]]]>
              </value>
            </param>
          </params>
          <reporter-output>
          </reporter-output>
        </test-method> <!-- afterMethod -->
        <test-method status="PASS" signature="endTest()[pri:0, instance:c2info_OrderBuk_ToBeVerifiedTCs.TC_005_VerifySubmitButtonInDigitizePage@55a561cf]" name="endTest" is-config="true" duration-ms="96" started-at="2018-01-29T15:44:24Z" finished-at="2018-01-29T15:44:24Z">
          <reporter-output>
          </reporter-output>
        </test-method> <!-- endTest -->
      </class> <!-- c2info_OrderBuk_ToBeVerifiedTCs.TC_005_VerifySubmitButtonInDigitizePage -->
      <class name="c2info_OrderBuk_OrderInvoicedTCs.TC_008_VerifyFooterModeOfDelivery">
        <test-method status="PASS" signature="setup()[pri:0, instance:c2info_OrderBuk_OrderInvoicedTCs.TC_008_VerifyFooterModeOfDelivery@3bd40a57]" name="setup" is-config="true" duration-ms="14265" started-at="2018-01-29T16:06:38Z" finished-at="2018-01-29T16:06:52Z">
          <reporter-output>
          </reporter-output>
        </test-method> <!-- setup -->
        <test-method status="PASS" signature="verifyFooterModeOfDelivery()[pri:0, instance:c2info_OrderBuk_OrderInvoicedTCs.TC_008_VerifyFooterModeOfDelivery@3bd40a57]" name="verifyFooterModeOfDelivery" duration-ms="12733" started-at="2018-01-29T16:06:52Z" finished-at="2018-01-29T16:07:05Z">
          <reporter-output>
            <line>
              <![CDATA[<a href='E:\workspace\c2info_OrderBuk\src\main\java\c2info_OrderBuk_ScreenShots\Success\verifyFooterModeOfDelivery_2018_01_29_16_01_466.png' ><img src = 'E:\workspace\c2info_OrderBuk\src\main\java\c2info_OrderBuk_ScreenShots\Success\verifyFooterModeOfDelivery_2018_01_29_16_01_466.png' hieght='100' width='100' /></a>]]>
            </line>
          </reporter-output>
        </test-method> <!-- verifyFooterModeOfDelivery -->
        <test-method status="PASS" signature="beforeMethod(java.lang.reflect.Method)[pri:0, instance:c2info_OrderBuk_OrderInvoicedTCs.TC_008_VerifyFooterModeOfDelivery@3bd40a57]" name="beforeMethod" is-config="true" duration-ms="0" started-at="2018-01-29T16:06:52Z" finished-at="2018-01-29T16:06:52Z">
          <params>
            <param index="0">
              <value>
                <![CDATA[public void c2info_OrderBuk_OrderInvoicedTCs.TC_008_VerifyFooterModeOfDelivery.verifyFooterModeOfDelivery() throws java.lang.InterruptedException]]>
              </value>
            </param>
          </params>
          <reporter-output>
          </reporter-output>
        </test-method> <!-- beforeMethod -->
        <test-method status="PASS" signature="endTest()[pri:0, instance:c2info_OrderBuk_OrderInvoicedTCs.TC_008_VerifyFooterModeOfDelivery@3bd40a57]" name="endTest" is-config="true" duration-ms="81" started-at="2018-01-29T16:07:05Z" finished-at="2018-01-29T16:07:05Z">
          <reporter-output>
          </reporter-output>
        </test-method> <!-- endTest -->
        <test-method status="PASS" signature="afterMethod(org.testng.ITestResult)[pri:0, instance:c2info_OrderBuk_OrderInvoicedTCs.TC_008_VerifyFooterModeOfDelivery@3bd40a57]" name="afterMethod" is-config="true" duration-ms="0" started-at="2018-01-29T16:07:05Z" finished-at="2018-01-29T16:07:05Z">
          <params>
            <param index="0">
              <value>
                <![CDATA[[TestResult name=verifyFooterModeOfDelivery status=SUCCESS method=TC_008_VerifyFooterModeOfDelivery.verifyFooterModeOfDelivery()[pri:0, instance:c2info_OrderBuk_OrderInvoicedTCs.TC_008_VerifyFooterModeOfDelivery@3bd40a57] output=<a href='E:\workspace\c2info_OrderBuk\src\main\java\c2info_OrderBuk_ScreenShots\Success\verifyFooterModeOfDelivery_2018_01_29_16_01_466.png' ><img src = 'E:\workspace\c2info_OrderBuk\src\main\java\c2info_OrderBuk_ScreenShots\Success\verifyFooterModeOfDelivery_2018_01_29_16_01_466.png' hieght='100' width='100' /></a>]]]>
              </value>
            </param>
          </params>
          <reporter-output>
          </reporter-output>
        </test-method> <!-- afterMethod -->
      </class> <!-- c2info_OrderBuk_OrderInvoicedTCs.TC_008_VerifyFooterModeOfDelivery -->
      <class name="c2info_OrderBuk_InTransitTCs.TC_006_VerifyGrandTotal">
        <test-method status="PASS" signature="setup()[pri:0, instance:c2info_OrderBuk_InTransitTCs.TC_006_VerifyGrandTotal@78047b92]" name="setup" is-config="true" duration-ms="12597" started-at="2018-01-29T16:10:38Z" finished-at="2018-01-29T16:10:51Z">
          <reporter-output>
          </reporter-output>
        </test-method> <!-- setup -->
        <test-method status="PASS" signature="beforeMethod(java.lang.reflect.Method)[pri:0, instance:c2info_OrderBuk_InTransitTCs.TC_006_VerifyGrandTotal@78047b92]" name="beforeMethod" is-config="true" duration-ms="0" started-at="2018-01-29T16:10:51Z" finished-at="2018-01-29T16:10:51Z">
          <params>
            <param index="0">
              <value>
                <![CDATA[public void c2info_OrderBuk_InTransitTCs.TC_006_VerifyGrandTotal.verifySumOfSubTotalsWithGrandSubTotal() throws java.lang.InterruptedException]]>
              </value>
            </param>
          </params>
          <reporter-output>
          </reporter-output>
        </test-method> <!-- beforeMethod -->
        <test-method status="FAIL" signature="verifySumOfSubTotalsWithGrandSubTotal()[pri:0, instance:c2info_OrderBuk_InTransitTCs.TC_006_VerifyGrandTotal@78047b92]" name="verifySumOfSubTotalsWithGrandSubTotal" duration-ms="12603" started-at="2018-01-29T16:10:51Z" finished-at="2018-01-29T16:11:03Z">
          <exception class="java.lang.NumberFormatException">
            <message>
              <![CDATA[For input string: "1,859.00"]]>
            </message>
            <full-stacktrace>
              <![CDATA[java.lang.NumberFormatException: For input string: "1,859.00"
	at sun.misc.FloatingDecimal.readJavaFormatString(FloatingDecimal.java:2043)
	at sun.misc.FloatingDecimal.parseDouble(FloatingDecimal.java:110)
	at java.lang.Double.parseDouble(Double.java:538)
	at c2info_OrderBuk_UIPages.OrderSentToServer.getDiscountValue(OrderSentToServer.java:216)
	at c2info_OrderBuk_InTransitTCs.TC_006_VerifyGrandTotal.verifySumOfSubTotalsWithGrandSubTotal(TC_006_VerifyGrandTotal.java:42)
	at sun.reflect.NativeMethodAccessorImpl.invoke0(Native Method)
	at sun.reflect.NativeMethodAccessorImpl.invoke(NativeMethodAccessorImpl.java:62)
	at sun.reflect.DelegatingMethodAccessorImpl.invoke(DelegatingMethodAccessorImpl.java:43)
	at java.lang.reflect.Method.invoke(Method.java:498)
	at org.testng.internal.MethodInvocationHelper.invokeMethod(MethodInvocationHelper.java:108)
	at org.testng.internal.Invoker.invokeMethod(Invoker.java:669)
	at org.testng.internal.Invoker.invokeTestMethod(Invoker.java:877)
	at org.testng.internal.Invoker.invokeTestMethods(Invoker.java:1201)
	at org.testng.internal.TestMethodWorker.invokeTestMethods(TestMethodWorker.java:125)
	at org.testng.internal.TestMethodWorker.run(TestMethodWorker.java:109)
	at org.testng.TestRunner.privateRun(TestRunner.java:776)
	at org.testng.TestRunner.run(TestRunner.java:634)
	at org.testng.SuiteRunner.runTest(SuiteRunner.java:425)
	at org.testng.SuiteRunner.runSequentially(SuiteRunner.java:420)
	at org.testng.SuiteRunner.privateRun(SuiteRunner.java:385)
	at org.testng.SuiteRunner.run(SuiteRunner.java:334)
	at org.testng.SuiteRunnerWorker.runSuite(SuiteRunnerWorker.java:52)
	at org.testng.SuiteRunnerWorker.run(SuiteRunnerWorker.java:86)
	at org.testng.TestNG.runSuitesSequentially(TestNG.java:1318)
	at org.testng.TestNG.runSuitesLocally(TestNG.java:1243)
	at org.testng.TestNG.runSuites(TestNG.java:1161)
	at org.testng.TestNG.run(TestNG.java:1129)
	at org.testng.remote.AbstractRemoteTestNG.run(AbstractRemoteTestNG.java:114)
	at org.testng.remote.RemoteTestNG.initAndRun(RemoteTestNG.java:251)
	at org.testng.remote.RemoteTestNG.main(RemoteTestNG.java:77)
]]>
            </full-stacktrace>
          </exception> <!-- java.lang.NumberFormatException -->
          <reporter-output>
            <line>
              <![CDATA[<a href='E:\workspace\c2info_OrderBuk\src\main\java\c2info_OrderBuk_ScreenShots\Failure\verifySumOfSubTotalsWithGrandSubTotal_2018_01_29_16_01_936.png' ><img src = 'E:\workspace\c2info_OrderBuk\src\main\java\c2info_OrderBuk_ScreenShots\Failure\verifySumOfSubTotalsWithGrandSubTotal_2018_01_29_16_01_936.png' hieght='100' width='100' /></a>]]>
            </line>
          </reporter-output>
        </test-method> <!-- verifySumOfSubTotalsWithGrandSubTotal -->
        <test-method status="PASS" signature="afterMethod(org.testng.ITestResult)[pri:0, instance:c2info_OrderBuk_InTransitTCs.TC_006_VerifyGrandTotal@78047b92]" name="afterMethod" is-config="true" duration-ms="232" started-at="2018-01-29T16:11:04Z" finished-at="2018-01-29T16:11:04Z">
          <params>
            <param index="0">
              <value>
                <![CDATA[[TestResult name=verifySumOfSubTotalsWithGrandSubTotal status=FAILURE method=TC_006_VerifyGrandTotal.verifySumOfSubTotalsWithGrandSubTotal()[pri:0, instance:c2info_OrderBuk_InTransitTCs.TC_006_VerifyGrandTotal@78047b92] output=<a href='E:\workspace\c2info_OrderBuk\src\main\java\c2info_OrderBuk_ScreenShots\Failure\verifySumOfSubTotalsWithGrandSubTotal_2018_01_29_16_01_936.png' ><img src = 'E:\workspace\c2info_OrderBuk\src\main\java\c2info_OrderBuk_ScreenShots\Failure\verifySumOfSubTotalsWithGrandSubTotal_2018_01_29_16_01_936.png' hieght='100' width='100' /></a>]]]>
              </value>
            </param>
          </params>
          <reporter-output>
          </reporter-output>
        </test-method> <!-- afterMethod -->
        <test-method status="PASS" signature="endTest()[pri:0, instance:c2info_OrderBuk_InTransitTCs.TC_006_VerifyGrandTotal@78047b92]" name="endTest" is-config="true" duration-ms="91" started-at="2018-01-29T16:11:04Z" finished-at="2018-01-29T16:11:04Z">
          <reporter-output>
          </reporter-output>
        </test-method> <!-- endTest -->
      </class> <!-- c2info_OrderBuk_InTransitTCs.TC_006_VerifyGrandTotal -->
      <class name="c2info_OrderBuk_DeliveredTCs.TC_006_VerifyGrandTotal">
        <test-method status="PASS" signature="setup()[pri:0, instance:c2info_OrderBuk_DeliveredTCs.TC_006_VerifyGrandTotal@527e5409]" name="setup" is-config="true" duration-ms="12933" started-at="2018-01-29T16:15:02Z" finished-at="2018-01-29T16:15:15Z">
          <reporter-output>
          </reporter-output>
        </test-method> <!-- setup -->
        <test-method status="PASS" signature="verifySumOfSubTotalsWithGrandSubTotal()[pri:0, instance:c2info_OrderBuk_DeliveredTCs.TC_006_VerifyGrandTotal@527e5409]" name="verifySumOfSubTotalsWithGrandSubTotal" duration-ms="13328" started-at="2018-01-29T16:15:15Z" finished-at="2018-01-29T16:15:29Z">
          <reporter-output>
            <line>
              <![CDATA[<a href='E:\workspace\c2info_OrderBuk\src\main\java\c2info_OrderBuk_ScreenShots\Success\verifySumOfSubTotalsWithGrandSubTotal_2018_01_29_16_01_15.png' ><img src = 'E:\workspace\c2info_OrderBuk\src\main\java\c2info_OrderBuk_ScreenShots\Success\verifySumOfSubTotalsWithGrandSubTotal_2018_01_29_16_01_15.png' hieght='100' width='100' /></a>]]>
            </line>
          </reporter-output>
        </test-method> <!-- verifySumOfSubTotalsWithGrandSubTotal -->
        <test-method status="PASS" signature="beforeMethod(java.lang.reflect.Method)[pri:0, instance:c2info_OrderBuk_DeliveredTCs.TC_006_VerifyGrandTotal@527e5409]" name="beforeMethod" is-config="true" duration-ms="0" started-at="2018-01-29T16:15:15Z" finished-at="2018-01-29T16:15:15Z">
          <params>
            <param index="0">
              <value>
                <![CDATA[public void c2info_OrderBuk_DeliveredTCs.TC_006_VerifyGrandTotal.verifySumOfSubTotalsWithGrandSubTotal() throws java.lang.InterruptedException]]>
              </value>
            </param>
          </params>
          <reporter-output>
          </reporter-output>
        </test-method> <!-- beforeMethod -->
        <test-method status="PASS" signature="afterMethod(org.testng.ITestResult)[pri:0, instance:c2info_OrderBuk_DeliveredTCs.TC_006_VerifyGrandTotal@527e5409]" name="afterMethod" is-config="true" duration-ms="1" started-at="2018-01-29T16:15:29Z" finished-at="2018-01-29T16:15:29Z">
          <params>
            <param index="0">
              <value>
                <![CDATA[[TestResult name=verifySumOfSubTotalsWithGrandSubTotal status=SUCCESS method=TC_006_VerifyGrandTotal.verifySumOfSubTotalsWithGrandSubTotal()[pri:0, instance:c2info_OrderBuk_DeliveredTCs.TC_006_VerifyGrandTotal@527e5409] output=<a href='E:\workspace\c2info_OrderBuk\src\main\java\c2info_OrderBuk_ScreenShots\Success\verifySumOfSubTotalsWithGrandSubTotal_2018_01_29_16_01_15.png' ><img src = 'E:\workspace\c2info_OrderBuk\src\main\java\c2info_OrderBuk_ScreenShots\Success\verifySumOfSubTotalsWithGrandSubTotal_2018_01_29_16_01_15.png' hieght='100' width='100' /></a>]]]>
              </value>
            </param>
          </params>
          <reporter-output>
          </reporter-output>
        </test-method> <!-- afterMethod -->
        <test-method status="PASS" signature="endTest()[pri:0, instance:c2info_OrderBuk_DeliveredTCs.TC_006_VerifyGrandTotal@527e5409]" name="endTest" is-config="true" duration-ms="137" started-at="2018-01-29T16:15:29Z" finished-at="2018-01-29T16:15:29Z">
          <reporter-output>
          </reporter-output>
        </test-method> <!-- endTest -->
      </class> <!-- c2info_OrderBuk_DeliveredTCs.TC_006_VerifyGrandTotal -->
    </test> <!-- Test -->
  </suite> <!-- Suite -->
</testng-results>
