<?xml version="1.0" encoding="UTF-8"?>
<testng-results skipped="0" failed="1" ignored="0" total="1" passed="0">
  <reporter-output>
  </reporter-output>
  <suite name="Default suite" duration-ms="33891" started-at="2018-01-22T11:46:26Z" finished-at="2018-01-22T11:47:00Z">
    <groups>
    </groups>
    <test name="Default test" duration-ms="33891" started-at="2018-01-22T11:46:26Z" finished-at="2018-01-22T11:47:00Z">
      <class name="c2info_OrderBuk_CustConfirmedveriPendingTCs.TC_010_VerifyNewItemRequestByAddingMultipleItems">
        <test-method status="PASS" signature="setup()[pri:0, instance:c2info_OrderBuk_CustConfirmedveriPendingTCs.TC_010_VerifyNewItemRequestByAddingMultipleItems@61009542]" name="setup" is-config="true" duration-ms="14617" started-at="2018-01-22T17:16:26Z" finished-at="2018-01-22T17:16:41Z">
          <reporter-output>
          </reporter-output>
        </test-method> <!-- setup -->
        <test-method status="PASS" signature="beforeMethod(java.lang.reflect.Method)[pri:0, instance:c2info_OrderBuk_CustConfirmedveriPendingTCs.TC_010_VerifyNewItemRequestByAddingMultipleItems@61009542]" name="beforeMethod" is-config="true" duration-ms="3" started-at="2018-01-22T17:16:41Z" finished-at="2018-01-22T17:16:41Z">
          <params>
            <param index="0">
              <value>
                <![CDATA[public void c2info_OrderBuk_CustConfirmedveriPendingTCs.TC_010_VerifyNewItemRequestByAddingMultipleItems.verifyByAddingMultipleItems() throws java.lang.InterruptedException]]>
              </value>
            </param>
          </params>
          <reporter-output>
          </reporter-output>
        </test-method> <!-- beforeMethod -->
        <test-method status="FAIL" signature="verifyByAddingMultipleItems()[pri:0, instance:c2info_OrderBuk_CustConfirmedveriPendingTCs.TC_010_VerifyNewItemRequestByAddingMultipleItems@61009542]" name="verifyByAddingMultipleItems" duration-ms="18953" started-at="2018-01-22T17:16:41Z" finished-at="2018-01-22T17:17:00Z">
          <exception class="org.openqa.selenium.WebDriverException">
            <message>
              <![CDATA[unknown error: Element <button type="submit" id="btnsubmit" class="btn btn-success btn-sm btn-rounded" name="login-button" onclick="return check()">...</button> is not clickable at point (453, 446). Other element would receive the click: <div class="modal fade in" id="add-item" role="dialog" tabindex="-1" style="display: block; padding-right: 16px;">...</div>
  (Session info: chrome=63.0.3239.132)
  (Driver info: chromedriver=2.32.498550 (9dec58e66c31bcc53a9ce3c7226f0c1c5810906a),platform=Windows NT 10.0.16299 x86_64) (WARNING: The server did not provide any stacktrace information)
Command duration or timeout: 87 milliseconds
Build info: version: '2.53.1', revision: 'a36b8b1cd5757287168e54b817830adce9b0158d', time: '2016-06-30 19:26:09'
System info: host: 'ChethanBidare-pc', ip: '172.16.18.225', os.name: 'Windows 10', os.arch: 'amd64', os.version: '10.0', java.version: '1.8.0_144'
Driver info: org.openqa.selenium.chrome.ChromeDriver
Capabilities [{applicationCacheEnabled=false, rotatable=false, mobileEmulationEnabled=false, networkConnectionEnabled=false, chrome={chromedriverVersion=2.32.498550 (9dec58e66c31bcc53a9ce3c7226f0c1c5810906a), userDataDir=C:\Users\User1\AppData\Local\Temp\scoped_dir6376_6013}, takesHeapSnapshot=true, pageLoadStrategy=normal, databaseEnabled=false, handlesAlerts=true, hasTouchScreen=false, version=63.0.3239.132, platform=XP, browserConnectionEnabled=false, nativeEvents=true, acceptSslCerts=true, locationContextEnabled=true, webStorageEnabled=true, browserName=chrome, takesScreenshot=true, javascriptEnabled=true, cssSelectorsEnabled=true, setWindowRect=true, unexpectedAlertBehaviour=}]
Session ID: 890fad951d613e04ae8e0aef0605c8b4]]>
            </message>
            <full-stacktrace>
              <![CDATA[org.openqa.selenium.WebDriverException: unknown error: Element <button type="submit" id="btnsubmit" class="btn btn-success btn-sm btn-rounded" name="login-button" onclick="return check()">...</button> is not clickable at point (453, 446). Other element would receive the click: <div class="modal fade in" id="add-item" role="dialog" tabindex="-1" style="display: block; padding-right: 16px;">...</div>
  (Session info: chrome=63.0.3239.132)
  (Driver info: chromedriver=2.32.498550 (9dec58e66c31bcc53a9ce3c7226f0c1c5810906a),platform=Windows NT 10.0.16299 x86_64) (WARNING: The server did not provide any stacktrace information)
Command duration or timeout: 87 milliseconds
Build info: version: '2.53.1', revision: 'a36b8b1cd5757287168e54b817830adce9b0158d', time: '2016-06-30 19:26:09'
System info: host: 'ChethanBidare-pc', ip: '172.16.18.225', os.name: 'Windows 10', os.arch: 'amd64', os.version: '10.0', java.version: '1.8.0_144'
Driver info: org.openqa.selenium.chrome.ChromeDriver
Capabilities [{applicationCacheEnabled=false, rotatable=false, mobileEmulationEnabled=false, networkConnectionEnabled=false, chrome={chromedriverVersion=2.32.498550 (9dec58e66c31bcc53a9ce3c7226f0c1c5810906a), userDataDir=C:\Users\User1\AppData\Local\Temp\scoped_dir6376_6013}, takesHeapSnapshot=true, pageLoadStrategy=normal, databaseEnabled=false, handlesAlerts=true, hasTouchScreen=false, version=63.0.3239.132, platform=XP, browserConnectionEnabled=false, nativeEvents=true, acceptSslCerts=true, locationContextEnabled=true, webStorageEnabled=true, browserName=chrome, takesScreenshot=true, javascriptEnabled=true, cssSelectorsEnabled=true, setWindowRect=true, unexpectedAlertBehaviour=}]
Session ID: 890fad951d613e04ae8e0aef0605c8b4
	at sun.reflect.NativeConstructorAccessorImpl.newInstance0(Native Method)
	at sun.reflect.NativeConstructorAccessorImpl.newInstance(NativeConstructorAccessorImpl.java:62)
	at sun.reflect.DelegatingConstructorAccessorImpl.newInstance(DelegatingConstructorAccessorImpl.java:45)
	at java.lang.reflect.Constructor.newInstance(Constructor.java:423)
	at org.openqa.selenium.remote.ErrorHandler.createThrowable(ErrorHandler.java:206)
	at org.openqa.selenium.remote.ErrorHandler.throwIfResponseFailed(ErrorHandler.java:158)
	at org.openqa.selenium.remote.RemoteWebDriver.execute(RemoteWebDriver.java:678)
	at org.openqa.selenium.remote.RemoteWebElement.execute(RemoteWebElement.java:327)
	at org.openqa.selenium.remote.RemoteWebElement.click(RemoteWebElement.java:85)
	at sun.reflect.NativeMethodAccessorImpl.invoke0(Native Method)
	at sun.reflect.NativeMethodAccessorImpl.invoke(NativeMethodAccessorImpl.java:62)
	at sun.reflect.DelegatingMethodAccessorImpl.invoke(DelegatingMethodAccessorImpl.java:43)
	at java.lang.reflect.Method.invoke(Method.java:498)
	at org.openqa.selenium.support.pagefactory.internal.LocatingElementHandler.invoke(LocatingElementHandler.java:51)
	at com.sun.proxy.$Proxy9.click(Unknown Source)
	at c2info_OrderBuk_UIPages.DigitizePage.clickOnSubmit(DigitizePage.java:161)
	at c2info_OrderBuk_CustConfirmedveriPendingTCs.TC_010_VerifyNewItemRequestByAddingMultipleItems.verifyByAddingMultipleItems(TC_010_VerifyNewItemRequestByAddingMultipleItems.java:46)
	at sun.reflect.NativeMethodAccessorImpl.invoke0(Native Method)
	at sun.reflect.NativeMethodAccessorImpl.invoke(NativeMethodAccessorImpl.java:62)
	at sun.reflect.DelegatingMethodAccessorImpl.invoke(DelegatingMethodAccessorImpl.java:43)
	at java.lang.reflect.Method.invoke(Method.java:498)
	at org.testng.internal.MethodInvocationHelper.invokeMethod(MethodInvocationHelper.java:108)
	at org.testng.internal.Invoker.invokeMethod(Invoker.java:669)
	at org.testng.internal.Invoker.invokeTestMethod(Invoker.java:877)
	at org.testng.internal.Invoker.invokeTestMethods(Invoker.java:1201)
	at org.testng.internal.TestMethodWorker.invokeTestMethods(TestMethodWorker.java:125)
	at org.testng.internal.TestMethodWorker.run(TestMethodWorker.java:109)
	at org.testng.TestRunner.privateRun(TestRunner.java:776)
	at org.testng.TestRunner.run(TestRunner.java:634)
	at org.testng.SuiteRunner.runTest(SuiteRunner.java:425)
	at org.testng.SuiteRunner.runSequentially(SuiteRunner.java:420)
	at org.testng.SuiteRunner.privateRun(SuiteRunner.java:385)
	at org.testng.SuiteRunner.run(SuiteRunner.java:334)
	at org.testng.SuiteRunnerWorker.runSuite(SuiteRunnerWorker.java:52)
	at org.testng.SuiteRunnerWorker.run(SuiteRunnerWorker.java:86)
	at org.testng.TestNG.runSuitesSequentially(TestNG.java:1318)
	at org.testng.TestNG.runSuitesLocally(TestNG.java:1243)
	at org.testng.TestNG.runSuites(TestNG.java:1161)
	at org.testng.TestNG.run(TestNG.java:1129)
	at org.testng.remote.AbstractRemoteTestNG.run(AbstractRemoteTestNG.java:114)
	at org.testng.remote.RemoteTestNG.initAndRun(RemoteTestNG.java:251)
	at org.testng.remote.RemoteTestNG.main(RemoteTestNG.java:77)
]]>
            </full-stacktrace>
          </exception> <!-- org.openqa.selenium.WebDriverException -->
          <reporter-output>
          </reporter-output>
        </test-method> <!-- verifyByAddingMultipleItems -->
        <test-method status="PASS" signature="endTest()[pri:0, instance:c2info_OrderBuk_CustConfirmedveriPendingTCs.TC_010_VerifyNewItemRequestByAddingMultipleItems@61009542]" name="endTest" is-config="true" duration-ms="302" started-at="2018-01-22T17:17:00Z" finished-at="2018-01-22T17:17:00Z">
          <reporter-output>
          </reporter-output>
        </test-method> <!-- endTest -->
        <test-method status="PASS" signature="afterMethod(org.testng.ITestResult)[pri:0, instance:c2info_OrderBuk_CustConfirmedveriPendingTCs.TC_010_VerifyNewItemRequestByAddingMultipleItems@61009542]" name="afterMethod" is-config="true" duration-ms="0" started-at="2018-01-22T17:17:00Z" finished-at="2018-01-22T17:17:00Z">
          <params>
            <param index="0">
              <value>
                <![CDATA[[TestResult name=verifyByAddingMultipleItems status=FAILURE method=TC_010_VerifyNewItemRequestByAddingMultipleItems.verifyByAddingMultipleItems()[pri:0, instance:c2info_OrderBuk_CustConfirmedveriPendingTCs.TC_010_VerifyNewItemRequestByAddingMultipleItems@61009542] output={null}]]]>
              </value>
            </param>
          </params>
          <reporter-output>
          </reporter-output>
        </test-method> <!-- afterMethod -->
      </class> <!-- c2info_OrderBuk_CustConfirmedveriPendingTCs.TC_010_VerifyNewItemRequestByAddingMultipleItems -->
    </test> <!-- Default test -->
  </suite> <!-- Default suite -->
</testng-results>
