<?xml version="1.0" encoding="UTF-8"?>
<testng-results skipped="0" failed="0" total="1" passed="1">
  <reporter-output>
  </reporter-output>
  <suite name="Default suite" duration-ms="129918" started-at="2018-01-25T08:04:48Z" finished-at="2018-01-25T08:06:58Z">
    <groups>
    </groups>
    <test name="Default test" duration-ms="129918" started-at="2018-01-25T08:04:48Z" finished-at="2018-01-25T08:06:58Z">
      <class name="c2info_OrderBuk_OrderSentToServerTCs.TC_010_VerifyDownloadPDFButton">
        <test-method status="PASS" signature="setup()[pri:0, instance:c2info_OrderBuk_OrderSentToServerTCs.TC_010_VerifyDownloadPDFButton@176d53b2]" name="setup" is-config="true" duration-ms="36815" started-at="2018-01-25T13:34:48Z" finished-at="2018-01-25T13:35:24Z">
          <reporter-output>
          </reporter-output>
        </test-method> <!-- setup -->
        <test-method status="PASS" signature="beforeMethod(java.lang.reflect.Method)[pri:0, instance:c2info_OrderBuk_OrderSentToServerTCs.TC_010_VerifyDownloadPDFButton@176d53b2]" name="beforeMethod" is-config="true" duration-ms="13" started-at="2018-01-25T13:35:24Z" finished-at="2018-01-25T13:35:24Z">
          <params>
            <param index="0">
              <value>
                <![CDATA[public void c2info_OrderBuk_OrderSentToServerTCs.TC_010_VerifyDownloadPDFButton.verifyDownloadButton() throws java.lang.InterruptedException]]>
              </value>
            </param>
          </params>
          <reporter-output>
          </reporter-output>
        </test-method> <!-- beforeMethod -->
        <test-method status="PASS" signature="verifyDownloadButton()[pri:0, instance:c2info_OrderBuk_OrderSentToServerTCs.TC_010_VerifyDownloadPDFButton@176d53b2]" name="verifyDownloadButton" duration-ms="90047" started-at="2018-01-25T13:35:24Z" finished-at="2018-01-25T13:36:55Z">
          <reporter-output>
          </reporter-output>
        </test-method> <!-- verifyDownloadButton -->
        <test-method status="PASS" signature="afterMethod(org.testng.ITestResult)[pri:0, instance:c2info_OrderBuk_OrderSentToServerTCs.TC_010_VerifyDownloadPDFButton@176d53b2]" name="afterMethod" is-config="true" duration-ms="1" started-at="2018-01-25T13:36:55Z" finished-at="2018-01-25T13:36:55Z">
          <params>
            <param index="0">
              <value>
                <![CDATA[[TestResult name=verifyDownloadButton status=SUCCESS method=TC_010_VerifyDownloadPDFButton.verifyDownloadButton()[pri:0, instance:c2info_OrderBuk_OrderSentToServerTCs.TC_010_VerifyDownloadPDFButton@176d53b2] output={null}]]]>
              </value>
            </param>
          </params>
          <reporter-output>
          </reporter-output>
        </test-method> <!-- afterMethod -->
        <test-method status="PASS" signature="endTest()[pri:0, instance:c2info_OrderBuk_OrderSentToServerTCs.TC_010_VerifyDownloadPDFButton@176d53b2]" name="endTest" is-config="true" duration-ms="2990" started-at="2018-01-25T13:36:55Z" finished-at="2018-01-25T13:36:58Z">
          <reporter-output>
          </reporter-output>
        </test-method> <!-- endTest -->
      </class> <!-- c2info_OrderBuk_OrderSentToServerTCs.TC_010_VerifyDownloadPDFButton -->
    </test> <!-- Default test -->
  </suite> <!-- Default suite -->
</testng-results>
