<?xml version="1.0" encoding="UTF-8"?>
<testng-results skipped="0" failed="0" ignored="0" total="1" passed="1">
  <reporter-output>
  </reporter-output>
  <suite name="Default suite" duration-ms="65129" started-at="2018-01-10T04:37:02Z" finished-at="2018-01-10T04:38:07Z">
    <groups>
    </groups>
    <test name="Default test" duration-ms="65129" started-at="2018-01-10T04:37:02Z" finished-at="2018-01-10T04:38:07Z">
      <class name="c2info_OrderBuk_ToBeVerifiedTCs.TC_005_VerifySubmitButtonInDigitizePage">
        <test-method status="PASS" signature="setup()[pri:0, instance:c2info_OrderBuk_ToBeVerifiedTCs.TC_005_VerifySubmitButtonInDigitizePage@61009542]" name="setup" is-config="true" duration-ms="17133" started-at="2018-01-10T10:07:02Z" finished-at="2018-01-10T10:07:19Z">
          <reporter-output>
          </reporter-output>
        </test-method> <!-- setup -->
        <test-method status="PASS" signature="beforeMethod(java.lang.reflect.Method)[pri:0, instance:c2info_OrderBuk_ToBeVerifiedTCs.TC_005_VerifySubmitButtonInDigitizePage@61009542]" name="beforeMethod" is-config="true" duration-ms="3" started-at="2018-01-10T10:07:19Z" finished-at="2018-01-10T10:07:19Z">
          <params>
            <param index="0">
              <value>
                <![CDATA[public void c2info_OrderBuk_ToBeVerifiedTCs.TC_005_VerifySubmitButtonInDigitizePage.verifySubmitButtonFunctionality() throws java.lang.InterruptedException]]>
              </value>
            </param>
          </params>
          <reporter-output>
          </reporter-output>
        </test-method> <!-- beforeMethod -->
        <test-method status="PASS" signature="verifySubmitButtonFunctionality()[pri:0, instance:c2info_OrderBuk_ToBeVerifiedTCs.TC_005_VerifySubmitButtonInDigitizePage@61009542]" name="verifySubmitButtonFunctionality" duration-ms="47511" started-at="2018-01-10T10:07:19Z" finished-at="2018-01-10T10:08:06Z">
          <reporter-output>
          </reporter-output>
        </test-method> <!-- verifySubmitButtonFunctionality -->
        <test-method status="PASS" signature="endTest()[pri:0, instance:c2info_OrderBuk_ToBeVerifiedTCs.TC_005_VerifySubmitButtonInDigitizePage@61009542]" name="endTest" is-config="true" duration-ms="467" started-at="2018-01-10T10:08:06Z" finished-at="2018-01-10T10:08:07Z">
          <reporter-output>
          </reporter-output>
        </test-method> <!-- endTest -->
        <test-method status="PASS" signature="afterMethod(org.testng.ITestResult)[pri:0, instance:c2info_OrderBuk_ToBeVerifiedTCs.TC_005_VerifySubmitButtonInDigitizePage@61009542]" name="afterMethod" is-config="true" duration-ms="0" started-at="2018-01-10T10:08:06Z" finished-at="2018-01-10T10:08:06Z">
          <params>
            <param index="0">
              <value>
                <![CDATA[[TestResult name=verifySubmitButtonFunctionality status=SUCCESS method=TC_005_VerifySubmitButtonInDigitizePage.verifySubmitButtonFunctionality()[pri:0, instance:c2info_OrderBuk_ToBeVerifiedTCs.TC_005_VerifySubmitButtonInDigitizePage@61009542] output={null}]]]>
              </value>
            </param>
          </params>
          <reporter-output>
          </reporter-output>
        </test-method> <!-- afterMethod -->
      </class> <!-- c2info_OrderBuk_ToBeVerifiedTCs.TC_005_VerifySubmitButtonInDigitizePage -->
    </test> <!-- Default test -->
  </suite> <!-- Default suite -->
</testng-results>
