<?xml version="1.0" encoding="UTF-8"?>
<testng-results skipped="0" failed="0" ignored="0" total="2" passed="2">
  <reporter-output>
  </reporter-output>
  <suite name="Default suite" duration-ms="53820" started-at="2018-01-23T07:16:59Z" finished-at="2018-01-23T07:17:53Z">
    <groups>
    </groups>
    <test name="Default test" duration-ms="53820" started-at="2018-01-23T07:16:59Z" finished-at="2018-01-23T07:17:53Z">
      <class name="c2info_OrderBuk_NewItemPutOnHoldTCs.TC_005_VerifyOrderClosedButton">
        <test-method status="PASS" signature="setup()[pri:0, instance:c2info_OrderBuk_NewItemPutOnHoldTCs.TC_005_VerifyOrderClosedButton@61009542]" name="setup" is-config="true" duration-ms="13852" started-at="2018-01-23T12:47:00Z" finished-at="2018-01-23T12:47:13Z">
          <reporter-output>
          </reporter-output>
        </test-method> <!-- setup -->
        <test-method status="PASS" signature="beforeMethod(java.lang.reflect.Method)[pri:0, instance:c2info_OrderBuk_NewItemPutOnHoldTCs.TC_005_VerifyOrderClosedButton@61009542]" name="beforeMethod" is-config="true" duration-ms="3" started-at="2018-01-23T12:47:13Z" finished-at="2018-01-23T12:47:13Z">
          <params>
            <param index="0">
              <value>
                <![CDATA[public void c2info_OrderBuk_NewItemPutOnHoldTCs.TC_005_VerifyOrderClosedButton.verifyOrderClosedButtonFunctionality() throws java.lang.InterruptedException]]>
              </value>
            </param>
          </params>
          <reporter-output>
          </reporter-output>
        </test-method> <!-- beforeMethod -->
        <test-method status="PASS" signature="verifyOrderClosedButtonFunctionality()[pri:0, instance:c2info_OrderBuk_NewItemPutOnHoldTCs.TC_005_VerifyOrderClosedButton@61009542]" name="verifyOrderClosedButtonFunctionality" duration-ms="22097" started-at="2018-01-23T12:47:13Z" finished-at="2018-01-23T12:47:35Z">
          <reporter-output>
          </reporter-output>
        </test-method> <!-- verifyOrderClosedButtonFunctionality -->
        <test-method status="PASS" signature="afterMethod(org.testng.ITestResult)[pri:0, instance:c2info_OrderBuk_NewItemPutOnHoldTCs.TC_005_VerifyOrderClosedButton@61009542]" name="afterMethod" is-config="true" duration-ms="1" started-at="2018-01-23T12:47:35Z" finished-at="2018-01-23T12:47:35Z">
          <params>
            <param index="0">
              <value>
                <![CDATA[[TestResult name=verifyOrderClosedButtonFunctionality status=SUCCESS method=TC_005_VerifyOrderClosedButton.verifyOrderClosedButtonFunctionality()[pri:0, instance:c2info_OrderBuk_NewItemPutOnHoldTCs.TC_005_VerifyOrderClosedButton@61009542] output={null}]]]>
              </value>
            </param>
          </params>
          <reporter-output>
          </reporter-output>
        </test-method> <!-- afterMethod -->
        <test-method status="PASS" signature="verifyOrderClosedButtonMsg()[pri:1, instance:c2info_OrderBuk_NewItemPutOnHoldTCs.TC_005_VerifyOrderClosedButton@61009542]" name="verifyOrderClosedButtonMsg" duration-ms="17514" started-at="2018-01-23T12:47:35Z" finished-at="2018-01-23T12:47:53Z">
          <reporter-output>
          </reporter-output>
        </test-method> <!-- verifyOrderClosedButtonMsg -->
        <test-method status="PASS" signature="beforeMethod(java.lang.reflect.Method)[pri:0, instance:c2info_OrderBuk_NewItemPutOnHoldTCs.TC_005_VerifyOrderClosedButton@61009542]" name="beforeMethod" is-config="true" duration-ms="0" started-at="2018-01-23T12:47:35Z" finished-at="2018-01-23T12:47:35Z">
          <params>
            <param index="0">
              <value>
                <![CDATA[public void c2info_OrderBuk_NewItemPutOnHoldTCs.TC_005_VerifyOrderClosedButton.verifyOrderClosedButtonMsg() throws java.lang.InterruptedException]]>
              </value>
            </param>
          </params>
          <reporter-output>
          </reporter-output>
        </test-method> <!-- beforeMethod -->
        <test-method status="PASS" signature="afterMethod(org.testng.ITestResult)[pri:0, instance:c2info_OrderBuk_NewItemPutOnHoldTCs.TC_005_VerifyOrderClosedButton@61009542]" name="afterMethod" is-config="true" duration-ms="1" started-at="2018-01-23T12:47:53Z" finished-at="2018-01-23T12:47:53Z">
          <params>
            <param index="0">
              <value>
                <![CDATA[[TestResult name=verifyOrderClosedButtonMsg status=SUCCESS method=TC_005_VerifyOrderClosedButton.verifyOrderClosedButtonMsg()[pri:1, instance:c2info_OrderBuk_NewItemPutOnHoldTCs.TC_005_VerifyOrderClosedButton@61009542] output={null}]]]>
              </value>
            </param>
          </params>
          <reporter-output>
          </reporter-output>
        </test-method> <!-- afterMethod -->
        <test-method status="PASS" signature="endTest()[pri:0, instance:c2info_OrderBuk_NewItemPutOnHoldTCs.TC_005_VerifyOrderClosedButton@61009542]" name="endTest" is-config="true" duration-ms="332" started-at="2018-01-23T12:47:53Z" finished-at="2018-01-23T12:47:53Z">
          <reporter-output>
          </reporter-output>
        </test-method> <!-- endTest -->
      </class> <!-- c2info_OrderBuk_NewItemPutOnHoldTCs.TC_005_VerifyOrderClosedButton -->
    </test> <!-- Default test -->
  </suite> <!-- Default suite -->
</testng-results>
